[2021-10-06 13:38:51.672] [exthost] [info] extension host started
[2021-10-06 13:38:51.672] [exthost] [info] Skipping acquiring lock for /home/cheyenne/.config/Code/User/workspaceStorage/4af20d9decd547b8bf884afee341fac6.
[2021-10-06 13:38:51.737] [exthost] [info] ExtensionService#_doActivateExtension vscode.microsoft-authentication {"startup":false,"extensionId":{"value":"vscode.microsoft-authentication","_lower":"vscode.microsoft-authentication"},"activationEvent":"onAuthenticationRequest:microsoft"}
[2021-10-06 13:38:51.737] [exthost] [info] ExtensionService#loadCommonJSModule file:///snap/code/75/usr/share/code/resources/app/extensions/microsoft-authentication/dist/extension.js
[2021-10-06 13:38:51.742] [exthost] [info] ExtensionService#_doActivateExtension vscode.configuration-editing {"startup":false,"extensionId":{"value":"vscode.configuration-editing","_lower":"vscode.configuration-editing"},"activationEvent":"onLanguage:jsonc"}
[2021-10-06 13:38:51.742] [exthost] [info] ExtensionService#loadCommonJSModule file:///snap/code/75/usr/share/code/resources/app/extensions/configuration-editing/dist/configurationEditingMain
[2021-10-06 13:38:51.744] [exthost] [info] ExtensionService#_doActivateExtension vscode.json-language-features {"startup":false,"extensionId":{"value":"vscode.json-language-features","_lower":"vscode.json-language-features"},"activationEvent":"onLanguage:jsonc"}
[2021-10-06 13:38:51.744] [exthost] [info] ExtensionService#loadCommonJSModule file:///snap/code/75/usr/share/code/resources/app/extensions/json-language-features/client/dist/node/jsonClientMain
[2021-10-06 13:38:51.754] [exthost] [info] ExtensionService#_doActivateExtension vscode.typescript-language-features {"startup":false,"extensionId":{"value":"vscode.typescript-language-features","_lower":"vscode.typescript-language-features"},"activationEvent":"onLanguage:jsonc"}
[2021-10-06 13:38:51.754] [exthost] [info] ExtensionService#loadCommonJSModule file:///snap/code/75/usr/share/code/resources/app/extensions/typescript-language-features/dist/extension
[2021-10-06 13:38:51.761] [exthost] [info] ExtensionService#_doActivateExtension vscode.debug-auto-launch {"startup":true,"extensionId":{"value":"vscode.debug-auto-launch","_lower":"vscode.debug-auto-launch"},"activationEvent":"*"}
[2021-10-06 13:38:51.761] [exthost] [info] ExtensionService#loadCommonJSModule file:///snap/code/75/usr/share/code/resources/app/extensions/debug-auto-launch/dist/extension
[2021-10-06 13:38:51.762] [exthost] [info] ExtensionService#_doActivateExtension vscode.git {"startup":true,"extensionId":{"value":"vscode.github","_lower":"vscode.github"},"activationEvent":"*"}
[2021-10-06 13:38:51.762] [exthost] [info] ExtensionService#loadCommonJSModule file:///snap/code/75/usr/share/code/resources/app/extensions/git/dist/main
[2021-10-06 13:38:51.833] [exthost] [info] ExtensionService#_doActivateExtension vscode.github {"startup":true,"extensionId":{"value":"vscode.github","_lower":"vscode.github"},"activationEvent":"*"}
[2021-10-06 13:38:51.833] [exthost] [info] ExtensionService#loadCommonJSModule file:///snap/code/75/usr/share/code/resources/app/extensions/github/dist/extension.js
[2021-10-06 13:38:51.873] [exthost] [info] ExtensionService#_doActivateExtension ms-vscode.js-debug {"startup":false,"extensionId":{"value":"ms-vscode.js-debug","_lower":"ms-vscode.js-debug"},"activationEvent":"onCommand:extension.js-debug.clearAutoAttachVariables"}
[2021-10-06 13:38:51.873] [exthost] [info] ExtensionService#loadCommonJSModule file:///snap/code/75/usr/share/code/resources/app/extensions/ms-vscode.js-debug/src/extension.js
[2021-10-06 13:38:51.933] [exthost] [info] eager extensions activated
[2021-10-06 13:38:51.971] [exthost] [info] ExtensionService#_doActivateExtension vscode.emmet {"startup":false,"extensionId":{"value":"vscode.emmet","_lower":"vscode.emmet"},"activationEvent":"onStartupFinished"}
[2021-10-06 13:38:51.972] [exthost] [info] ExtensionService#loadCommonJSModule file:///snap/code/75/usr/share/code/resources/app/extensions/emmet/dist/node/emmetNodeMain
[2021-10-06 13:38:51.977] [exthost] [info] ExtensionService#_doActivateExtension vscode.merge-conflict {"startup":false,"extensionId":{"value":"vscode.merge-conflict","_lower":"vscode.merge-conflict"},"activationEvent":"onStartupFinished"}
[2021-10-06 13:38:51.977] [exthost] [info] ExtensionService#loadCommonJSModule file:///snap/code/75/usr/share/code/resources/app/extensions/merge-conflict/dist/mergeConflictMain
[2021-10-06 13:38:52.024] [exthost] [info] ExtensionService#_doActivateExtension vscode.github-authentication {"startup":false,"extensionId":{"value":"vscode.github-authentication","_lower":"vscode.github-authentication"},"activationEvent":"onAuthenticationRequest:github"}
[2021-10-06 13:38:52.024] [exthost] [info] ExtensionService#loadCommonJSModule file:///snap/code/75/usr/share/code/resources/app/extensions/github-authentication/dist/extension.js
[2021-10-06 13:39:02.476] [exthost] [info] ExtensionService#_doActivateExtension vscode.debug-server-ready {"startup":false,"extensionId":{"value":"vscode.debug-server-ready","_lower":"vscode.debug-server-ready"},"activationEvent":"onDebugResolve"}
[2021-10-06 13:39:02.476] [exthost] [info] ExtensionService#loadCommonJSModule file:///snap/code/75/usr/share/code/resources/app/extensions/debug-server-ready/dist/extension
[2021-10-06 13:44:38.007] [exthost] [info] ExtensionService#_doActivateExtension vscode.html-language-features {"startup":false,"extensionId":{"value":"vscode.html-language-features","_lower":"vscode.html-language-features"},"activationEvent":"onLanguage:html"}
[2021-10-06 13:44:38.007] [exthost] [info] ExtensionService#loadCommonJSModule file:///snap/code/75/usr/share/code/resources/app/extensions/html-language-features/client/dist/node/htmlClientMain
[2021-10-06 13:44:40.726] [exthost] [info] ExtensionService#_doActivateExtension vscode.css-language-features {"startup":false,"extensionId":{"value":"vscode.css-language-features","_lower":"vscode.css-language-features"},"activationEvent":"onLanguage:css"}
[2021-10-06 13:44:40.726] [exthost] [info] ExtensionService#loadCommonJSModule file:///snap/code/75/usr/share/code/resources/app/extensions/css-language-features/client/dist/node/cssClientMain
[2021-10-06 13:51:04.859] [exthost] [info] extension host terminating: renderer closed the socket
[2021-10-06 13:51:05.878] [exthost] [info] exiting with code 0
