[2021-10-19 08:15:16.136] [exthost] [info] extension host started
[2021-10-19 08:15:16.171] [exthost] [info] ExtensionService#_doActivateExtension vscode.microsoft-authentication, startup: false, activationEvent: 'onAuthenticationRequest:microsoft'
[2021-10-19 08:15:16.171] [exthost] [info] ExtensionService#loadCommonJSModule file:///snap/code/76/usr/share/code/resources/app/extensions/microsoft-authentication/dist/extension.js
[2021-10-19 08:15:16.177] [exthost] [info] ExtensionService#_doActivateExtension vscode.debug-auto-launch, startup: true, activationEvent: '*'
[2021-10-19 08:15:16.177] [exthost] [info] ExtensionService#loadCommonJSModule file:///snap/code/76/usr/share/code/resources/app/extensions/debug-auto-launch/dist/extension
[2021-10-19 08:15:16.178] [exthost] [info] ExtensionService#_doActivateExtension vscode.git, startup: true, activationEvent: '*', root cause: vscode.github
[2021-10-19 08:15:16.178] [exthost] [info] ExtensionService#loadCommonJSModule file:///snap/code/76/usr/share/code/resources/app/extensions/git/dist/main
[2021-10-19 08:15:16.295] [exthost] [info] ExtensionService#_doActivateExtension vscode.github, startup: true, activationEvent: '*'
[2021-10-19 08:15:16.295] [exthost] [info] ExtensionService#loadCommonJSModule file:///snap/code/76/usr/share/code/resources/app/extensions/github/dist/extension.js
[2021-10-19 08:15:16.311] [exthost] [info] ExtensionService#_doActivateExtension ms-vscode.js-debug, startup: false, activationEvent: 'onCommand:extension.js-debug.clearAutoAttachVariables'
[2021-10-19 08:15:16.311] [exthost] [info] ExtensionService#loadCommonJSModule file:///snap/code/76/usr/share/code/resources/app/extensions/ms-vscode.js-debug/src/extension.js
[2021-10-19 08:15:16.363] [exthost] [info] eager extensions activated
[2021-10-19 08:15:16.369] [exthost] [info] ExtensionService#_doActivateExtension vscode.emmet, startup: false, activationEvent: 'onStartupFinished'
[2021-10-19 08:15:16.369] [exthost] [info] ExtensionService#loadCommonJSModule file:///snap/code/76/usr/share/code/resources/app/extensions/emmet/dist/node/emmetNodeMain
[2021-10-19 08:15:16.372] [exthost] [info] ExtensionService#_doActivateExtension vscode.merge-conflict, startup: false, activationEvent: 'onStartupFinished'
[2021-10-19 08:15:16.372] [exthost] [info] ExtensionService#loadCommonJSModule file:///snap/code/76/usr/share/code/resources/app/extensions/merge-conflict/dist/mergeConflictMain
[2021-10-19 08:15:16.399] [exthost] [info] ExtensionService#_doActivateExtension vscode.github-authentication, startup: false, activationEvent: 'onAuthenticationRequest:github'
[2021-10-19 08:15:16.399] [exthost] [info] ExtensionService#loadCommonJSModule file:///snap/code/76/usr/share/code/resources/app/extensions/github-authentication/dist/extension.js
[2021-10-19 08:15:32.835] [exthost] [info] ExtensionService#_doActivateExtension vscode.css-language-features, startup: false, activationEvent: 'onLanguage:css'
[2021-10-19 08:15:32.835] [exthost] [info] ExtensionService#loadCommonJSModule file:///snap/code/76/usr/share/code/resources/app/extensions/css-language-features/client/dist/node/cssClientMain
[2021-10-19 08:15:33.032] [exthost] [warning] [Decorations] CAPPING events from decorations provider vscode.git 3283
[2021-10-19 08:15:36.727] [exthost] [info] ExtensionService#_doActivateExtension vscode.typescript-language-features, startup: false, activationEvent: 'onLanguage:javascript'
[2021-10-19 08:15:36.727] [exthost] [info] ExtensionService#loadCommonJSModule file:///snap/code/76/usr/share/code/resources/app/extensions/typescript-language-features/dist/extension
[2021-10-19 08:15:37.270] [exthost] [info] ExtensionService#_doActivateExtension vscode.html-language-features, startup: false, activationEvent: 'onLanguage:html'
[2021-10-19 08:15:37.270] [exthost] [info] ExtensionService#loadCommonJSModule file:///snap/code/76/usr/share/code/resources/app/extensions/html-language-features/client/dist/node/htmlClientMain
[2021-10-19 08:21:04.801] [exthost] [info] extension host terminating: renderer closed the socket
[2021-10-19 08:21:05.811] [exthost] [info] exiting with code 0
