Validating found git in: git
Using git 2.30.2 from git
Opening repository for path='/home/cheyenne/Projects/counterapp/.git' failed; ex=Failed to execute git {
  "exitCode": 128,
  "gitCommand": "rev-parse",
  "stdout": "",
  "stderr": "fatal: this operation must be run in a work tree\n"
}
> git rev-parse --git-dir
Open repository: /home/cheyenne/Projects/counterapp
> git status -z -u
> git symbolic-ref --short HEAD
> git for-each-ref --format=%(refname)%00%(upstream:short)%00%(objectname)%00%(upstream:track) refs/heads/main refs/remotes/main
> git for-each-ref --sort -committerdate --format %(refname) %(objectname) %(*objectname)
> git remote --verbose
> git config --get commit.template
> git show --textconv :index.html
> git ls-files --stage -- /home/cheyenne/Projects/counterapp/index.html
> git cat-file -s 86684255146cbbbf51055426b5828dfaaa6cd87e
> git check-ignore -v -z --stdin
> git status -z -u
> git symbolic-ref --short HEAD
> git for-each-ref --format=%(refname)%00%(upstream:short)%00%(objectname)%00%(upstream:track) refs/heads/main refs/remotes/main
> git for-each-ref --sort -committerdate --format %(refname) %(objectname) %(*objectname)
> git remote --verbose
> git config --get commit.template
> git check-ignore -v -z --stdin
> git status -z -u
> git symbolic-ref --short HEAD
> git for-each-ref --format=%(refname)%00%(upstream:short)%00%(objectname)%00%(upstream:track) refs/heads/main refs/remotes/main
> git for-each-ref --sort -committerdate --format %(refname) %(objectname) %(*objectname)
> git remote --verbose
> git config --get commit.template
