Validating found git in: git
Using git 2.30.2 from git
> git rev-parse --git-dir
Open repository: /home/cheyenne/Projects/random_number
> git status -z -u
> git symbolic-ref --short HEAD
> git for-each-ref --format=%(refname)%00%(upstream:short)%00%(objectname)%00%(upstream:track) refs/heads/main refs/remotes/main
> git for-each-ref --sort -committerdate --format %(refname) %(objectname) %(*objectname)
> git remote --verbose
> git config --get commit.template
> git show --textconv :randomnumber.js
> git ls-files --stage -- /home/cheyenne/Projects/random_number/randomnumber.js
> git cat-file -s df4178a52095f7eb14a240c52eff329ba84c7941
> git check-ignore -v -z --stdin
Opening repository for path='/home/cheyenne/Projects/hexcolor' failed; ex=Failed to execute git {
  "exitCode": 128,
  "gitErrorCode": "NotAGitRepository",
  "gitCommand": "rev-parse",
  "stdout": "",
  "stderr": "fatal: not a git repository (or any of the parent directories): .git\n"
}
> git status -z -u
> git symbolic-ref --short HEAD
> git for-each-ref --format=%(refname)%00%(upstream:short)%00%(objectname)%00%(upstream:track) refs/heads/main refs/remotes/main
> git for-each-ref --sort -committerdate --format %(refname) %(objectname) %(*objectname)
> git remote --verbose
> git config --get commit.template
> git show --textconv :rng.html
> git ls-files --stage -- /home/cheyenne/Projects/random_number/rng.html
> git cat-file -s 312d829438288885784f61138e06f33d9f1d4ba7
