[2021-10-13 19:40:57.636] [exthost] [info] extension host started
[2021-10-13 19:40:57.707] [exthost] [info] ExtensionService#_doActivateExtension vscode.microsoft-authentication {"startup":false,"extensionId":{"value":"vscode.microsoft-authentication","_lower":"vscode.microsoft-authentication"},"activationEvent":"onAuthenticationRequest:microsoft"}
[2021-10-13 19:40:57.707] [exthost] [info] ExtensionService#loadCommonJSModule file:///snap/code/75/usr/share/code/resources/app/extensions/microsoft-authentication/dist/extension.js
[2021-10-13 19:40:57.715] [exthost] [info] ExtensionService#_doActivateExtension vscode.debug-auto-launch {"startup":true,"extensionId":{"value":"vscode.debug-auto-launch","_lower":"vscode.debug-auto-launch"},"activationEvent":"*"}
[2021-10-13 19:40:57.715] [exthost] [info] ExtensionService#loadCommonJSModule file:///snap/code/75/usr/share/code/resources/app/extensions/debug-auto-launch/dist/extension
[2021-10-13 19:40:57.717] [exthost] [info] ExtensionService#_doActivateExtension vscode.git {"startup":true,"extensionId":{"value":"vscode.github","_lower":"vscode.github"},"activationEvent":"*"}
[2021-10-13 19:40:57.717] [exthost] [info] ExtensionService#loadCommonJSModule file:///snap/code/75/usr/share/code/resources/app/extensions/git/dist/main
[2021-10-13 19:40:57.769] [exthost] [info] ExtensionService#_doActivateExtension vscode.github {"startup":true,"extensionId":{"value":"vscode.github","_lower":"vscode.github"},"activationEvent":"*"}
[2021-10-13 19:40:57.769] [exthost] [info] ExtensionService#loadCommonJSModule file:///snap/code/75/usr/share/code/resources/app/extensions/github/dist/extension.js
[2021-10-13 19:40:57.775] [exthost] [info] ExtensionService#_doActivateExtension ms-vscode.js-debug {"startup":false,"extensionId":{"value":"ms-vscode.js-debug","_lower":"ms-vscode.js-debug"},"activationEvent":"onCommand:extension.js-debug.clearAutoAttachVariables"}
[2021-10-13 19:40:57.775] [exthost] [info] ExtensionService#loadCommonJSModule file:///snap/code/75/usr/share/code/resources/app/extensions/ms-vscode.js-debug/src/extension.js
[2021-10-13 19:40:57.864] [exthost] [info] eager extensions activated
[2021-10-13 19:40:57.887] [exthost] [info] ExtensionService#_doActivateExtension vscode.github-authentication {"startup":false,"extensionId":{"value":"vscode.github-authentication","_lower":"vscode.github-authentication"},"activationEvent":"onAuthenticationRequest:github"}
[2021-10-13 19:40:57.888] [exthost] [info] ExtensionService#loadCommonJSModule file:///snap/code/75/usr/share/code/resources/app/extensions/github-authentication/dist/extension.js
[2021-10-13 19:40:57.894] [exthost] [info] ExtensionService#_doActivateExtension vscode.emmet {"startup":false,"extensionId":{"value":"vscode.emmet","_lower":"vscode.emmet"},"activationEvent":"onStartupFinished"}
[2021-10-13 19:40:57.894] [exthost] [info] ExtensionService#loadCommonJSModule file:///snap/code/75/usr/share/code/resources/app/extensions/emmet/dist/node/emmetNodeMain
[2021-10-13 19:40:57.898] [exthost] [info] ExtensionService#_doActivateExtension vscode.merge-conflict {"startup":false,"extensionId":{"value":"vscode.merge-conflict","_lower":"vscode.merge-conflict"},"activationEvent":"onStartupFinished"}
[2021-10-13 19:40:57.898] [exthost] [info] ExtensionService#loadCommonJSModule file:///snap/code/75/usr/share/code/resources/app/extensions/merge-conflict/dist/mergeConflictMain
[2021-10-13 19:42:54.491] [exthost] [info] extension host terminating: renderer closed the socket
[2021-10-13 19:42:55.497] [exthost] [info] exiting with code 0
