[2021-10-06 11:33:10.911] [renderer1] [error] TreeError [CallStackView] Data tree node not found: [object Object]: Error: TreeError [CallStackView] Data tree node not found: [object Object]
    at Z.getDataNode (vscode-file://vscode-app/snap/code/75/usr/share/code/resources/app/out/vs/workbench/workbench.desktop.main.js:185:19819)
    at Z.rerender (vscode-file://vscode-app/snap/code/75/usr/share/code/resources/app/out/vs/workbench/workbench.desktop.main.js:185:17321)
    at vscode-file://vscode-app/snap/code/75/usr/share/code/resources/app/out/vs/workbench/workbench.desktop.main.js:1981:23173
    at l.fire (vscode-file://vscode-app/snap/code/75/usr/share/code/resources/app/out/vs/workbench/workbench.desktop.main.js:69:1712)
    at O.setName (vscode-file://vscode-app/snap/code/75/usr/share/code/resources/app/out/vs/workbench/workbench.desktop.main.js:1943:37389)
    at g.$setDebugSessionName (vscode-file://vscode-app/snap/code/75/usr/share/code/resources/app/out/vs/workbench/workbench.desktop.main.js:1493:7362)
    at u._doInvokeHandler (vscode-file://vscode-app/snap/code/75/usr/share/code/resources/app/out/vs/workbench/workbench.desktop.main.js:1502:12737)
    at u._invokeHandler (vscode-file://vscode-app/snap/code/75/usr/share/code/resources/app/out/vs/workbench/workbench.desktop.main.js:1502:12421)
    at u._receiveRequest (vscode-file://vscode-app/snap/code/75/usr/share/code/resources/app/out/vs/workbench/workbench.desktop.main.js:1502:11083)
    at u._receiveOneMessage (vscode-file://vscode-app/snap/code/75/usr/share/code/resources/app/out/vs/workbench/workbench.desktop.main.js:1502:9761)
    at vscode-file://vscode-app/snap/code/75/usr/share/code/resources/app/out/vs/workbench/workbench.desktop.main.js:1502:7857
    at l.fire (vscode-file://vscode-app/snap/code/75/usr/share/code/resources/app/out/vs/workbench/workbench.desktop.main.js:69:1712)
    at r.fire (vscode-file://vscode-app/snap/code/75/usr/share/code/resources/app/out/vs/workbench/workbench.desktop.main.js:85:16477)
    at f._receiveMessage (vscode-file://vscode-app/snap/code/75/usr/share/code/resources/app/out/vs/workbench/workbench.desktop.main.js:85:21747)
    at vscode-file://vscode-app/snap/code/75/usr/share/code/resources/app/out/vs/workbench/workbench.desktop.main.js:85:18625
    at l.fire (vscode-file://vscode-app/snap/code/75/usr/share/code/resources/app/out/vs/workbench/workbench.desktop.main.js:69:1712)
    at b.acceptChunk (vscode-file://vscode-app/snap/code/75/usr/share/code/resources/app/out/vs/workbench/workbench.desktop.main.js:85:13838)
    at vscode-file://vscode-app/snap/code/75/usr/share/code/resources/app/out/vs/workbench/workbench.desktop.main.js:85:13186
    at Socket.k (vscode-file://vscode-app/snap/code/75/usr/share/code/resources/app/out/vs/workbench/workbench.desktop.main.js:2872:164165)
    at Socket.emit (events.js:315:20)
    at addChunk (internal/streams/readable.js:309:12)
    at readableAddChunk (internal/streams/readable.js:284:9)
    at Socket.Readable.push (internal/streams/readable.js:223:10)
    at Pipe.onStreamRead (internal/stream_base_commons.js:188:23)
[2021-10-06 11:35:12.371] [renderer1] [error] TreeError [CallStackView] Data tree node not found: [object Object]: Error: TreeError [CallStackView] Data tree node not found: [object Object]
    at Z.getDataNode (vscode-file://vscode-app/snap/code/75/usr/share/code/resources/app/out/vs/workbench/workbench.desktop.main.js:185:19819)
    at Z.rerender (vscode-file://vscode-app/snap/code/75/usr/share/code/resources/app/out/vs/workbench/workbench.desktop.main.js:185:17321)
    at vscode-file://vscode-app/snap/code/75/usr/share/code/resources/app/out/vs/workbench/workbench.desktop.main.js:1981:23173
    at l.fire (vscode-file://vscode-app/snap/code/75/usr/share/code/resources/app/out/vs/workbench/workbench.desktop.main.js:69:1712)
    at O.setName (vscode-file://vscode-app/snap/code/75/usr/share/code/resources/app/out/vs/workbench/workbench.desktop.main.js:1943:37389)
    at g.$setDebugSessionName (vscode-file://vscode-app/snap/code/75/usr/share/code/resources/app/out/vs/workbench/workbench.desktop.main.js:1493:7362)
    at u._doInvokeHandler (vscode-file://vscode-app/snap/code/75/usr/share/code/resources/app/out/vs/workbench/workbench.desktop.main.js:1502:12737)
    at u._invokeHandler (vscode-file://vscode-app/snap/code/75/usr/share/code/resources/app/out/vs/workbench/workbench.desktop.main.js:1502:12421)
    at u._receiveRequest (vscode-file://vscode-app/snap/code/75/usr/share/code/resources/app/out/vs/workbench/workbench.desktop.main.js:1502:11083)
    at u._receiveOneMessage (vscode-file://vscode-app/snap/code/75/usr/share/code/resources/app/out/vs/workbench/workbench.desktop.main.js:1502:9761)
    at vscode-file://vscode-app/snap/code/75/usr/share/code/resources/app/out/vs/workbench/workbench.desktop.main.js:1502:7857
    at l.fire (vscode-file://vscode-app/snap/code/75/usr/share/code/resources/app/out/vs/workbench/workbench.desktop.main.js:69:1712)
    at r.fire (vscode-file://vscode-app/snap/code/75/usr/share/code/resources/app/out/vs/workbench/workbench.desktop.main.js:85:16477)
    at f._receiveMessage (vscode-file://vscode-app/snap/code/75/usr/share/code/resources/app/out/vs/workbench/workbench.desktop.main.js:85:21747)
    at vscode-file://vscode-app/snap/code/75/usr/share/code/resources/app/out/vs/workbench/workbench.desktop.main.js:85:18625
    at l.fire (vscode-file://vscode-app/snap/code/75/usr/share/code/resources/app/out/vs/workbench/workbench.desktop.main.js:69:1712)
    at b.acceptChunk (vscode-file://vscode-app/snap/code/75/usr/share/code/resources/app/out/vs/workbench/workbench.desktop.main.js:85:13838)
    at vscode-file://vscode-app/snap/code/75/usr/share/code/resources/app/out/vs/workbench/workbench.desktop.main.js:85:13186
    at Socket.k (vscode-file://vscode-app/snap/code/75/usr/share/code/resources/app/out/vs/workbench/workbench.desktop.main.js:2872:164165)
    at Socket.emit (events.js:315:20)
    at addChunk (internal/streams/readable.js:309:12)
    at readableAddChunk (internal/streams/readable.js:284:9)
    at Socket.Readable.push (internal/streams/readable.js:223:10)
    at Pipe.onStreamRead (internal/stream_base_commons.js:188:23)
[2021-10-06 11:35:15.089] [renderer1] [error] TreeError [CallStackView] Data tree node not found: [object Object]: Error: TreeError [CallStackView] Data tree node not found: [object Object]
    at Z.getDataNode (vscode-file://vscode-app/snap/code/75/usr/share/code/resources/app/out/vs/workbench/workbench.desktop.main.js:185:19819)
    at Z.rerender (vscode-file://vscode-app/snap/code/75/usr/share/code/resources/app/out/vs/workbench/workbench.desktop.main.js:185:17321)
    at vscode-file://vscode-app/snap/code/75/usr/share/code/resources/app/out/vs/workbench/workbench.desktop.main.js:1981:23173
    at l.fire (vscode-file://vscode-app/snap/code/75/usr/share/code/resources/app/out/vs/workbench/workbench.desktop.main.js:69:1712)
    at O.setName (vscode-file://vscode-app/snap/code/75/usr/share/code/resources/app/out/vs/workbench/workbench.desktop.main.js:1943:37389)
    at g.$setDebugSessionName (vscode-file://vscode-app/snap/code/75/usr/share/code/resources/app/out/vs/workbench/workbench.desktop.main.js:1493:7362)
    at u._doInvokeHandler (vscode-file://vscode-app/snap/code/75/usr/share/code/resources/app/out/vs/workbench/workbench.desktop.main.js:1502:12737)
    at u._invokeHandler (vscode-file://vscode-app/snap/code/75/usr/share/code/resources/app/out/vs/workbench/workbench.desktop.main.js:1502:12421)
    at u._receiveRequest (vscode-file://vscode-app/snap/code/75/usr/share/code/resources/app/out/vs/workbench/workbench.desktop.main.js:1502:11083)
    at u._receiveOneMessage (vscode-file://vscode-app/snap/code/75/usr/share/code/resources/app/out/vs/workbench/workbench.desktop.main.js:1502:9761)
    at vscode-file://vscode-app/snap/code/75/usr/share/code/resources/app/out/vs/workbench/workbench.desktop.main.js:1502:7857
    at l.fire (vscode-file://vscode-app/snap/code/75/usr/share/code/resources/app/out/vs/workbench/workbench.desktop.main.js:69:1712)
    at r.fire (vscode-file://vscode-app/snap/code/75/usr/share/code/resources/app/out/vs/workbench/workbench.desktop.main.js:85:16477)
    at f._receiveMessage (vscode-file://vscode-app/snap/code/75/usr/share/code/resources/app/out/vs/workbench/workbench.desktop.main.js:85:21747)
    at vscode-file://vscode-app/snap/code/75/usr/share/code/resources/app/out/vs/workbench/workbench.desktop.main.js:85:18625
    at l.fire (vscode-file://vscode-app/snap/code/75/usr/share/code/resources/app/out/vs/workbench/workbench.desktop.main.js:69:1712)
    at b.acceptChunk (vscode-file://vscode-app/snap/code/75/usr/share/code/resources/app/out/vs/workbench/workbench.desktop.main.js:85:13838)
    at vscode-file://vscode-app/snap/code/75/usr/share/code/resources/app/out/vs/workbench/workbench.desktop.main.js:85:13186
    at Socket.k (vscode-file://vscode-app/snap/code/75/usr/share/code/resources/app/out/vs/workbench/workbench.desktop.main.js:2872:164165)
    at Socket.emit (events.js:315:20)
    at addChunk (internal/streams/readable.js:309:12)
    at readableAddChunk (internal/streams/readable.js:284:9)
    at Socket.Readable.push (internal/streams/readable.js:223:10)
    at Pipe.onStreamRead (internal/stream_base_commons.js:188:23)
[2021-10-06 11:35:16.168] [renderer1] [error] TreeError [CallStackView] Data tree node not found: [object Object]: Error: TreeError [CallStackView] Data tree node not found: [object Object]
    at Z.getDataNode (vscode-file://vscode-app/snap/code/75/usr/share/code/resources/app/out/vs/workbench/workbench.desktop.main.js:185:19819)
    at Z.rerender (vscode-file://vscode-app/snap/code/75/usr/share/code/resources/app/out/vs/workbench/workbench.desktop.main.js:185:17321)
    at vscode-file://vscode-app/snap/code/75/usr/share/code/resources/app/out/vs/workbench/workbench.desktop.main.js:1981:23173
    at l.fire (vscode-file://vscode-app/snap/code/75/usr/share/code/resources/app/out/vs/workbench/workbench.desktop.main.js:69:1712)
    at O.setName (vscode-file://vscode-app/snap/code/75/usr/share/code/resources/app/out/vs/workbench/workbench.desktop.main.js:1943:37389)
    at g.$setDebugSessionName (vscode-file://vscode-app/snap/code/75/usr/share/code/resources/app/out/vs/workbench/workbench.desktop.main.js:1493:7362)
    at u._doInvokeHandler (vscode-file://vscode-app/snap/code/75/usr/share/code/resources/app/out/vs/workbench/workbench.desktop.main.js:1502:12737)
    at u._invokeHandler (vscode-file://vscode-app/snap/code/75/usr/share/code/resources/app/out/vs/workbench/workbench.desktop.main.js:1502:12421)
    at u._receiveRequest (vscode-file://vscode-app/snap/code/75/usr/share/code/resources/app/out/vs/workbench/workbench.desktop.main.js:1502:11083)
    at u._receiveOneMessage (vscode-file://vscode-app/snap/code/75/usr/share/code/resources/app/out/vs/workbench/workbench.desktop.main.js:1502:9761)
    at vscode-file://vscode-app/snap/code/75/usr/share/code/resources/app/out/vs/workbench/workbench.desktop.main.js:1502:7857
    at l.fire (vscode-file://vscode-app/snap/code/75/usr/share/code/resources/app/out/vs/workbench/workbench.desktop.main.js:69:1712)
    at r.fire (vscode-file://vscode-app/snap/code/75/usr/share/code/resources/app/out/vs/workbench/workbench.desktop.main.js:85:16477)
    at f._receiveMessage (vscode-file://vscode-app/snap/code/75/usr/share/code/resources/app/out/vs/workbench/workbench.desktop.main.js:85:21747)
    at vscode-file://vscode-app/snap/code/75/usr/share/code/resources/app/out/vs/workbench/workbench.desktop.main.js:85:18625
    at l.fire (vscode-file://vscode-app/snap/code/75/usr/share/code/resources/app/out/vs/workbench/workbench.desktop.main.js:69:1712)
    at b.acceptChunk (vscode-file://vscode-app/snap/code/75/usr/share/code/resources/app/out/vs/workbench/workbench.desktop.main.js:85:13838)
    at vscode-file://vscode-app/snap/code/75/usr/share/code/resources/app/out/vs/workbench/workbench.desktop.main.js:85:13186
    at Socket.k (vscode-file://vscode-app/snap/code/75/usr/share/code/resources/app/out/vs/workbench/workbench.desktop.main.js:2872:164165)
    at Socket.emit (events.js:315:20)
    at addChunk (internal/streams/readable.js:309:12)
    at readableAddChunk (internal/streams/readable.js:284:9)
    at Socket.Readable.push (internal/streams/readable.js:223:10)
    at Pipe.onStreamRead (internal/stream_base_commons.js:188:23)
[2021-10-06 11:35:17.214] [renderer1] [error] TreeError [CallStackView] Data tree node not found: [object Object]: Error: TreeError [CallStackView] Data tree node not found: [object Object]
    at Z.getDataNode (vscode-file://vscode-app/snap/code/75/usr/share/code/resources/app/out/vs/workbench/workbench.desktop.main.js:185:19819)
    at Z.rerender (vscode-file://vscode-app/snap/code/75/usr/share/code/resources/app/out/vs/workbench/workbench.desktop.main.js:185:17321)
    at vscode-file://vscode-app/snap/code/75/usr/share/code/resources/app/out/vs/workbench/workbench.desktop.main.js:1981:23173
    at l.fire (vscode-file://vscode-app/snap/code/75/usr/share/code/resources/app/out/vs/workbench/workbench.desktop.main.js:69:1712)
    at O.setName (vscode-file://vscode-app/snap/code/75/usr/share/code/resources/app/out/vs/workbench/workbench.desktop.main.js:1943:37389)
    at g.$setDebugSessionName (vscode-file://vscode-app/snap/code/75/usr/share/code/resources/app/out/vs/workbench/workbench.desktop.main.js:1493:7362)
    at u._doInvokeHandler (vscode-file://vscode-app/snap/code/75/usr/share/code/resources/app/out/vs/workbench/workbench.desktop.main.js:1502:12737)
    at u._invokeHandler (vscode-file://vscode-app/snap/code/75/usr/share/code/resources/app/out/vs/workbench/workbench.desktop.main.js:1502:12421)
    at u._receiveRequest (vscode-file://vscode-app/snap/code/75/usr/share/code/resources/app/out/vs/workbench/workbench.desktop.main.js:1502:11083)
    at u._receiveOneMessage (vscode-file://vscode-app/snap/code/75/usr/share/code/resources/app/out/vs/workbench/workbench.desktop.main.js:1502:9761)
    at vscode-file://vscode-app/snap/code/75/usr/share/code/resources/app/out/vs/workbench/workbench.desktop.main.js:1502:7857
    at l.fire (vscode-file://vscode-app/snap/code/75/usr/share/code/resources/app/out/vs/workbench/workbench.desktop.main.js:69:1712)
    at r.fire (vscode-file://vscode-app/snap/code/75/usr/share/code/resources/app/out/vs/workbench/workbench.desktop.main.js:85:16477)
    at f._receiveMessage (vscode-file://vscode-app/snap/code/75/usr/share/code/resources/app/out/vs/workbench/workbench.desktop.main.js:85:21747)
    at vscode-file://vscode-app/snap/code/75/usr/share/code/resources/app/out/vs/workbench/workbench.desktop.main.js:85:18625
    at l.fire (vscode-file://vscode-app/snap/code/75/usr/share/code/resources/app/out/vs/workbench/workbench.desktop.main.js:69:1712)
    at b.acceptChunk (vscode-file://vscode-app/snap/code/75/usr/share/code/resources/app/out/vs/workbench/workbench.desktop.main.js:85:13838)
    at vscode-file://vscode-app/snap/code/75/usr/share/code/resources/app/out/vs/workbench/workbench.desktop.main.js:85:13186
    at Socket.k (vscode-file://vscode-app/snap/code/75/usr/share/code/resources/app/out/vs/workbench/workbench.desktop.main.js:2872:164165)
    at Socket.emit (events.js:315:20)
    at addChunk (internal/streams/readable.js:309:12)
    at readableAddChunk (internal/streams/readable.js:284:9)
    at Socket.Readable.push (internal/streams/readable.js:223:10)
    at Pipe.onStreamRead (internal/stream_base_commons.js:188:23)
[2021-10-06 11:56:15.592] [renderer1] [error] TreeError [CallStackView] Data tree node not found: [object Object]: Error: TreeError [CallStackView] Data tree node not found: [object Object]
    at Z.getDataNode (vscode-file://vscode-app/snap/code/75/usr/share/code/resources/app/out/vs/workbench/workbench.desktop.main.js:185:19819)
    at Z.rerender (vscode-file://vscode-app/snap/code/75/usr/share/code/resources/app/out/vs/workbench/workbench.desktop.main.js:185:17321)
    at vscode-file://vscode-app/snap/code/75/usr/share/code/resources/app/out/vs/workbench/workbench.desktop.main.js:1981:23173
    at l.fire (vscode-file://vscode-app/snap/code/75/usr/share/code/resources/app/out/vs/workbench/workbench.desktop.main.js:69:1712)
    at O.setName (vscode-file://vscode-app/snap/code/75/usr/share/code/resources/app/out/vs/workbench/workbench.desktop.main.js:1943:37389)
    at g.$setDebugSessionName (vscode-file://vscode-app/snap/code/75/usr/share/code/resources/app/out/vs/workbench/workbench.desktop.main.js:1493:7362)
    at u._doInvokeHandler (vscode-file://vscode-app/snap/code/75/usr/share/code/resources/app/out/vs/workbench/workbench.desktop.main.js:1502:12737)
    at u._invokeHandler (vscode-file://vscode-app/snap/code/75/usr/share/code/resources/app/out/vs/workbench/workbench.desktop.main.js:1502:12421)
    at u._receiveRequest (vscode-file://vscode-app/snap/code/75/usr/share/code/resources/app/out/vs/workbench/workbench.desktop.main.js:1502:11083)
    at u._receiveOneMessage (vscode-file://vscode-app/snap/code/75/usr/share/code/resources/app/out/vs/workbench/workbench.desktop.main.js:1502:9761)
    at vscode-file://vscode-app/snap/code/75/usr/share/code/resources/app/out/vs/workbench/workbench.desktop.main.js:1502:7857
    at l.fire (vscode-file://vscode-app/snap/code/75/usr/share/code/resources/app/out/vs/workbench/workbench.desktop.main.js:69:1712)
    at r.fire (vscode-file://vscode-app/snap/code/75/usr/share/code/resources/app/out/vs/workbench/workbench.desktop.main.js:85:16477)
    at f._receiveMessage (vscode-file://vscode-app/snap/code/75/usr/share/code/resources/app/out/vs/workbench/workbench.desktop.main.js:85:21747)
    at vscode-file://vscode-app/snap/code/75/usr/share/code/resources/app/out/vs/workbench/workbench.desktop.main.js:85:18625
    at l.fire (vscode-file://vscode-app/snap/code/75/usr/share/code/resources/app/out/vs/workbench/workbench.desktop.main.js:69:1712)
    at b.acceptChunk (vscode-file://vscode-app/snap/code/75/usr/share/code/resources/app/out/vs/workbench/workbench.desktop.main.js:85:13838)
    at vscode-file://vscode-app/snap/code/75/usr/share/code/resources/app/out/vs/workbench/workbench.desktop.main.js:85:13186
    at Socket.k (vscode-file://vscode-app/snap/code/75/usr/share/code/resources/app/out/vs/workbench/workbench.desktop.main.js:2872:164165)
    at Socket.emit (events.js:315:20)
    at addChunk (internal/streams/readable.js:309:12)
    at readableAddChunk (internal/streams/readable.js:284:9)
    at Socket.Readable.push (internal/streams/readable.js:223:10)
    at Pipe.onStreamRead (internal/stream_base_commons.js:188:23)
[2021-10-06 11:58:19.766] [renderer1] [error] TreeError [CallStackView] Data tree node not found: [object Object]: Error: TreeError [CallStackView] Data tree node not found: [object Object]
    at Z.getDataNode (vscode-file://vscode-app/snap/code/75/usr/share/code/resources/app/out/vs/workbench/workbench.desktop.main.js:185:19819)
    at Z.rerender (vscode-file://vscode-app/snap/code/75/usr/share/code/resources/app/out/vs/workbench/workbench.desktop.main.js:185:17321)
    at vscode-file://vscode-app/snap/code/75/usr/share/code/resources/app/out/vs/workbench/workbench.desktop.main.js:1981:23173
    at l.fire (vscode-file://vscode-app/snap/code/75/usr/share/code/resources/app/out/vs/workbench/workbench.desktop.main.js:69:1712)
    at O.setName (vscode-file://vscode-app/snap/code/75/usr/share/code/resources/app/out/vs/workbench/workbench.desktop.main.js:1943:37389)
    at g.$setDebugSessionName (vscode-file://vscode-app/snap/code/75/usr/share/code/resources/app/out/vs/workbench/workbench.desktop.main.js:1493:7362)
    at u._doInvokeHandler (vscode-file://vscode-app/snap/code/75/usr/share/code/resources/app/out/vs/workbench/workbench.desktop.main.js:1502:12737)
    at u._invokeHandler (vscode-file://vscode-app/snap/code/75/usr/share/code/resources/app/out/vs/workbench/workbench.desktop.main.js:1502:12421)
    at u._receiveRequest (vscode-file://vscode-app/snap/code/75/usr/share/code/resources/app/out/vs/workbench/workbench.desktop.main.js:1502:11083)
    at u._receiveOneMessage (vscode-file://vscode-app/snap/code/75/usr/share/code/resources/app/out/vs/workbench/workbench.desktop.main.js:1502:9761)
    at vscode-file://vscode-app/snap/code/75/usr/share/code/resources/app/out/vs/workbench/workbench.desktop.main.js:1502:7857
    at l.fire (vscode-file://vscode-app/snap/code/75/usr/share/code/resources/app/out/vs/workbench/workbench.desktop.main.js:69:1712)
    at r.fire (vscode-file://vscode-app/snap/code/75/usr/share/code/resources/app/out/vs/workbench/workbench.desktop.main.js:85:16477)
    at f._receiveMessage (vscode-file://vscode-app/snap/code/75/usr/share/code/resources/app/out/vs/workbench/workbench.desktop.main.js:85:21747)
    at vscode-file://vscode-app/snap/code/75/usr/share/code/resources/app/out/vs/workbench/workbench.desktop.main.js:85:18625
    at l.fire (vscode-file://vscode-app/snap/code/75/usr/share/code/resources/app/out/vs/workbench/workbench.desktop.main.js:69:1712)
    at b.acceptChunk (vscode-file://vscode-app/snap/code/75/usr/share/code/resources/app/out/vs/workbench/workbench.desktop.main.js:85:13838)
    at vscode-file://vscode-app/snap/code/75/usr/share/code/resources/app/out/vs/workbench/workbench.desktop.main.js:85:13186
    at Socket.k (vscode-file://vscode-app/snap/code/75/usr/share/code/resources/app/out/vs/workbench/workbench.desktop.main.js:2872:164165)
    at Socket.emit (events.js:315:20)
    at addChunk (internal/streams/readable.js:309:12)
    at readableAddChunk (internal/streams/readable.js:284:9)
    at Socket.Readable.push (internal/streams/readable.js:223:10)
    at Pipe.onStreamRead (internal/stream_base_commons.js:188:23)
[2021-10-06 11:58:21.698] [renderer1] [error] TreeError [CallStackView] Data tree node not found: [object Object]: Error: TreeError [CallStackView] Data tree node not found: [object Object]
    at Z.getDataNode (vscode-file://vscode-app/snap/code/75/usr/share/code/resources/app/out/vs/workbench/workbench.desktop.main.js:185:19819)
    at Z.rerender (vscode-file://vscode-app/snap/code/75/usr/share/code/resources/app/out/vs/workbench/workbench.desktop.main.js:185:17321)
    at vscode-file://vscode-app/snap/code/75/usr/share/code/resources/app/out/vs/workbench/workbench.desktop.main.js:1981:23173
    at l.fire (vscode-file://vscode-app/snap/code/75/usr/share/code/resources/app/out/vs/workbench/workbench.desktop.main.js:69:1712)
    at O.setName (vscode-file://vscode-app/snap/code/75/usr/share/code/resources/app/out/vs/workbench/workbench.desktop.main.js:1943:37389)
    at g.$setDebugSessionName (vscode-file://vscode-app/snap/code/75/usr/share/code/resources/app/out/vs/workbench/workbench.desktop.main.js:1493:7362)
    at u._doInvokeHandler (vscode-file://vscode-app/snap/code/75/usr/share/code/resources/app/out/vs/workbench/workbench.desktop.main.js:1502:12737)
    at u._invokeHandler (vscode-file://vscode-app/snap/code/75/usr/share/code/resources/app/out/vs/workbench/workbench.desktop.main.js:1502:12421)
    at u._receiveRequest (vscode-file://vscode-app/snap/code/75/usr/share/code/resources/app/out/vs/workbench/workbench.desktop.main.js:1502:11083)
    at u._receiveOneMessage (vscode-file://vscode-app/snap/code/75/usr/share/code/resources/app/out/vs/workbench/workbench.desktop.main.js:1502:9761)
    at vscode-file://vscode-app/snap/code/75/usr/share/code/resources/app/out/vs/workbench/workbench.desktop.main.js:1502:7857
    at l.fire (vscode-file://vscode-app/snap/code/75/usr/share/code/resources/app/out/vs/workbench/workbench.desktop.main.js:69:1712)
    at r.fire (vscode-file://vscode-app/snap/code/75/usr/share/code/resources/app/out/vs/workbench/workbench.desktop.main.js:85:16477)
    at f._receiveMessage (vscode-file://vscode-app/snap/code/75/usr/share/code/resources/app/out/vs/workbench/workbench.desktop.main.js:85:21747)
    at vscode-file://vscode-app/snap/code/75/usr/share/code/resources/app/out/vs/workbench/workbench.desktop.main.js:85:18625
    at l.fire (vscode-file://vscode-app/snap/code/75/usr/share/code/resources/app/out/vs/workbench/workbench.desktop.main.js:69:1712)
    at b.acceptChunk (vscode-file://vscode-app/snap/code/75/usr/share/code/resources/app/out/vs/workbench/workbench.desktop.main.js:85:13838)
    at vscode-file://vscode-app/snap/code/75/usr/share/code/resources/app/out/vs/workbench/workbench.desktop.main.js:85:13186
    at Socket.k (vscode-file://vscode-app/snap/code/75/usr/share/code/resources/app/out/vs/workbench/workbench.desktop.main.js:2872:164165)
    at Socket.emit (events.js:315:20)
    at addChunk (internal/streams/readable.js:309:12)
    at readableAddChunk (internal/streams/readable.js:284:9)
    at Socket.Readable.push (internal/streams/readable.js:223:10)
    at Pipe.onStreamRead (internal/stream_base_commons.js:188:23)
[2021-10-06 11:58:23.083] [renderer1] [error] TreeError [CallStackView] Data tree node not found: [object Object]: Error: TreeError [CallStackView] Data tree node not found: [object Object]
    at Z.getDataNode (vscode-file://vscode-app/snap/code/75/usr/share/code/resources/app/out/vs/workbench/workbench.desktop.main.js:185:19819)
    at Z.rerender (vscode-file://vscode-app/snap/code/75/usr/share/code/resources/app/out/vs/workbench/workbench.desktop.main.js:185:17321)
    at vscode-file://vscode-app/snap/code/75/usr/share/code/resources/app/out/vs/workbench/workbench.desktop.main.js:1981:23173
    at l.fire (vscode-file://vscode-app/snap/code/75/usr/share/code/resources/app/out/vs/workbench/workbench.desktop.main.js:69:1712)
    at O.setName (vscode-file://vscode-app/snap/code/75/usr/share/code/resources/app/out/vs/workbench/workbench.desktop.main.js:1943:37389)
    at g.$setDebugSessionName (vscode-file://vscode-app/snap/code/75/usr/share/code/resources/app/out/vs/workbench/workbench.desktop.main.js:1493:7362)
    at u._doInvokeHandler (vscode-file://vscode-app/snap/code/75/usr/share/code/resources/app/out/vs/workbench/workbench.desktop.main.js:1502:12737)
    at u._invokeHandler (vscode-file://vscode-app/snap/code/75/usr/share/code/resources/app/out/vs/workbench/workbench.desktop.main.js:1502:12421)
    at u._receiveRequest (vscode-file://vscode-app/snap/code/75/usr/share/code/resources/app/out/vs/workbench/workbench.desktop.main.js:1502:11083)
    at u._receiveOneMessage (vscode-file://vscode-app/snap/code/75/usr/share/code/resources/app/out/vs/workbench/workbench.desktop.main.js:1502:9761)
    at vscode-file://vscode-app/snap/code/75/usr/share/code/resources/app/out/vs/workbench/workbench.desktop.main.js:1502:7857
    at l.fire (vscode-file://vscode-app/snap/code/75/usr/share/code/resources/app/out/vs/workbench/workbench.desktop.main.js:69:1712)
    at r.fire (vscode-file://vscode-app/snap/code/75/usr/share/code/resources/app/out/vs/workbench/workbench.desktop.main.js:85:16477)
    at f._receiveMessage (vscode-file://vscode-app/snap/code/75/usr/share/code/resources/app/out/vs/workbench/workbench.desktop.main.js:85:21747)
    at vscode-file://vscode-app/snap/code/75/usr/share/code/resources/app/out/vs/workbench/workbench.desktop.main.js:85:18625
    at l.fire (vscode-file://vscode-app/snap/code/75/usr/share/code/resources/app/out/vs/workbench/workbench.desktop.main.js:69:1712)
    at b.acceptChunk (vscode-file://vscode-app/snap/code/75/usr/share/code/resources/app/out/vs/workbench/workbench.desktop.main.js:85:13838)
    at vscode-file://vscode-app/snap/code/75/usr/share/code/resources/app/out/vs/workbench/workbench.desktop.main.js:85:13186
    at Socket.k (vscode-file://vscode-app/snap/code/75/usr/share/code/resources/app/out/vs/workbench/workbench.desktop.main.js:2872:164165)
    at Socket.emit (events.js:315:20)
    at addChunk (internal/streams/readable.js:309:12)
    at readableAddChunk (internal/streams/readable.js:284:9)
    at Socket.Readable.push (internal/streams/readable.js:223:10)
    at Pipe.onStreamRead (internal/stream_base_commons.js:188:23)
[2021-10-06 12:53:08.553] [renderer1] [error] Error: Unable to resolve the resource without a debug session
    at yn.createOrUpdateContentModel (vscode-file://vscode-app/snap/code/75/usr/share/code/resources/app/out/vs/workbench/workbench.desktop.main.js:1276:53130)
    at yn.provideTextContent (vscode-file://vscode-app/snap/code/75/usr/share/code/resources/app/out/vs/workbench/workbench.desktop.main.js:1276:52721)
    at o.resolveTextModelContent (vscode-file://vscode-app/snap/code/75/usr/share/code/resources/app/out/vs/workbench/workbench.desktop.main.js:2420:114020)
    at o.doCreateReferencedObject (vscode-file://vscode-app/snap/code/75/usr/share/code/resources/app/out/vs/workbench/workbench.desktop.main.js:2420:112911)
    at o.createReferencedObject (vscode-file://vscode-app/snap/code/75/usr/share/code/resources/app/out/vs/workbench/workbench.desktop.main.js:2420:112341)
    at o.acquire (vscode-file://vscode-app/snap/code/75/usr/share/code/resources/app/out/vs/workbench/workbench.desktop.main.js:17:14417)
    at i.acquire (vscode-file://vscode-app/snap/code/75/usr/share/code/resources/app/out/vs/workbench/workbench.desktop.main.js:17:14768)
    at createModelReference (vscode-file://vscode-app/snap/code/75/usr/share/code/resources/app/out/vs/workbench/workbench.desktop.main.js:2420:114781)
    at _r.resolve (vscode-file://vscode-app/snap/code/75/usr/share/code/resources/app/out/vs/workbench/workbench.desktop.main.js:1695:45438)
    at wa.setInput (vscode-file://vscode-app/snap/code/75/usr/share/code/resources/app/out/vs/workbench/workbench.desktop.main.js:2385:102351)
    at async h.doSetInput (vscode-file://vscode-app/snap/code/75/usr/share/code/resources/app/out/vs/workbench/workbench.desktop.main.js:2385:33390)
    at async h.doOpenEditor (vscode-file://vscode-app/snap/code/75/usr/share/code/resources/app/out/vs/workbench/workbench.desktop.main.js:2385:31790)
    at async h.openEditor (vscode-file://vscode-app/snap/code/75/usr/share/code/resources/app/out/vs/workbench/workbench.desktop.main.js:2385:31438)
    at async vscode-file://vscode-app/snap/code/75/usr/share/code/resources/app/out/vs/workbench/workbench.desktop.main.js:2584:16931
[2021-10-06 12:53:08.593] [renderer1] [error] Unable to resolve the resource without a debug session: Error: Unable to resolve the resource without a debug session
    at yn.createOrUpdateContentModel (vscode-file://vscode-app/snap/code/75/usr/share/code/resources/app/out/vs/workbench/workbench.desktop.main.js:1276:53130)
    at yn.provideTextContent (vscode-file://vscode-app/snap/code/75/usr/share/code/resources/app/out/vs/workbench/workbench.desktop.main.js:1276:52721)
    at o.resolveTextModelContent (vscode-file://vscode-app/snap/code/75/usr/share/code/resources/app/out/vs/workbench/workbench.desktop.main.js:2420:114020)
    at o.doCreateReferencedObject (vscode-file://vscode-app/snap/code/75/usr/share/code/resources/app/out/vs/workbench/workbench.desktop.main.js:2420:112911)
    at o.createReferencedObject (vscode-file://vscode-app/snap/code/75/usr/share/code/resources/app/out/vs/workbench/workbench.desktop.main.js:2420:112341)
    at o.acquire (vscode-file://vscode-app/snap/code/75/usr/share/code/resources/app/out/vs/workbench/workbench.desktop.main.js:17:14417)
    at i.acquire (vscode-file://vscode-app/snap/code/75/usr/share/code/resources/app/out/vs/workbench/workbench.desktop.main.js:17:14768)
    at createModelReference (vscode-file://vscode-app/snap/code/75/usr/share/code/resources/app/out/vs/workbench/workbench.desktop.main.js:2420:114781)
    at _r.resolve (vscode-file://vscode-app/snap/code/75/usr/share/code/resources/app/out/vs/workbench/workbench.desktop.main.js:1695:45438)
    at wa.setInput (vscode-file://vscode-app/snap/code/75/usr/share/code/resources/app/out/vs/workbench/workbench.desktop.main.js:2385:102351)
    at async h.doSetInput (vscode-file://vscode-app/snap/code/75/usr/share/code/resources/app/out/vs/workbench/workbench.desktop.main.js:2385:33390)
    at async h.doOpenEditor (vscode-file://vscode-app/snap/code/75/usr/share/code/resources/app/out/vs/workbench/workbench.desktop.main.js:2385:31790)
    at async h.openEditor (vscode-file://vscode-app/snap/code/75/usr/share/code/resources/app/out/vs/workbench/workbench.desktop.main.js:2385:31438)
    at async vscode-file://vscode-app/snap/code/75/usr/share/code/resources/app/out/vs/workbench/workbench.desktop.main.js:2584:16931
[2021-10-06 12:53:30.391] [renderer1] [error] TreeError [CallStackView] Data tree node not found: [object Object]: Error: TreeError [CallStackView] Data tree node not found: [object Object]
    at Z.getDataNode (vscode-file://vscode-app/snap/code/75/usr/share/code/resources/app/out/vs/workbench/workbench.desktop.main.js:185:19819)
    at Z.rerender (vscode-file://vscode-app/snap/code/75/usr/share/code/resources/app/out/vs/workbench/workbench.desktop.main.js:185:17321)
    at vscode-file://vscode-app/snap/code/75/usr/share/code/resources/app/out/vs/workbench/workbench.desktop.main.js:1981:23173
    at l.fire (vscode-file://vscode-app/snap/code/75/usr/share/code/resources/app/out/vs/workbench/workbench.desktop.main.js:69:1712)
    at O.setName (vscode-file://vscode-app/snap/code/75/usr/share/code/resources/app/out/vs/workbench/workbench.desktop.main.js:1943:37389)
    at g.$setDebugSessionName (vscode-file://vscode-app/snap/code/75/usr/share/code/resources/app/out/vs/workbench/workbench.desktop.main.js:1493:7362)
    at u._doInvokeHandler (vscode-file://vscode-app/snap/code/75/usr/share/code/resources/app/out/vs/workbench/workbench.desktop.main.js:1502:12737)
    at u._invokeHandler (vscode-file://vscode-app/snap/code/75/usr/share/code/resources/app/out/vs/workbench/workbench.desktop.main.js:1502:12421)
    at u._receiveRequest (vscode-file://vscode-app/snap/code/75/usr/share/code/resources/app/out/vs/workbench/workbench.desktop.main.js:1502:11083)
    at u._receiveOneMessage (vscode-file://vscode-app/snap/code/75/usr/share/code/resources/app/out/vs/workbench/workbench.desktop.main.js:1502:9761)
    at vscode-file://vscode-app/snap/code/75/usr/share/code/resources/app/out/vs/workbench/workbench.desktop.main.js:1502:7857
    at l.fire (vscode-file://vscode-app/snap/code/75/usr/share/code/resources/app/out/vs/workbench/workbench.desktop.main.js:69:1712)
    at r.fire (vscode-file://vscode-app/snap/code/75/usr/share/code/resources/app/out/vs/workbench/workbench.desktop.main.js:85:16477)
    at f._receiveMessage (vscode-file://vscode-app/snap/code/75/usr/share/code/resources/app/out/vs/workbench/workbench.desktop.main.js:85:21747)
    at vscode-file://vscode-app/snap/code/75/usr/share/code/resources/app/out/vs/workbench/workbench.desktop.main.js:85:18625
    at l.fire (vscode-file://vscode-app/snap/code/75/usr/share/code/resources/app/out/vs/workbench/workbench.desktop.main.js:69:1712)
    at b.acceptChunk (vscode-file://vscode-app/snap/code/75/usr/share/code/resources/app/out/vs/workbench/workbench.desktop.main.js:85:13838)
    at vscode-file://vscode-app/snap/code/75/usr/share/code/resources/app/out/vs/workbench/workbench.desktop.main.js:85:13186
    at Socket.k (vscode-file://vscode-app/snap/code/75/usr/share/code/resources/app/out/vs/workbench/workbench.desktop.main.js:2872:164165)
    at Socket.emit (events.js:315:20)
    at addChunk (internal/streams/readable.js:309:12)
    at readableAddChunk (internal/streams/readable.js:284:9)
    at Socket.Readable.push (internal/streams/readable.js:223:10)
    at Pipe.onStreamRead (internal/stream_base_commons.js:188:23)
[2021-10-06 12:53:47.859] [renderer1] [error] TreeError [CallStackView] Data tree node not found: [object Object]: Error: TreeError [CallStackView] Data tree node not found: [object Object]
    at Z.getDataNode (vscode-file://vscode-app/snap/code/75/usr/share/code/resources/app/out/vs/workbench/workbench.desktop.main.js:185:19819)
    at Z.rerender (vscode-file://vscode-app/snap/code/75/usr/share/code/resources/app/out/vs/workbench/workbench.desktop.main.js:185:17321)
    at vscode-file://vscode-app/snap/code/75/usr/share/code/resources/app/out/vs/workbench/workbench.desktop.main.js:1981:23173
    at l.fire (vscode-file://vscode-app/snap/code/75/usr/share/code/resources/app/out/vs/workbench/workbench.desktop.main.js:69:1712)
    at O.setName (vscode-file://vscode-app/snap/code/75/usr/share/code/resources/app/out/vs/workbench/workbench.desktop.main.js:1943:37389)
    at g.$setDebugSessionName (vscode-file://vscode-app/snap/code/75/usr/share/code/resources/app/out/vs/workbench/workbench.desktop.main.js:1493:7362)
    at u._doInvokeHandler (vscode-file://vscode-app/snap/code/75/usr/share/code/resources/app/out/vs/workbench/workbench.desktop.main.js:1502:12737)
    at u._invokeHandler (vscode-file://vscode-app/snap/code/75/usr/share/code/resources/app/out/vs/workbench/workbench.desktop.main.js:1502:12421)
    at u._receiveRequest (vscode-file://vscode-app/snap/code/75/usr/share/code/resources/app/out/vs/workbench/workbench.desktop.main.js:1502:11083)
    at u._receiveOneMessage (vscode-file://vscode-app/snap/code/75/usr/share/code/resources/app/out/vs/workbench/workbench.desktop.main.js:1502:9761)
    at vscode-file://vscode-app/snap/code/75/usr/share/code/resources/app/out/vs/workbench/workbench.desktop.main.js:1502:7857
    at l.fire (vscode-file://vscode-app/snap/code/75/usr/share/code/resources/app/out/vs/workbench/workbench.desktop.main.js:69:1712)
    at r.fire (vscode-file://vscode-app/snap/code/75/usr/share/code/resources/app/out/vs/workbench/workbench.desktop.main.js:85:16477)
    at f._receiveMessage (vscode-file://vscode-app/snap/code/75/usr/share/code/resources/app/out/vs/workbench/workbench.desktop.main.js:85:21747)
    at vscode-file://vscode-app/snap/code/75/usr/share/code/resources/app/out/vs/workbench/workbench.desktop.main.js:85:18625
    at l.fire (vscode-file://vscode-app/snap/code/75/usr/share/code/resources/app/out/vs/workbench/workbench.desktop.main.js:69:1712)
    at b.acceptChunk (vscode-file://vscode-app/snap/code/75/usr/share/code/resources/app/out/vs/workbench/workbench.desktop.main.js:85:13838)
    at vscode-file://vscode-app/snap/code/75/usr/share/code/resources/app/out/vs/workbench/workbench.desktop.main.js:85:13186
    at Socket.k (vscode-file://vscode-app/snap/code/75/usr/share/code/resources/app/out/vs/workbench/workbench.desktop.main.js:2872:164165)
    at Socket.emit (events.js:315:20)
    at addChunk (internal/streams/readable.js:309:12)
    at readableAddChunk (internal/streams/readable.js:284:9)
    at Socket.Readable.push (internal/streams/readable.js:223:10)
    at Pipe.onStreamRead (internal/stream_base_commons.js:188:23)
[2021-10-06 12:55:17.719] [renderer1] [error] TreeError [CallStackView] Data tree node not found: [object Object]: Error: TreeError [CallStackView] Data tree node not found: [object Object]
    at Z.getDataNode (vscode-file://vscode-app/snap/code/75/usr/share/code/resources/app/out/vs/workbench/workbench.desktop.main.js:185:19819)
    at Z.rerender (vscode-file://vscode-app/snap/code/75/usr/share/code/resources/app/out/vs/workbench/workbench.desktop.main.js:185:17321)
    at vscode-file://vscode-app/snap/code/75/usr/share/code/resources/app/out/vs/workbench/workbench.desktop.main.js:1981:23173
    at l.fire (vscode-file://vscode-app/snap/code/75/usr/share/code/resources/app/out/vs/workbench/workbench.desktop.main.js:69:1712)
    at O.setName (vscode-file://vscode-app/snap/code/75/usr/share/code/resources/app/out/vs/workbench/workbench.desktop.main.js:1943:37389)
    at g.$setDebugSessionName (vscode-file://vscode-app/snap/code/75/usr/share/code/resources/app/out/vs/workbench/workbench.desktop.main.js:1493:7362)
    at u._doInvokeHandler (vscode-file://vscode-app/snap/code/75/usr/share/code/resources/app/out/vs/workbench/workbench.desktop.main.js:1502:12737)
    at u._invokeHandler (vscode-file://vscode-app/snap/code/75/usr/share/code/resources/app/out/vs/workbench/workbench.desktop.main.js:1502:12421)
    at u._receiveRequest (vscode-file://vscode-app/snap/code/75/usr/share/code/resources/app/out/vs/workbench/workbench.desktop.main.js:1502:11083)
    at u._receiveOneMessage (vscode-file://vscode-app/snap/code/75/usr/share/code/resources/app/out/vs/workbench/workbench.desktop.main.js:1502:9761)
    at vscode-file://vscode-app/snap/code/75/usr/share/code/resources/app/out/vs/workbench/workbench.desktop.main.js:1502:7857
    at l.fire (vscode-file://vscode-app/snap/code/75/usr/share/code/resources/app/out/vs/workbench/workbench.desktop.main.js:69:1712)
    at r.fire (vscode-file://vscode-app/snap/code/75/usr/share/code/resources/app/out/vs/workbench/workbench.desktop.main.js:85:16477)
    at f._receiveMessage (vscode-file://vscode-app/snap/code/75/usr/share/code/resources/app/out/vs/workbench/workbench.desktop.main.js:85:21747)
    at vscode-file://vscode-app/snap/code/75/usr/share/code/resources/app/out/vs/workbench/workbench.desktop.main.js:85:18625
    at l.fire (vscode-file://vscode-app/snap/code/75/usr/share/code/resources/app/out/vs/workbench/workbench.desktop.main.js:69:1712)
    at b.acceptChunk (vscode-file://vscode-app/snap/code/75/usr/share/code/resources/app/out/vs/workbench/workbench.desktop.main.js:85:13838)
    at vscode-file://vscode-app/snap/code/75/usr/share/code/resources/app/out/vs/workbench/workbench.desktop.main.js:85:13186
    at Socket.k (vscode-file://vscode-app/snap/code/75/usr/share/code/resources/app/out/vs/workbench/workbench.desktop.main.js:2872:164165)
    at Socket.emit (events.js:315:20)
    at addChunk (internal/streams/readable.js:309:12)
    at readableAddChunk (internal/streams/readable.js:284:9)
    at Socket.Readable.push (internal/streams/readable.js:223:10)
    at Pipe.onStreamRead (internal/stream_base_commons.js:188:23)
[2021-10-06 12:55:30.458] [renderer1] [error] TreeError [CallStackView] Data tree node not found: [object Object]: Error: TreeError [CallStackView] Data tree node not found: [object Object]
    at Z.getDataNode (vscode-file://vscode-app/snap/code/75/usr/share/code/resources/app/out/vs/workbench/workbench.desktop.main.js:185:19819)
    at Z.rerender (vscode-file://vscode-app/snap/code/75/usr/share/code/resources/app/out/vs/workbench/workbench.desktop.main.js:185:17321)
    at vscode-file://vscode-app/snap/code/75/usr/share/code/resources/app/out/vs/workbench/workbench.desktop.main.js:1981:23173
    at l.fire (vscode-file://vscode-app/snap/code/75/usr/share/code/resources/app/out/vs/workbench/workbench.desktop.main.js:69:1712)
    at O.setName (vscode-file://vscode-app/snap/code/75/usr/share/code/resources/app/out/vs/workbench/workbench.desktop.main.js:1943:37389)
    at g.$setDebugSessionName (vscode-file://vscode-app/snap/code/75/usr/share/code/resources/app/out/vs/workbench/workbench.desktop.main.js:1493:7362)
    at u._doInvokeHandler (vscode-file://vscode-app/snap/code/75/usr/share/code/resources/app/out/vs/workbench/workbench.desktop.main.js:1502:12737)
    at u._invokeHandler (vscode-file://vscode-app/snap/code/75/usr/share/code/resources/app/out/vs/workbench/workbench.desktop.main.js:1502:12421)
    at u._receiveRequest (vscode-file://vscode-app/snap/code/75/usr/share/code/resources/app/out/vs/workbench/workbench.desktop.main.js:1502:11083)
    at u._receiveOneMessage (vscode-file://vscode-app/snap/code/75/usr/share/code/resources/app/out/vs/workbench/workbench.desktop.main.js:1502:9761)
    at vscode-file://vscode-app/snap/code/75/usr/share/code/resources/app/out/vs/workbench/workbench.desktop.main.js:1502:7857
    at l.fire (vscode-file://vscode-app/snap/code/75/usr/share/code/resources/app/out/vs/workbench/workbench.desktop.main.js:69:1712)
    at r.fire (vscode-file://vscode-app/snap/code/75/usr/share/code/resources/app/out/vs/workbench/workbench.desktop.main.js:85:16477)
    at f._receiveMessage (vscode-file://vscode-app/snap/code/75/usr/share/code/resources/app/out/vs/workbench/workbench.desktop.main.js:85:21747)
    at vscode-file://vscode-app/snap/code/75/usr/share/code/resources/app/out/vs/workbench/workbench.desktop.main.js:85:18625
    at l.fire (vscode-file://vscode-app/snap/code/75/usr/share/code/resources/app/out/vs/workbench/workbench.desktop.main.js:69:1712)
    at b.acceptChunk (vscode-file://vscode-app/snap/code/75/usr/share/code/resources/app/out/vs/workbench/workbench.desktop.main.js:85:13838)
    at vscode-file://vscode-app/snap/code/75/usr/share/code/resources/app/out/vs/workbench/workbench.desktop.main.js:85:13186
    at Socket.k (vscode-file://vscode-app/snap/code/75/usr/share/code/resources/app/out/vs/workbench/workbench.desktop.main.js:2872:164165)
    at Socket.emit (events.js:315:20)
    at addChunk (internal/streams/readable.js:309:12)
    at readableAddChunk (internal/streams/readable.js:284:9)
    at Socket.Readable.push (internal/streams/readable.js:223:10)
    at Pipe.onStreamRead (internal/stream_base_commons.js:188:23)
[2021-10-06 12:55:32.798] [renderer1] [error] TreeError [CallStackView] Data tree node not found: [object Object]: Error: TreeError [CallStackView] Data tree node not found: [object Object]
    at Z.getDataNode (vscode-file://vscode-app/snap/code/75/usr/share/code/resources/app/out/vs/workbench/workbench.desktop.main.js:185:19819)
    at Z.rerender (vscode-file://vscode-app/snap/code/75/usr/share/code/resources/app/out/vs/workbench/workbench.desktop.main.js:185:17321)
    at vscode-file://vscode-app/snap/code/75/usr/share/code/resources/app/out/vs/workbench/workbench.desktop.main.js:1981:23173
    at l.fire (vscode-file://vscode-app/snap/code/75/usr/share/code/resources/app/out/vs/workbench/workbench.desktop.main.js:69:1712)
    at O.setName (vscode-file://vscode-app/snap/code/75/usr/share/code/resources/app/out/vs/workbench/workbench.desktop.main.js:1943:37389)
    at g.$setDebugSessionName (vscode-file://vscode-app/snap/code/75/usr/share/code/resources/app/out/vs/workbench/workbench.desktop.main.js:1493:7362)
    at u._doInvokeHandler (vscode-file://vscode-app/snap/code/75/usr/share/code/resources/app/out/vs/workbench/workbench.desktop.main.js:1502:12737)
    at u._invokeHandler (vscode-file://vscode-app/snap/code/75/usr/share/code/resources/app/out/vs/workbench/workbench.desktop.main.js:1502:12421)
    at u._receiveRequest (vscode-file://vscode-app/snap/code/75/usr/share/code/resources/app/out/vs/workbench/workbench.desktop.main.js:1502:11083)
    at u._receiveOneMessage (vscode-file://vscode-app/snap/code/75/usr/share/code/resources/app/out/vs/workbench/workbench.desktop.main.js:1502:9761)
    at vscode-file://vscode-app/snap/code/75/usr/share/code/resources/app/out/vs/workbench/workbench.desktop.main.js:1502:7857
    at l.fire (vscode-file://vscode-app/snap/code/75/usr/share/code/resources/app/out/vs/workbench/workbench.desktop.main.js:69:1712)
    at r.fire (vscode-file://vscode-app/snap/code/75/usr/share/code/resources/app/out/vs/workbench/workbench.desktop.main.js:85:16477)
    at f._receiveMessage (vscode-file://vscode-app/snap/code/75/usr/share/code/resources/app/out/vs/workbench/workbench.desktop.main.js:85:21747)
    at vscode-file://vscode-app/snap/code/75/usr/share/code/resources/app/out/vs/workbench/workbench.desktop.main.js:85:18625
    at l.fire (vscode-file://vscode-app/snap/code/75/usr/share/code/resources/app/out/vs/workbench/workbench.desktop.main.js:69:1712)
    at b.acceptChunk (vscode-file://vscode-app/snap/code/75/usr/share/code/resources/app/out/vs/workbench/workbench.desktop.main.js:85:13838)
    at vscode-file://vscode-app/snap/code/75/usr/share/code/resources/app/out/vs/workbench/workbench.desktop.main.js:85:13186
    at Socket.k (vscode-file://vscode-app/snap/code/75/usr/share/code/resources/app/out/vs/workbench/workbench.desktop.main.js:2872:164165)
    at Socket.emit (events.js:315:20)
    at addChunk (internal/streams/readable.js:309:12)
    at readableAddChunk (internal/streams/readable.js:284:9)
    at Socket.Readable.push (internal/streams/readable.js:223:10)
    at Pipe.onStreamRead (internal/stream_base_commons.js:188:23)
[2021-10-06 12:55:51.431] [renderer1] [error] TreeError [CallStackView] Data tree node not found: [object Object]: Error: TreeError [CallStackView] Data tree node not found: [object Object]
    at Z.getDataNode (vscode-file://vscode-app/snap/code/75/usr/share/code/resources/app/out/vs/workbench/workbench.desktop.main.js:185:19819)
    at Z.rerender (vscode-file://vscode-app/snap/code/75/usr/share/code/resources/app/out/vs/workbench/workbench.desktop.main.js:185:17321)
    at vscode-file://vscode-app/snap/code/75/usr/share/code/resources/app/out/vs/workbench/workbench.desktop.main.js:1981:23173
    at l.fire (vscode-file://vscode-app/snap/code/75/usr/share/code/resources/app/out/vs/workbench/workbench.desktop.main.js:69:1712)
    at O.setName (vscode-file://vscode-app/snap/code/75/usr/share/code/resources/app/out/vs/workbench/workbench.desktop.main.js:1943:37389)
    at g.$setDebugSessionName (vscode-file://vscode-app/snap/code/75/usr/share/code/resources/app/out/vs/workbench/workbench.desktop.main.js:1493:7362)
    at u._doInvokeHandler (vscode-file://vscode-app/snap/code/75/usr/share/code/resources/app/out/vs/workbench/workbench.desktop.main.js:1502:12737)
    at u._invokeHandler (vscode-file://vscode-app/snap/code/75/usr/share/code/resources/app/out/vs/workbench/workbench.desktop.main.js:1502:12421)
    at u._receiveRequest (vscode-file://vscode-app/snap/code/75/usr/share/code/resources/app/out/vs/workbench/workbench.desktop.main.js:1502:11083)
    at u._receiveOneMessage (vscode-file://vscode-app/snap/code/75/usr/share/code/resources/app/out/vs/workbench/workbench.desktop.main.js:1502:9761)
    at vscode-file://vscode-app/snap/code/75/usr/share/code/resources/app/out/vs/workbench/workbench.desktop.main.js:1502:7857
    at l.fire (vscode-file://vscode-app/snap/code/75/usr/share/code/resources/app/out/vs/workbench/workbench.desktop.main.js:69:1712)
    at r.fire (vscode-file://vscode-app/snap/code/75/usr/share/code/resources/app/out/vs/workbench/workbench.desktop.main.js:85:16477)
    at f._receiveMessage (vscode-file://vscode-app/snap/code/75/usr/share/code/resources/app/out/vs/workbench/workbench.desktop.main.js:85:21747)
    at vscode-file://vscode-app/snap/code/75/usr/share/code/resources/app/out/vs/workbench/workbench.desktop.main.js:85:18625
    at l.fire (vscode-file://vscode-app/snap/code/75/usr/share/code/resources/app/out/vs/workbench/workbench.desktop.main.js:69:1712)
    at b.acceptChunk (vscode-file://vscode-app/snap/code/75/usr/share/code/resources/app/out/vs/workbench/workbench.desktop.main.js:85:13838)
    at vscode-file://vscode-app/snap/code/75/usr/share/code/resources/app/out/vs/workbench/workbench.desktop.main.js:85:13186
    at Socket.k (vscode-file://vscode-app/snap/code/75/usr/share/code/resources/app/out/vs/workbench/workbench.desktop.main.js:2872:164165)
    at Socket.emit (events.js:315:20)
    at addChunk (internal/streams/readable.js:309:12)
    at readableAddChunk (internal/streams/readable.js:284:9)
    at Socket.Readable.push (internal/streams/readable.js:223:10)
    at Pipe.onStreamRead (internal/stream_base_commons.js:188:23)
[2021-10-06 12:55:53.513] [renderer1] [error] TreeError [CallStackView] Data tree node not found: [object Object]: Error: TreeError [CallStackView] Data tree node not found: [object Object]
    at Z.getDataNode (vscode-file://vscode-app/snap/code/75/usr/share/code/resources/app/out/vs/workbench/workbench.desktop.main.js:185:19819)
    at Z.rerender (vscode-file://vscode-app/snap/code/75/usr/share/code/resources/app/out/vs/workbench/workbench.desktop.main.js:185:17321)
    at vscode-file://vscode-app/snap/code/75/usr/share/code/resources/app/out/vs/workbench/workbench.desktop.main.js:1981:23173
    at l.fire (vscode-file://vscode-app/snap/code/75/usr/share/code/resources/app/out/vs/workbench/workbench.desktop.main.js:69:1712)
    at O.setName (vscode-file://vscode-app/snap/code/75/usr/share/code/resources/app/out/vs/workbench/workbench.desktop.main.js:1943:37389)
    at g.$setDebugSessionName (vscode-file://vscode-app/snap/code/75/usr/share/code/resources/app/out/vs/workbench/workbench.desktop.main.js:1493:7362)
    at u._doInvokeHandler (vscode-file://vscode-app/snap/code/75/usr/share/code/resources/app/out/vs/workbench/workbench.desktop.main.js:1502:12737)
    at u._invokeHandler (vscode-file://vscode-app/snap/code/75/usr/share/code/resources/app/out/vs/workbench/workbench.desktop.main.js:1502:12421)
    at u._receiveRequest (vscode-file://vscode-app/snap/code/75/usr/share/code/resources/app/out/vs/workbench/workbench.desktop.main.js:1502:11083)
    at u._receiveOneMessage (vscode-file://vscode-app/snap/code/75/usr/share/code/resources/app/out/vs/workbench/workbench.desktop.main.js:1502:9761)
    at vscode-file://vscode-app/snap/code/75/usr/share/code/resources/app/out/vs/workbench/workbench.desktop.main.js:1502:7857
    at l.fire (vscode-file://vscode-app/snap/code/75/usr/share/code/resources/app/out/vs/workbench/workbench.desktop.main.js:69:1712)
    at r.fire (vscode-file://vscode-app/snap/code/75/usr/share/code/resources/app/out/vs/workbench/workbench.desktop.main.js:85:16477)
    at f._receiveMessage (vscode-file://vscode-app/snap/code/75/usr/share/code/resources/app/out/vs/workbench/workbench.desktop.main.js:85:21747)
    at vscode-file://vscode-app/snap/code/75/usr/share/code/resources/app/out/vs/workbench/workbench.desktop.main.js:85:18625
    at l.fire (vscode-file://vscode-app/snap/code/75/usr/share/code/resources/app/out/vs/workbench/workbench.desktop.main.js:69:1712)
    at b.acceptChunk (vscode-file://vscode-app/snap/code/75/usr/share/code/resources/app/out/vs/workbench/workbench.desktop.main.js:85:13838)
    at vscode-file://vscode-app/snap/code/75/usr/share/code/resources/app/out/vs/workbench/workbench.desktop.main.js:85:13186
    at Socket.k (vscode-file://vscode-app/snap/code/75/usr/share/code/resources/app/out/vs/workbench/workbench.desktop.main.js:2872:164165)
    at Socket.emit (events.js:315:20)
    at addChunk (internal/streams/readable.js:309:12)
    at readableAddChunk (internal/streams/readable.js:284:9)
    at Socket.Readable.push (internal/streams/readable.js:223:10)
    at Pipe.onStreamRead (internal/stream_base_commons.js:188:23)
[2021-10-06 12:57:22.528] [renderer1] [error] TreeError [CallStackView] Data tree node not found: [object Object]: Error: TreeError [CallStackView] Data tree node not found: [object Object]
    at Z.getDataNode (vscode-file://vscode-app/snap/code/75/usr/share/code/resources/app/out/vs/workbench/workbench.desktop.main.js:185:19819)
    at Z.rerender (vscode-file://vscode-app/snap/code/75/usr/share/code/resources/app/out/vs/workbench/workbench.desktop.main.js:185:17321)
    at vscode-file://vscode-app/snap/code/75/usr/share/code/resources/app/out/vs/workbench/workbench.desktop.main.js:1981:23173
    at l.fire (vscode-file://vscode-app/snap/code/75/usr/share/code/resources/app/out/vs/workbench/workbench.desktop.main.js:69:1712)
    at O.setName (vscode-file://vscode-app/snap/code/75/usr/share/code/resources/app/out/vs/workbench/workbench.desktop.main.js:1943:37389)
    at g.$setDebugSessionName (vscode-file://vscode-app/snap/code/75/usr/share/code/resources/app/out/vs/workbench/workbench.desktop.main.js:1493:7362)
    at u._doInvokeHandler (vscode-file://vscode-app/snap/code/75/usr/share/code/resources/app/out/vs/workbench/workbench.desktop.main.js:1502:12737)
    at u._invokeHandler (vscode-file://vscode-app/snap/code/75/usr/share/code/resources/app/out/vs/workbench/workbench.desktop.main.js:1502:12421)
    at u._receiveRequest (vscode-file://vscode-app/snap/code/75/usr/share/code/resources/app/out/vs/workbench/workbench.desktop.main.js:1502:11083)
    at u._receiveOneMessage (vscode-file://vscode-app/snap/code/75/usr/share/code/resources/app/out/vs/workbench/workbench.desktop.main.js:1502:9761)
    at vscode-file://vscode-app/snap/code/75/usr/share/code/resources/app/out/vs/workbench/workbench.desktop.main.js:1502:7857
    at l.fire (vscode-file://vscode-app/snap/code/75/usr/share/code/resources/app/out/vs/workbench/workbench.desktop.main.js:69:1712)
    at r.fire (vscode-file://vscode-app/snap/code/75/usr/share/code/resources/app/out/vs/workbench/workbench.desktop.main.js:85:16477)
    at f._receiveMessage (vscode-file://vscode-app/snap/code/75/usr/share/code/resources/app/out/vs/workbench/workbench.desktop.main.js:85:21747)
    at vscode-file://vscode-app/snap/code/75/usr/share/code/resources/app/out/vs/workbench/workbench.desktop.main.js:85:18625
    at l.fire (vscode-file://vscode-app/snap/code/75/usr/share/code/resources/app/out/vs/workbench/workbench.desktop.main.js:69:1712)
    at b.acceptChunk (vscode-file://vscode-app/snap/code/75/usr/share/code/resources/app/out/vs/workbench/workbench.desktop.main.js:85:13838)
    at vscode-file://vscode-app/snap/code/75/usr/share/code/resources/app/out/vs/workbench/workbench.desktop.main.js:85:13186
    at Socket.k (vscode-file://vscode-app/snap/code/75/usr/share/code/resources/app/out/vs/workbench/workbench.desktop.main.js:2872:164165)
    at Socket.emit (events.js:315:20)
    at addChunk (internal/streams/readable.js:309:12)
    at readableAddChunk (internal/streams/readable.js:284:9)
    at Socket.Readable.push (internal/streams/readable.js:223:10)
    at Pipe.onStreamRead (internal/stream_base_commons.js:188:23)
[2021-10-06 13:22:25.264] [renderer1] [error] TreeError [CallStackView] Data tree node not found: [object Object]: Error: TreeError [CallStackView] Data tree node not found: [object Object]
    at Z.getDataNode (vscode-file://vscode-app/snap/code/75/usr/share/code/resources/app/out/vs/workbench/workbench.desktop.main.js:185:19819)
    at Z.rerender (vscode-file://vscode-app/snap/code/75/usr/share/code/resources/app/out/vs/workbench/workbench.desktop.main.js:185:17321)
    at vscode-file://vscode-app/snap/code/75/usr/share/code/resources/app/out/vs/workbench/workbench.desktop.main.js:1981:23173
    at l.fire (vscode-file://vscode-app/snap/code/75/usr/share/code/resources/app/out/vs/workbench/workbench.desktop.main.js:69:1712)
    at O.setName (vscode-file://vscode-app/snap/code/75/usr/share/code/resources/app/out/vs/workbench/workbench.desktop.main.js:1943:37389)
    at g.$setDebugSessionName (vscode-file://vscode-app/snap/code/75/usr/share/code/resources/app/out/vs/workbench/workbench.desktop.main.js:1493:7362)
    at u._doInvokeHandler (vscode-file://vscode-app/snap/code/75/usr/share/code/resources/app/out/vs/workbench/workbench.desktop.main.js:1502:12737)
    at u._invokeHandler (vscode-file://vscode-app/snap/code/75/usr/share/code/resources/app/out/vs/workbench/workbench.desktop.main.js:1502:12421)
    at u._receiveRequest (vscode-file://vscode-app/snap/code/75/usr/share/code/resources/app/out/vs/workbench/workbench.desktop.main.js:1502:11083)
    at u._receiveOneMessage (vscode-file://vscode-app/snap/code/75/usr/share/code/resources/app/out/vs/workbench/workbench.desktop.main.js:1502:9761)
    at vscode-file://vscode-app/snap/code/75/usr/share/code/resources/app/out/vs/workbench/workbench.desktop.main.js:1502:7857
    at l.fire (vscode-file://vscode-app/snap/code/75/usr/share/code/resources/app/out/vs/workbench/workbench.desktop.main.js:69:1712)
    at r.fire (vscode-file://vscode-app/snap/code/75/usr/share/code/resources/app/out/vs/workbench/workbench.desktop.main.js:85:16477)
    at f._receiveMessage (vscode-file://vscode-app/snap/code/75/usr/share/code/resources/app/out/vs/workbench/workbench.desktop.main.js:85:21747)
    at vscode-file://vscode-app/snap/code/75/usr/share/code/resources/app/out/vs/workbench/workbench.desktop.main.js:85:18625
    at l.fire (vscode-file://vscode-app/snap/code/75/usr/share/code/resources/app/out/vs/workbench/workbench.desktop.main.js:69:1712)
    at b.acceptChunk (vscode-file://vscode-app/snap/code/75/usr/share/code/resources/app/out/vs/workbench/workbench.desktop.main.js:85:13838)
    at vscode-file://vscode-app/snap/code/75/usr/share/code/resources/app/out/vs/workbench/workbench.desktop.main.js:85:13186
    at Socket.k (vscode-file://vscode-app/snap/code/75/usr/share/code/resources/app/out/vs/workbench/workbench.desktop.main.js:2872:164165)
    at Socket.emit (events.js:315:20)
    at addChunk (internal/streams/readable.js:309:12)
    at readableAddChunk (internal/streams/readable.js:284:9)
    at Socket.Readable.push (internal/streams/readable.js:223:10)
    at Pipe.onStreamRead (internal/stream_base_commons.js:188:23)
[2021-10-06 13:22:26.869] [renderer1] [error] TreeError [CallStackView] Data tree node not found: [object Object]: Error: TreeError [CallStackView] Data tree node not found: [object Object]
    at Z.getDataNode (vscode-file://vscode-app/snap/code/75/usr/share/code/resources/app/out/vs/workbench/workbench.desktop.main.js:185:19819)
    at Z.rerender (vscode-file://vscode-app/snap/code/75/usr/share/code/resources/app/out/vs/workbench/workbench.desktop.main.js:185:17321)
    at vscode-file://vscode-app/snap/code/75/usr/share/code/resources/app/out/vs/workbench/workbench.desktop.main.js:1981:23173
    at l.fire (vscode-file://vscode-app/snap/code/75/usr/share/code/resources/app/out/vs/workbench/workbench.desktop.main.js:69:1712)
    at O.setName (vscode-file://vscode-app/snap/code/75/usr/share/code/resources/app/out/vs/workbench/workbench.desktop.main.js:1943:37389)
    at g.$setDebugSessionName (vscode-file://vscode-app/snap/code/75/usr/share/code/resources/app/out/vs/workbench/workbench.desktop.main.js:1493:7362)
    at u._doInvokeHandler (vscode-file://vscode-app/snap/code/75/usr/share/code/resources/app/out/vs/workbench/workbench.desktop.main.js:1502:12737)
    at u._invokeHandler (vscode-file://vscode-app/snap/code/75/usr/share/code/resources/app/out/vs/workbench/workbench.desktop.main.js:1502:12421)
    at u._receiveRequest (vscode-file://vscode-app/snap/code/75/usr/share/code/resources/app/out/vs/workbench/workbench.desktop.main.js:1502:11083)
    at u._receiveOneMessage (vscode-file://vscode-app/snap/code/75/usr/share/code/resources/app/out/vs/workbench/workbench.desktop.main.js:1502:9761)
    at vscode-file://vscode-app/snap/code/75/usr/share/code/resources/app/out/vs/workbench/workbench.desktop.main.js:1502:7857
    at l.fire (vscode-file://vscode-app/snap/code/75/usr/share/code/resources/app/out/vs/workbench/workbench.desktop.main.js:69:1712)
    at r.fire (vscode-file://vscode-app/snap/code/75/usr/share/code/resources/app/out/vs/workbench/workbench.desktop.main.js:85:16477)
    at f._receiveMessage (vscode-file://vscode-app/snap/code/75/usr/share/code/resources/app/out/vs/workbench/workbench.desktop.main.js:85:21747)
    at vscode-file://vscode-app/snap/code/75/usr/share/code/resources/app/out/vs/workbench/workbench.desktop.main.js:85:18625
    at l.fire (vscode-file://vscode-app/snap/code/75/usr/share/code/resources/app/out/vs/workbench/workbench.desktop.main.js:69:1712)
    at b.acceptChunk (vscode-file://vscode-app/snap/code/75/usr/share/code/resources/app/out/vs/workbench/workbench.desktop.main.js:85:13838)
    at vscode-file://vscode-app/snap/code/75/usr/share/code/resources/app/out/vs/workbench/workbench.desktop.main.js:85:13186
    at Socket.k (vscode-file://vscode-app/snap/code/75/usr/share/code/resources/app/out/vs/workbench/workbench.desktop.main.js:2872:164165)
    at Socket.emit (events.js:315:20)
    at addChunk (internal/streams/readable.js:309:12)
    at readableAddChunk (internal/streams/readable.js:284:9)
    at Socket.Readable.push (internal/streams/readable.js:223:10)
    at Pipe.onStreamRead (internal/stream_base_commons.js:188:23)
[2021-10-06 13:23:46.920] [renderer1] [error] TreeError [CallStackView] Data tree node not found: [object Object]: Error: TreeError [CallStackView] Data tree node not found: [object Object]
    at Z.getDataNode (vscode-file://vscode-app/snap/code/75/usr/share/code/resources/app/out/vs/workbench/workbench.desktop.main.js:185:19819)
    at Z.rerender (vscode-file://vscode-app/snap/code/75/usr/share/code/resources/app/out/vs/workbench/workbench.desktop.main.js:185:17321)
    at vscode-file://vscode-app/snap/code/75/usr/share/code/resources/app/out/vs/workbench/workbench.desktop.main.js:1981:23173
    at l.fire (vscode-file://vscode-app/snap/code/75/usr/share/code/resources/app/out/vs/workbench/workbench.desktop.main.js:69:1712)
    at O.setName (vscode-file://vscode-app/snap/code/75/usr/share/code/resources/app/out/vs/workbench/workbench.desktop.main.js:1943:37389)
    at g.$setDebugSessionName (vscode-file://vscode-app/snap/code/75/usr/share/code/resources/app/out/vs/workbench/workbench.desktop.main.js:1493:7362)
    at u._doInvokeHandler (vscode-file://vscode-app/snap/code/75/usr/share/code/resources/app/out/vs/workbench/workbench.desktop.main.js:1502:12737)
    at u._invokeHandler (vscode-file://vscode-app/snap/code/75/usr/share/code/resources/app/out/vs/workbench/workbench.desktop.main.js:1502:12421)
    at u._receiveRequest (vscode-file://vscode-app/snap/code/75/usr/share/code/resources/app/out/vs/workbench/workbench.desktop.main.js:1502:11083)
    at u._receiveOneMessage (vscode-file://vscode-app/snap/code/75/usr/share/code/resources/app/out/vs/workbench/workbench.desktop.main.js:1502:9761)
    at vscode-file://vscode-app/snap/code/75/usr/share/code/resources/app/out/vs/workbench/workbench.desktop.main.js:1502:7857
    at l.fire (vscode-file://vscode-app/snap/code/75/usr/share/code/resources/app/out/vs/workbench/workbench.desktop.main.js:69:1712)
    at r.fire (vscode-file://vscode-app/snap/code/75/usr/share/code/resources/app/out/vs/workbench/workbench.desktop.main.js:85:16477)
    at f._receiveMessage (vscode-file://vscode-app/snap/code/75/usr/share/code/resources/app/out/vs/workbench/workbench.desktop.main.js:85:21747)
    at vscode-file://vscode-app/snap/code/75/usr/share/code/resources/app/out/vs/workbench/workbench.desktop.main.js:85:18625
    at l.fire (vscode-file://vscode-app/snap/code/75/usr/share/code/resources/app/out/vs/workbench/workbench.desktop.main.js:69:1712)
    at b.acceptChunk (vscode-file://vscode-app/snap/code/75/usr/share/code/resources/app/out/vs/workbench/workbench.desktop.main.js:85:13838)
    at vscode-file://vscode-app/snap/code/75/usr/share/code/resources/app/out/vs/workbench/workbench.desktop.main.js:85:13186
    at Socket.k (vscode-file://vscode-app/snap/code/75/usr/share/code/resources/app/out/vs/workbench/workbench.desktop.main.js:2872:164165)
    at Socket.emit (events.js:315:20)
    at addChunk (internal/streams/readable.js:309:12)
    at readableAddChunk (internal/streams/readable.js:284:9)
    at Socket.Readable.push (internal/streams/readable.js:223:10)
    at Pipe.onStreamRead (internal/stream_base_commons.js:188:23)
[2021-10-06 13:27:31.150] [renderer1] [error] TreeError [CallStackView] Data tree node not found: [object Object]: Error: TreeError [CallStackView] Data tree node not found: [object Object]
    at Z.getDataNode (vscode-file://vscode-app/snap/code/75/usr/share/code/resources/app/out/vs/workbench/workbench.desktop.main.js:185:19819)
    at Z.rerender (vscode-file://vscode-app/snap/code/75/usr/share/code/resources/app/out/vs/workbench/workbench.desktop.main.js:185:17321)
    at vscode-file://vscode-app/snap/code/75/usr/share/code/resources/app/out/vs/workbench/workbench.desktop.main.js:1981:23173
    at l.fire (vscode-file://vscode-app/snap/code/75/usr/share/code/resources/app/out/vs/workbench/workbench.desktop.main.js:69:1712)
    at O.setName (vscode-file://vscode-app/snap/code/75/usr/share/code/resources/app/out/vs/workbench/workbench.desktop.main.js:1943:37389)
    at g.$setDebugSessionName (vscode-file://vscode-app/snap/code/75/usr/share/code/resources/app/out/vs/workbench/workbench.desktop.main.js:1493:7362)
    at u._doInvokeHandler (vscode-file://vscode-app/snap/code/75/usr/share/code/resources/app/out/vs/workbench/workbench.desktop.main.js:1502:12737)
    at u._invokeHandler (vscode-file://vscode-app/snap/code/75/usr/share/code/resources/app/out/vs/workbench/workbench.desktop.main.js:1502:12421)
    at u._receiveRequest (vscode-file://vscode-app/snap/code/75/usr/share/code/resources/app/out/vs/workbench/workbench.desktop.main.js:1502:11083)
    at u._receiveOneMessage (vscode-file://vscode-app/snap/code/75/usr/share/code/resources/app/out/vs/workbench/workbench.desktop.main.js:1502:9761)
    at vscode-file://vscode-app/snap/code/75/usr/share/code/resources/app/out/vs/workbench/workbench.desktop.main.js:1502:7857
    at l.fire (vscode-file://vscode-app/snap/code/75/usr/share/code/resources/app/out/vs/workbench/workbench.desktop.main.js:69:1712)
    at r.fire (vscode-file://vscode-app/snap/code/75/usr/share/code/resources/app/out/vs/workbench/workbench.desktop.main.js:85:16477)
    at f._receiveMessage (vscode-file://vscode-app/snap/code/75/usr/share/code/resources/app/out/vs/workbench/workbench.desktop.main.js:85:21747)
    at vscode-file://vscode-app/snap/code/75/usr/share/code/resources/app/out/vs/workbench/workbench.desktop.main.js:85:18625
    at l.fire (vscode-file://vscode-app/snap/code/75/usr/share/code/resources/app/out/vs/workbench/workbench.desktop.main.js:69:1712)
    at b.acceptChunk (vscode-file://vscode-app/snap/code/75/usr/share/code/resources/app/out/vs/workbench/workbench.desktop.main.js:85:13838)
    at vscode-file://vscode-app/snap/code/75/usr/share/code/resources/app/out/vs/workbench/workbench.desktop.main.js:85:13186
    at Socket.k (vscode-file://vscode-app/snap/code/75/usr/share/code/resources/app/out/vs/workbench/workbench.desktop.main.js:2872:164165)
    at Socket.emit (events.js:315:20)
    at addChunk (internal/streams/readable.js:309:12)
    at readableAddChunk (internal/streams/readable.js:284:9)
    at Socket.Readable.push (internal/streams/readable.js:223:10)
    at Pipe.onStreamRead (internal/stream_base_commons.js:188:23)
[2021-10-06 13:28:06.882] [renderer1] [error] TreeError [CallStackView] Data tree node not found: [object Object]: Error: TreeError [CallStackView] Data tree node not found: [object Object]
    at Z.getDataNode (vscode-file://vscode-app/snap/code/75/usr/share/code/resources/app/out/vs/workbench/workbench.desktop.main.js:185:19819)
    at Z.rerender (vscode-file://vscode-app/snap/code/75/usr/share/code/resources/app/out/vs/workbench/workbench.desktop.main.js:185:17321)
    at vscode-file://vscode-app/snap/code/75/usr/share/code/resources/app/out/vs/workbench/workbench.desktop.main.js:1981:23173
    at l.fire (vscode-file://vscode-app/snap/code/75/usr/share/code/resources/app/out/vs/workbench/workbench.desktop.main.js:69:1712)
    at O.setName (vscode-file://vscode-app/snap/code/75/usr/share/code/resources/app/out/vs/workbench/workbench.desktop.main.js:1943:37389)
    at g.$setDebugSessionName (vscode-file://vscode-app/snap/code/75/usr/share/code/resources/app/out/vs/workbench/workbench.desktop.main.js:1493:7362)
    at u._doInvokeHandler (vscode-file://vscode-app/snap/code/75/usr/share/code/resources/app/out/vs/workbench/workbench.desktop.main.js:1502:12737)
    at u._invokeHandler (vscode-file://vscode-app/snap/code/75/usr/share/code/resources/app/out/vs/workbench/workbench.desktop.main.js:1502:12421)
    at u._receiveRequest (vscode-file://vscode-app/snap/code/75/usr/share/code/resources/app/out/vs/workbench/workbench.desktop.main.js:1502:11083)
    at u._receiveOneMessage (vscode-file://vscode-app/snap/code/75/usr/share/code/resources/app/out/vs/workbench/workbench.desktop.main.js:1502:9761)
    at vscode-file://vscode-app/snap/code/75/usr/share/code/resources/app/out/vs/workbench/workbench.desktop.main.js:1502:7857
    at l.fire (vscode-file://vscode-app/snap/code/75/usr/share/code/resources/app/out/vs/workbench/workbench.desktop.main.js:69:1712)
    at r.fire (vscode-file://vscode-app/snap/code/75/usr/share/code/resources/app/out/vs/workbench/workbench.desktop.main.js:85:16477)
    at f._receiveMessage (vscode-file://vscode-app/snap/code/75/usr/share/code/resources/app/out/vs/workbench/workbench.desktop.main.js:85:21747)
    at vscode-file://vscode-app/snap/code/75/usr/share/code/resources/app/out/vs/workbench/workbench.desktop.main.js:85:18625
    at l.fire (vscode-file://vscode-app/snap/code/75/usr/share/code/resources/app/out/vs/workbench/workbench.desktop.main.js:69:1712)
    at b.acceptChunk (vscode-file://vscode-app/snap/code/75/usr/share/code/resources/app/out/vs/workbench/workbench.desktop.main.js:85:13838)
    at vscode-file://vscode-app/snap/code/75/usr/share/code/resources/app/out/vs/workbench/workbench.desktop.main.js:85:13186
    at Socket.k (vscode-file://vscode-app/snap/code/75/usr/share/code/resources/app/out/vs/workbench/workbench.desktop.main.js:2872:164165)
    at Socket.emit (events.js:315:20)
    at addChunk (internal/streams/readable.js:309:12)
    at readableAddChunk (internal/streams/readable.js:284:9)
    at Socket.Readable.push (internal/streams/readable.js:223:10)
    at Pipe.onStreamRead (internal/stream_base_commons.js:188:23)
[2021-10-06 13:35:46.007] [renderer1] [error] TreeError [CallStackView] Data tree node not found: [object Object]: Error: TreeError [CallStackView] Data tree node not found: [object Object]
    at Z.getDataNode (vscode-file://vscode-app/snap/code/75/usr/share/code/resources/app/out/vs/workbench/workbench.desktop.main.js:185:19819)
    at Z.rerender (vscode-file://vscode-app/snap/code/75/usr/share/code/resources/app/out/vs/workbench/workbench.desktop.main.js:185:17321)
    at vscode-file://vscode-app/snap/code/75/usr/share/code/resources/app/out/vs/workbench/workbench.desktop.main.js:1981:23173
    at l.fire (vscode-file://vscode-app/snap/code/75/usr/share/code/resources/app/out/vs/workbench/workbench.desktop.main.js:69:1712)
    at O.setName (vscode-file://vscode-app/snap/code/75/usr/share/code/resources/app/out/vs/workbench/workbench.desktop.main.js:1943:37389)
    at g.$setDebugSessionName (vscode-file://vscode-app/snap/code/75/usr/share/code/resources/app/out/vs/workbench/workbench.desktop.main.js:1493:7362)
    at u._doInvokeHandler (vscode-file://vscode-app/snap/code/75/usr/share/code/resources/app/out/vs/workbench/workbench.desktop.main.js:1502:12737)
    at u._invokeHandler (vscode-file://vscode-app/snap/code/75/usr/share/code/resources/app/out/vs/workbench/workbench.desktop.main.js:1502:12421)
    at u._receiveRequest (vscode-file://vscode-app/snap/code/75/usr/share/code/resources/app/out/vs/workbench/workbench.desktop.main.js:1502:11083)
    at u._receiveOneMessage (vscode-file://vscode-app/snap/code/75/usr/share/code/resources/app/out/vs/workbench/workbench.desktop.main.js:1502:9761)
    at vscode-file://vscode-app/snap/code/75/usr/share/code/resources/app/out/vs/workbench/workbench.desktop.main.js:1502:7857
    at l.fire (vscode-file://vscode-app/snap/code/75/usr/share/code/resources/app/out/vs/workbench/workbench.desktop.main.js:69:1712)
    at r.fire (vscode-file://vscode-app/snap/code/75/usr/share/code/resources/app/out/vs/workbench/workbench.desktop.main.js:85:16477)
    at f._receiveMessage (vscode-file://vscode-app/snap/code/75/usr/share/code/resources/app/out/vs/workbench/workbench.desktop.main.js:85:21747)
    at vscode-file://vscode-app/snap/code/75/usr/share/code/resources/app/out/vs/workbench/workbench.desktop.main.js:85:18625
    at l.fire (vscode-file://vscode-app/snap/code/75/usr/share/code/resources/app/out/vs/workbench/workbench.desktop.main.js:69:1712)
    at b.acceptChunk (vscode-file://vscode-app/snap/code/75/usr/share/code/resources/app/out/vs/workbench/workbench.desktop.main.js:85:13838)
    at vscode-file://vscode-app/snap/code/75/usr/share/code/resources/app/out/vs/workbench/workbench.desktop.main.js:85:13186
    at Socket.k (vscode-file://vscode-app/snap/code/75/usr/share/code/resources/app/out/vs/workbench/workbench.desktop.main.js:2872:164165)
    at Socket.emit (events.js:315:20)
    at addChunk (internal/streams/readable.js:309:12)
    at readableAddChunk (internal/streams/readable.js:284:9)
    at Socket.Readable.push (internal/streams/readable.js:223:10)
    at Pipe.onStreamRead (internal/stream_base_commons.js:188:23)
[2021-10-06 13:38:41.793] [renderer1] [error] TreeError [CallStackView] Data tree node not found: [object Object]: Error: TreeError [CallStackView] Data tree node not found: [object Object]
    at Z.getDataNode (vscode-file://vscode-app/snap/code/75/usr/share/code/resources/app/out/vs/workbench/workbench.desktop.main.js:185:19819)
    at Z.rerender (vscode-file://vscode-app/snap/code/75/usr/share/code/resources/app/out/vs/workbench/workbench.desktop.main.js:185:17321)
    at vscode-file://vscode-app/snap/code/75/usr/share/code/resources/app/out/vs/workbench/workbench.desktop.main.js:1981:23173
    at l.fire (vscode-file://vscode-app/snap/code/75/usr/share/code/resources/app/out/vs/workbench/workbench.desktop.main.js:69:1712)
    at O.setName (vscode-file://vscode-app/snap/code/75/usr/share/code/resources/app/out/vs/workbench/workbench.desktop.main.js:1943:37389)
    at g.$setDebugSessionName (vscode-file://vscode-app/snap/code/75/usr/share/code/resources/app/out/vs/workbench/workbench.desktop.main.js:1493:7362)
    at u._doInvokeHandler (vscode-file://vscode-app/snap/code/75/usr/share/code/resources/app/out/vs/workbench/workbench.desktop.main.js:1502:12737)
    at u._invokeHandler (vscode-file://vscode-app/snap/code/75/usr/share/code/resources/app/out/vs/workbench/workbench.desktop.main.js:1502:12421)
    at u._receiveRequest (vscode-file://vscode-app/snap/code/75/usr/share/code/resources/app/out/vs/workbench/workbench.desktop.main.js:1502:11083)
    at u._receiveOneMessage (vscode-file://vscode-app/snap/code/75/usr/share/code/resources/app/out/vs/workbench/workbench.desktop.main.js:1502:9761)
    at vscode-file://vscode-app/snap/code/75/usr/share/code/resources/app/out/vs/workbench/workbench.desktop.main.js:1502:7857
    at l.fire (vscode-file://vscode-app/snap/code/75/usr/share/code/resources/app/out/vs/workbench/workbench.desktop.main.js:69:1712)
    at r.fire (vscode-file://vscode-app/snap/code/75/usr/share/code/resources/app/out/vs/workbench/workbench.desktop.main.js:85:16477)
    at f._receiveMessage (vscode-file://vscode-app/snap/code/75/usr/share/code/resources/app/out/vs/workbench/workbench.desktop.main.js:85:21747)
    at vscode-file://vscode-app/snap/code/75/usr/share/code/resources/app/out/vs/workbench/workbench.desktop.main.js:85:18625
    at l.fire (vscode-file://vscode-app/snap/code/75/usr/share/code/resources/app/out/vs/workbench/workbench.desktop.main.js:69:1712)
    at b.acceptChunk (vscode-file://vscode-app/snap/code/75/usr/share/code/resources/app/out/vs/workbench/workbench.desktop.main.js:85:13838)
    at vscode-file://vscode-app/snap/code/75/usr/share/code/resources/app/out/vs/workbench/workbench.desktop.main.js:85:13186
    at Socket.k (vscode-file://vscode-app/snap/code/75/usr/share/code/resources/app/out/vs/workbench/workbench.desktop.main.js:2872:164165)
    at Socket.emit (events.js:315:20)
    at addChunk (internal/streams/readable.js:309:12)
    at readableAddChunk (internal/streams/readable.js:284:9)
    at Socket.Readable.push (internal/streams/readable.js:223:10)
    at Pipe.onStreamRead (internal/stream_base_commons.js:188:23)
