[2021-10-21 10:42:18.231] [exthost] [info] extension host started
[2021-10-21 10:42:18.396] [exthost] [info] ExtensionService#_doActivateExtension vscode.microsoft-authentication, startup: false, activationEvent: 'onAuthenticationRequest:microsoft'
[2021-10-21 10:42:18.396] [exthost] [info] ExtensionService#loadCommonJSModule file:///snap/code/78/usr/share/code/resources/app/extensions/microsoft-authentication/dist/extension.js
[2021-10-21 10:42:18.403] [exthost] [info] ExtensionService#_doActivateExtension vscode.debug-auto-launch, startup: true, activationEvent: '*'
[2021-10-21 10:42:18.403] [exthost] [info] ExtensionService#loadCommonJSModule file:///snap/code/78/usr/share/code/resources/app/extensions/debug-auto-launch/dist/extension
[2021-10-21 10:42:18.404] [exthost] [info] ExtensionService#_doActivateExtension vscode.git, startup: true, activationEvent: '*', root cause: vscode.github
[2021-10-21 10:42:18.404] [exthost] [info] ExtensionService#loadCommonJSModule file:///snap/code/78/usr/share/code/resources/app/extensions/git/dist/main
[2021-10-21 10:42:18.474] [exthost] [info] ExtensionService#_doActivateExtension vscode.github, startup: true, activationEvent: '*'
[2021-10-21 10:42:18.474] [exthost] [info] ExtensionService#loadCommonJSModule file:///snap/code/78/usr/share/code/resources/app/extensions/github/dist/extension.js
[2021-10-21 10:42:18.483] [exthost] [info] ExtensionService#_doActivateExtension ms-vscode.js-debug, startup: false, activationEvent: 'onCommand:extension.js-debug.clearAutoAttachVariables'
[2021-10-21 10:42:18.483] [exthost] [info] ExtensionService#loadCommonJSModule file:///snap/code/78/usr/share/code/resources/app/extensions/ms-vscode.js-debug/src/extension.js
[2021-10-21 10:42:18.580] [exthost] [info] eager extensions activated
[2021-10-21 10:42:18.594] [exthost] [info] ExtensionService#_doActivateExtension vscode.emmet, startup: false, activationEvent: 'onStartupFinished'
[2021-10-21 10:42:18.594] [exthost] [info] ExtensionService#loadCommonJSModule file:///snap/code/78/usr/share/code/resources/app/extensions/emmet/dist/node/emmetNodeMain
[2021-10-21 10:42:18.598] [exthost] [info] ExtensionService#_doActivateExtension vscode.merge-conflict, startup: false, activationEvent: 'onStartupFinished'
[2021-10-21 10:42:18.598] [exthost] [info] ExtensionService#loadCommonJSModule file:///snap/code/78/usr/share/code/resources/app/extensions/merge-conflict/dist/mergeConflictMain
[2021-10-21 10:42:18.616] [exthost] [info] ExtensionService#_doActivateExtension vscode.github-authentication, startup: false, activationEvent: 'onAuthenticationRequest:github'
[2021-10-21 10:42:18.616] [exthost] [info] ExtensionService#loadCommonJSModule file:///snap/code/78/usr/share/code/resources/app/extensions/github-authentication/dist/extension.js
[2021-10-21 10:42:44.960] [exthost] [info] ExtensionService#_doActivateExtension vscode.css-language-features, startup: false, activationEvent: 'onLanguage:css'
[2021-10-21 10:42:44.960] [exthost] [info] ExtensionService#loadCommonJSModule file:///snap/code/78/usr/share/code/resources/app/extensions/css-language-features/client/dist/node/cssClientMain
[2021-10-21 10:42:45.350] [exthost] [warning] [Decorations] CAPPING events from decorations provider vscode.git 6829
[2021-10-21 10:42:48.557] [exthost] [info] ExtensionService#_doActivateExtension vscode.typescript-language-features, startup: false, activationEvent: 'onLanguage:javascript'
[2021-10-21 10:42:48.557] [exthost] [info] ExtensionService#loadCommonJSModule file:///snap/code/78/usr/share/code/resources/app/extensions/typescript-language-features/dist/extension
[2021-10-21 10:42:54.221] [exthost] [info] ExtensionService#_doActivateExtension vscode.html-language-features, startup: false, activationEvent: 'onLanguage:html'
[2021-10-21 10:42:54.222] [exthost] [info] ExtensionService#loadCommonJSModule file:///snap/code/78/usr/share/code/resources/app/extensions/html-language-features/client/dist/node/htmlClientMain
[2021-10-21 10:43:10.280] [exthost] [info] ExtensionService#_doActivateExtension vscode.debug-server-ready, startup: false, activationEvent: 'onDebugResolve'
[2021-10-21 10:43:10.280] [exthost] [info] ExtensionService#loadCommonJSModule file:///snap/code/78/usr/share/code/resources/app/extensions/debug-server-ready/dist/extension
[2021-10-21 10:43:10.391] [exthost] [info] ExtensionService#_doActivateExtension vscode.configuration-editing, startup: false, activationEvent: 'onLanguage:jsonc'
[2021-10-21 10:43:10.391] [exthost] [info] ExtensionService#loadCommonJSModule file:///snap/code/78/usr/share/code/resources/app/extensions/configuration-editing/dist/configurationEditingMain
[2021-10-21 10:43:10.395] [exthost] [info] ExtensionService#_doActivateExtension vscode.json-language-features, startup: false, activationEvent: 'onLanguage:jsonc'
[2021-10-21 10:43:10.396] [exthost] [info] ExtensionService#loadCommonJSModule file:///snap/code/78/usr/share/code/resources/app/extensions/json-language-features/client/dist/node/jsonClientMain
[2021-10-21 10:43:25.538] [exthost] [warning] [Decorations] CAPPING events from decorations provider vscode.git 6837
[2021-10-21 10:43:32.236] [exthost] [warning] [Decorations] CAPPING events from decorations provider vscode.git 6836
[2021-10-21 10:43:38.845] [exthost] [warning] [Decorations] CAPPING events from decorations provider vscode.git 6835
[2021-10-21 10:47:58.066] [exthost] [warning] [Decorations] CAPPING events from decorations provider vscode.git 6883
[2021-10-21 10:47:59.375] [exthost] [info] extension host terminating: renderer closed the socket
[2021-10-21 10:48:00.388] [exthost] [info] exiting with code 0
