Validating found git in: git
Using git 2.30.2 from git
> git rev-parse --git-dir
Open repository: /home/cheyenne
> git status -z -u
> git symbolic-ref --short HEAD
> git for-each-ref --format=%(refname)%00%(upstream:short)%00%(objectname)%00%(upstream:track) refs/heads/main refs/remotes/main
> git for-each-ref --sort -committerdate --format %(refname) %(objectname) %(*objectname)
> git remote --verbose
> git config --get commit.template
> git show --textconv :Projects/API/styles.css
> git ls-files --stage -- /home/cheyenne/Projects/API/styles.css
> git check-ignore -v -z --stdin
> git show --textconv :Projects/API/script.js
> git ls-files --stage -- /home/cheyenne/Projects/API/script.js
> git show --textconv :Projects/API/index.html
> git ls-files --stage -- /home/cheyenne/Projects/API/index.html
> git show --textconv :Projects/API/script.js
> git ls-files --stage -- /home/cheyenne/Projects/API/script.js
> git show --textconv :Projects/API/styles.css
> git ls-files --stage -- /home/cheyenne/Projects/API/styles.css
> git show --textconv :Projects/API/script.js
> git ls-files --stage -- /home/cheyenne/Projects/API/script.js
> git status -z -u
> git symbolic-ref --short HEAD
> git for-each-ref --format=%(refname)%00%(upstream:short)%00%(objectname)%00%(upstream:track) refs/heads/main refs/remotes/main
> git for-each-ref --sort -committerdate --format %(refname) %(objectname) %(*objectname)
> git remote --verbose
> git config --get commit.template
> git show --textconv :Projects/API/index.html
> git ls-files --stage -- /home/cheyenne/Projects/API/index.html
> git status -z -u
> git symbolic-ref --short HEAD
> git for-each-ref --format=%(refname)%00%(upstream:short)%00%(objectname)%00%(upstream:track) refs/heads/main refs/remotes/main
> git for-each-ref --sort -committerdate --format %(refname) %(objectname) %(*objectname)
> git remote --verbose
> git config --get commit.template
