Validating found git in: git
Using git 2.30.2 from git
> git rev-parse --git-dir
Open repository: /home/cheyenne
> git status -z -u
> git show --textconv :Projects/checker/hex.js
> git ls-files --stage -- /home/cheyenne/Projects/checker/hex.js
> git check-ignore -v -z --stdin
> git symbolic-ref --short HEAD
> git for-each-ref --format=%(refname)%00%(upstream:short)%00%(objectname)%00%(upstream:track) refs/heads/main refs/remotes/main
> git for-each-ref --sort -committerdate --format %(refname) %(objectname) %(*objectname)
> git remote --verbose
Warning: Failed to watch ref '/home/cheyenne/.git/refs/remotes/origin/main', is most likely packed.
> git config --get commit.template
> git show --textconv :Projects/checker/index.html
> git ls-files --stage -- /home/cheyenne/Projects/checker/index.html
> git show --textconv :Projects/checker/styles.css
> git ls-files --stage -- /home/cheyenne/Projects/checker/styles.css
> git show --textconv :Projects/checker/checker.css
> git ls-files --stage -- /home/cheyenne/Projects/checker/checker.css
> git check-ignore -v -z --stdin
> git show --textconv :Projects/checker/index.html
> git ls-files --stage -- /home/cheyenne/Projects/checker/index.html
> git show --textconv :Projects/checker/checker.html
> git ls-files --stage -- /home/cheyenne/Projects/checker/checker.html
> git check-ignore -v -z --stdin
> git show --textconv :Projects/checker/hex.js
> git ls-files --stage -- /home/cheyenne/Projects/checker/hex.js
> git show --textconv :Projects/checker/checker.css
> git ls-files --stage -- /home/cheyenne/Projects/checker/checker.css
> git show --textconv :Projects/checker/checker.html
> git ls-files --stage -- /home/cheyenne/Projects/checker/checker.html
> git show --textconv :Projects/checker/checker.css
> git ls-files --stage -- /home/cheyenne/Projects/checker/checker.css
> git show --textconv :Projects/checker/hex.js
> git ls-files --stage -- /home/cheyenne/Projects/checker/hex.js
> git show --textconv :Projects/checker/checker.html
> git ls-files --stage -- /home/cheyenne/Projects/checker/checker.html
> git show --textconv :Projects/checker/checker.css
> git ls-files --stage -- /home/cheyenne/Projects/checker/checker.css
> git check-ignore -v -z --stdin
> git show --textconv :Projects/checker/checker.css
> git ls-files --stage -- /home/cheyenne/Projects/checker/checker.css
> git show --textconv :Projects/checker/checker.css
> git ls-files --stage -- /home/cheyenne/Projects/checker/checker.css
> git show --textconv :Projects/checker/checker.css
> git ls-files --stage -- /home/cheyenne/Projects/checker/checker.css
> git show --textconv :Projects/checker/checker.html
> git ls-files --stage -- /home/cheyenne/Projects/checker/checker.html
> git show --textconv :Projects/checker/hex.js
> git ls-files --stage -- /home/cheyenne/Projects/checker/hex.js
> git show --textconv :Projects/checker/checker.html
> git ls-files --stage -- /home/cheyenne/Projects/checker/checker.html
> git show --textconv :Projects/checker/hex.js
> git ls-files --stage -- /home/cheyenne/Projects/checker/hex.js
> git ls-files --stage -- /home/cheyenne/Projects/checker/hex.js
> git cat-file -s d4f34069046eca5001d9d0ac43cbaefdebe97666
> git show --textconv :Projects/checker/hex.js
> git show --textconv :Projects/checker/checker.html
> git ls-files --stage -- /home/cheyenne/Projects/checker/checker.html
> git cat-file -s 1e01b044501da716a30dcabad79a064f7f9b3583
> git show --textconv :Projects/checker/checker.css
> git ls-files --stage -- /home/cheyenne/Projects/checker/checker.css
> git cat-file -s 9b5b5ec2acfdf79cc77540218698a609b7327cd5
