Validating found git in: git
Using git 2.30.2 from git
> git rev-parse --git-dir
Open repository: /home/cheyenne
> git status -z -u
> git symbolic-ref --short HEAD
> git for-each-ref --format=%(refname)%00%(upstream:short)%00%(objectname)%00%(upstream:track) refs/heads/main refs/remotes/main
> git for-each-ref --sort -committerdate --format %(refname) %(objectname) %(*objectname)
> git remote --verbose
Warning: Failed to watch ref '/home/cheyenne/.git/refs/remotes/origin/main', is most likely packed.
> git config --get commit.template
> git check-ignore -v -z --stdin
> git show --textconv :Projects/modal/README.md
> git ls-files --stage -- /home/cheyenne/Projects/modal/README.md
> git show --textconv :Projects/modal/README.md
> git ls-files --stage -- /home/cheyenne/Projects/modal/README.md
> git show --textconv :Projects/modal/hex.js
> git ls-files --stage -- /home/cheyenne/Projects/modal/hex.js
> git show --textconv :Projects/modal/rng.html
> git ls-files --stage -- /home/cheyenne/Projects/modal/rng.html
> git show --textconv :Projects/modal/hex.js
> git ls-files --stage -- /home/cheyenne/Projects/modal/hex.js
> git show --textconv :Downloads/index.html
> git ls-files --stage -- /home/cheyenne/Downloads/index.html
> git cat-file -s 1ae48a3817d152df6b7978fa96fc1888cbaa4baa
> git check-ignore -v -z --stdin
> git show --textconv :Projects/modal/hex.js
> git ls-files --stage -- /home/cheyenne/Projects/modal/hex.js
> git show --textconv :Downloads/index.html
> git ls-files --stage -- /home/cheyenne/Downloads/index.html
> git cat-file -s 1ae48a3817d152df6b7978fa96fc1888cbaa4baa
> git show --textconv :Projects/modal/styles.css
> git ls-files --stage -- /home/cheyenne/Projects/modal/styles.css
> git show --textconv :Projects/modal/styles.css
> git ls-files --stage -- /home/cheyenne/Projects/modal/styles.css
> git status -z -u
> git symbolic-ref --short HEAD
> git for-each-ref --format=%(refname)%00%(upstream:short)%00%(objectname)%00%(upstream:track) refs/heads/main refs/remotes/main
> git for-each-ref --sort -committerdate --format %(refname) %(objectname) %(*objectname)
> git remote --verbose
Warning: Failed to watch ref '/home/cheyenne/.git/refs/remotes/origin/main', is most likely packed.
> git config --get commit.template
> git check-ignore -v -z --stdin
> git show --textconv :Projects/modal/styles.css
> git ls-files --stage -- /home/cheyenne/Projects/modal/styles.css
> git show --textconv :Projects/modal/styles.css
> git ls-files --stage -- /home/cheyenne/Projects/modal/styles.css
> git show --textconv :Projects/modal/hex.js
> git ls-files --stage -- /home/cheyenne/Projects/modal/hex.js
> git show --textconv :Downloads/index.html
> git ls-files --stage -- /home/cheyenne/Downloads/index.html
> git cat-file -s 1ae48a3817d152df6b7978fa96fc1888cbaa4baa
> git show --textconv :Projects/modal/styles.css
> git ls-files --stage -- /home/cheyenne/Projects/modal/styles.css
> git show --textconv :Projects/modal/hex.js
> git ls-files --stage -- /home/cheyenne/Projects/modal/hex.js
> git show --textconv :Downloads/index.html
> git ls-files --stage -- /home/cheyenne/Downloads/index.html
> git cat-file -s 1ae48a3817d152df6b7978fa96fc1888cbaa4baa
> git show --textconv :Projects/modal/index.html
> git ls-files --stage -- /home/cheyenne/Projects/modal/index.html
> git check-ignore -v -z --stdin
> git status -z -u
> git show --textconv :Projects/modal/hex.js
> git ls-files --stage -- /home/cheyenne/Projects/modal/hex.js
> git show --textconv :Projects/modal/styles.css
> git ls-files --stage -- /home/cheyenne/Projects/modal/styles.css
> git show --textconv :Projects/modal/hex.js
> git ls-files --stage -- /home/cheyenne/Projects/modal/hex.js
> git show --textconv :Projects/modal/README.md
> git ls-files --stage -- /home/cheyenne/Projects/modal/README.md
> git show --textconv :Projects/modal/hex.js
> git ls-files --stage -- /home/cheyenne/Projects/modal/hex.js
> git show --textconv :Projects/modal/index.html
> git ls-files --stage -- /home/cheyenne/Projects/modal/index.html
> git show --textconv :Projects/modal/hex.js
> git ls-files --stage -- /home/cheyenne/Projects/modal/hex.js
> git show --textconv :Projects/modal/index.html
> git ls-files --stage -- /home/cheyenne/Projects/modal/index.html
> git show --textconv :Projects/modal/styles.css
> git ls-files --stage -- /home/cheyenne/Projects/modal/styles.css
> git show --textconv :Projects/modal/hex.js
> git ls-files --stage -- /home/cheyenne/Projects/modal/hex.js
> git show --textconv :Projects/modal/styles.css
> git ls-files --stage -- /home/cheyenne/Projects/modal/styles.css
> git show --textconv :Projects/modal/styles.css
> git ls-files --stage -- /home/cheyenne/Projects/modal/styles.css
> git show --textconv :Projects/modal/styles.css
> git ls-files --stage -- /home/cheyenne/Projects/modal/styles.css
> git show --textconv :Projects/modal/index.html
> git ls-files --stage -- /home/cheyenne/Projects/modal/index.html
> git show --textconv :Projects/modal/hex.js
> git ls-files --stage -- /home/cheyenne/Projects/modal/hex.js
> git show --textconv :Projects/modal/hex.js
> git ls-files --stage -- /home/cheyenne/Projects/modal/hex.js
> git show --textconv :Projects/modal/hex.js
> git ls-files --stage -- /home/cheyenne/Projects/modal/hex.js
> git show --textconv :Projects/modal/hex.js
> git ls-files --stage -- /home/cheyenne/Projects/modal/hex.js
> git show --textconv :Projects/modal/hex.js
> git ls-files --stage -- /home/cheyenne/Projects/modal/hex.js
> git show --textconv :Projects/modal/index.html
> git ls-files --stage -- /home/cheyenne/Projects/modal/index.html
