[2021-10-07 10:25:52.640] [renderer3] [error] Unable to consume quoted string at char 1139: Error: Unable to consume quoted string at char 1139
	at r.error (/snap/code/75/usr/share/code/resources/app/extensions/emmet/dist/node/emmetNodeMain.js:1:22607)
	at o (/snap/code/75/usr/share/code/resources/app/extensions/emmet/dist/node/emmetNodeMain.js:1:21278)
	at f (/snap/code/75/usr/share/code/resources/app/extensions/emmet/dist/node/emmetNodeMain.js:1:21705)
	at u (/snap/code/75/usr/share/code/resources/app/extensions/emmet/dist/node/emmetNodeMain.js:1:14498)
	at l (/snap/code/75/usr/share/code/resources/app/extensions/emmet/dist/node/emmetNodeMain.js:1:14611)
	at /snap/code/75/usr/share/code/resources/app/extensions/emmet/dist/node/emmetNodeMain.js:1:15226
	at h (/snap/code/75/usr/share/code/resources/app/extensions/emmet/dist/node/emmetNodeMain.js:1:15333)
	at S (/snap/code/75/usr/share/code/resources/app/extensions/emmet/dist/node/emmetNodeMain.js:1:16251)
	at j (/snap/code/75/usr/share/code/resources/app/extensions/emmet/dist/node/emmetNodeMain.js:1:16661)
	at t.getRootNode (/snap/code/75/usr/share/code/resources/app/extensions/emmet/dist/node/emmetNodeMain.js:1:192785)
	at t.DefaultCompletionItemProvider.provideCompletionItemsInternal (/snap/code/75/usr/share/code/resources/app/extensions/emmet/dist/node/emmetNodeMain.js:1:178533)
	at t.DefaultCompletionItemProvider.provideCompletionItems (/snap/code/75/usr/share/code/resources/app/extensions/emmet/dist/node/emmetNodeMain.js:1:177404)
	at $.provideCompletionItems (/snap/code/75/usr/share/code/resources/app/out/vs/workbench/services/extensions/node/extensionHostProcess.js:94:176938)
	at /snap/code/75/usr/share/code/resources/app/out/vs/workbench/services/extensions/node/extensionHostProcess.js:94:197582
	at xe._withAdapter (/snap/code/75/usr/share/code/resources/app/out/vs/workbench/services/extensions/node/extensionHostProcess.js:94:187656)
	at xe.$provideCompletionItems (/snap/code/75/usr/share/code/resources/app/out/vs/workbench/services/extensions/node/extensionHostProcess.js:94:197558)
	at i._doInvokeHandler (/snap/code/75/usr/share/code/resources/app/out/vs/workbench/services/extensions/node/extensionHostProcess.js:98:13543)
	at i._invokeHandler (/snap/code/75/usr/share/code/resources/app/out/vs/workbench/services/extensions/node/extensionHostProcess.js:98:13227)
	at i._receiveRequest (/snap/code/75/usr/share/code/resources/app/out/vs/workbench/services/extensions/node/extensionHostProcess.js:98:11838)
	at i._receiveOneMessage (/snap/code/75/usr/share/code/resources/app/out/vs/workbench/services/extensions/node/extensionHostProcess.js:98:10567)
	at /snap/code/75/usr/share/code/resources/app/out/vs/workbench/services/extensions/node/extensionHostProcess.js:98:8663
	at c.fire (/snap/code/75/usr/share/code/resources/app/out/vs/workbench/services/extensions/node/extensionHostProcess.js:66:1712)
	at l.fire (/snap/code/75/usr/share/code/resources/app/out/vs/workbench/services/extensions/node/extensionHostProcess.js:74:15781)
	at /snap/code/75/usr/share/code/resources/app/out/vs/workbench/services/extensions/node/extensionHostProcess.js:113:30187
	at c.fire (/snap/code/75/usr/share/code/resources/app/out/vs/workbench/services/extensions/node/extensionHostProcess.js:66:1712)
	at l.fire (/snap/code/75/usr/share/code/resources/app/out/vs/workbench/services/extensions/node/extensionHostProcess.js:74:15781)
	at r._receiveMessage (/snap/code/75/usr/share/code/resources/app/out/vs/workbench/services/extensions/node/extensionHostProcess.js:74:21051)
	at /snap/code/75/usr/share/code/resources/app/out/vs/workbench/services/extensions/node/extensionHostProcess.js:74:17929
	at c.fire (/snap/code/75/usr/share/code/resources/app/out/vs/workbench/services/extensions/node/extensionHostProcess.js:66:1712)
	at v.acceptChunk (/snap/code/75/usr/share/code/resources/app/out/vs/workbench/services/extensions/node/extensionHostProcess.js:74:13142)
	at /snap/code/75/usr/share/code/resources/app/out/vs/workbench/services/extensions/node/extensionHostProcess.js:74:12490
	at Socket.w (/snap/code/75/usr/share/code/resources/app/out/vs/workbench/services/extensions/node/extensionHostProcess.js:113:13350)
	at Socket.emit (events.js:315:20)
	at addChunk (internal/streams/readable.js:309:12)
	at readableAddChunk (internal/streams/readable.js:284:9)
	at Socket.Readable.push (internal/streams/readable.js:223:10)
	at Pipe.onStreamRead (internal/stream_base_commons.js:188:23)
[2021-10-07 10:25:52.970] [renderer3] [error] Unable to consume quoted string at char 1140: Error: Unable to consume quoted string at char 1140
	at r.error (/snap/code/75/usr/share/code/resources/app/extensions/emmet/dist/node/emmetNodeMain.js:1:22607)
	at o (/snap/code/75/usr/share/code/resources/app/extensions/emmet/dist/node/emmetNodeMain.js:1:21278)
	at f (/snap/code/75/usr/share/code/resources/app/extensions/emmet/dist/node/emmetNodeMain.js:1:21705)
	at u (/snap/code/75/usr/share/code/resources/app/extensions/emmet/dist/node/emmetNodeMain.js:1:14498)
	at l (/snap/code/75/usr/share/code/resources/app/extensions/emmet/dist/node/emmetNodeMain.js:1:14611)
	at /snap/code/75/usr/share/code/resources/app/extensions/emmet/dist/node/emmetNodeMain.js:1:15226
	at h (/snap/code/75/usr/share/code/resources/app/extensions/emmet/dist/node/emmetNodeMain.js:1:15333)
	at S (/snap/code/75/usr/share/code/resources/app/extensions/emmet/dist/node/emmetNodeMain.js:1:16251)
	at j (/snap/code/75/usr/share/code/resources/app/extensions/emmet/dist/node/emmetNodeMain.js:1:16661)
	at t.getRootNode (/snap/code/75/usr/share/code/resources/app/extensions/emmet/dist/node/emmetNodeMain.js:1:192785)
	at t.DefaultCompletionItemProvider.provideCompletionItemsInternal (/snap/code/75/usr/share/code/resources/app/extensions/emmet/dist/node/emmetNodeMain.js:1:178533)
	at t.DefaultCompletionItemProvider.provideCompletionItems (/snap/code/75/usr/share/code/resources/app/extensions/emmet/dist/node/emmetNodeMain.js:1:177404)
	at $.provideCompletionItems (/snap/code/75/usr/share/code/resources/app/out/vs/workbench/services/extensions/node/extensionHostProcess.js:94:176938)
	at /snap/code/75/usr/share/code/resources/app/out/vs/workbench/services/extensions/node/extensionHostProcess.js:94:197582
	at xe._withAdapter (/snap/code/75/usr/share/code/resources/app/out/vs/workbench/services/extensions/node/extensionHostProcess.js:94:187656)
	at xe.$provideCompletionItems (/snap/code/75/usr/share/code/resources/app/out/vs/workbench/services/extensions/node/extensionHostProcess.js:94:197558)
	at i._doInvokeHandler (/snap/code/75/usr/share/code/resources/app/out/vs/workbench/services/extensions/node/extensionHostProcess.js:98:13543)
	at i._invokeHandler (/snap/code/75/usr/share/code/resources/app/out/vs/workbench/services/extensions/node/extensionHostProcess.js:98:13227)
	at i._receiveRequest (/snap/code/75/usr/share/code/resources/app/out/vs/workbench/services/extensions/node/extensionHostProcess.js:98:11838)
	at i._receiveOneMessage (/snap/code/75/usr/share/code/resources/app/out/vs/workbench/services/extensions/node/extensionHostProcess.js:98:10567)
	at /snap/code/75/usr/share/code/resources/app/out/vs/workbench/services/extensions/node/extensionHostProcess.js:98:8663
	at c.fire (/snap/code/75/usr/share/code/resources/app/out/vs/workbench/services/extensions/node/extensionHostProcess.js:66:1712)
	at l.fire (/snap/code/75/usr/share/code/resources/app/out/vs/workbench/services/extensions/node/extensionHostProcess.js:74:15781)
	at /snap/code/75/usr/share/code/resources/app/out/vs/workbench/services/extensions/node/extensionHostProcess.js:113:30187
	at c.fire (/snap/code/75/usr/share/code/resources/app/out/vs/workbench/services/extensions/node/extensionHostProcess.js:66:1712)
	at l.fire (/snap/code/75/usr/share/code/resources/app/out/vs/workbench/services/extensions/node/extensionHostProcess.js:74:15781)
	at r._receiveMessage (/snap/code/75/usr/share/code/resources/app/out/vs/workbench/services/extensions/node/extensionHostProcess.js:74:21051)
	at /snap/code/75/usr/share/code/resources/app/out/vs/workbench/services/extensions/node/extensionHostProcess.js:74:17929
	at c.fire (/snap/code/75/usr/share/code/resources/app/out/vs/workbench/services/extensions/node/extensionHostProcess.js:66:1712)
	at v.acceptChunk (/snap/code/75/usr/share/code/resources/app/out/vs/workbench/services/extensions/node/extensionHostProcess.js:74:13142)
	at /snap/code/75/usr/share/code/resources/app/out/vs/workbench/services/extensions/node/extensionHostProcess.js:74:12490
	at Socket.w (/snap/code/75/usr/share/code/resources/app/out/vs/workbench/services/extensions/node/extensionHostProcess.js:113:13350)
	at Socket.emit (events.js:315:20)
	at addChunk (internal/streams/readable.js:309:12)
	at readableAddChunk (internal/streams/readable.js:284:9)
	at Socket.Readable.push (internal/streams/readable.js:223:10)
	at Pipe.onStreamRead (internal/stream_base_commons.js:188:23)
[2021-10-07 10:25:54.945] [renderer3] [error] Unable to consume quoted string at char 1141: Error: Unable to consume quoted string at char 1141
	at r.error (/snap/code/75/usr/share/code/resources/app/extensions/emmet/dist/node/emmetNodeMain.js:1:22607)
	at o (/snap/code/75/usr/share/code/resources/app/extensions/emmet/dist/node/emmetNodeMain.js:1:21278)
	at f (/snap/code/75/usr/share/code/resources/app/extensions/emmet/dist/node/emmetNodeMain.js:1:21705)
	at u (/snap/code/75/usr/share/code/resources/app/extensions/emmet/dist/node/emmetNodeMain.js:1:14498)
	at l (/snap/code/75/usr/share/code/resources/app/extensions/emmet/dist/node/emmetNodeMain.js:1:14611)
	at /snap/code/75/usr/share/code/resources/app/extensions/emmet/dist/node/emmetNodeMain.js:1:15226
	at h (/snap/code/75/usr/share/code/resources/app/extensions/emmet/dist/node/emmetNodeMain.js:1:15333)
	at S (/snap/code/75/usr/share/code/resources/app/extensions/emmet/dist/node/emmetNodeMain.js:1:16251)
	at j (/snap/code/75/usr/share/code/resources/app/extensions/emmet/dist/node/emmetNodeMain.js:1:16661)
	at t.getRootNode (/snap/code/75/usr/share/code/resources/app/extensions/emmet/dist/node/emmetNodeMain.js:1:192785)
	at t.DefaultCompletionItemProvider.provideCompletionItemsInternal (/snap/code/75/usr/share/code/resources/app/extensions/emmet/dist/node/emmetNodeMain.js:1:178533)
	at t.DefaultCompletionItemProvider.provideCompletionItems (/snap/code/75/usr/share/code/resources/app/extensions/emmet/dist/node/emmetNodeMain.js:1:177404)
	at $.provideCompletionItems (/snap/code/75/usr/share/code/resources/app/out/vs/workbench/services/extensions/node/extensionHostProcess.js:94:176938)
	at /snap/code/75/usr/share/code/resources/app/out/vs/workbench/services/extensions/node/extensionHostProcess.js:94:197582
	at xe._withAdapter (/snap/code/75/usr/share/code/resources/app/out/vs/workbench/services/extensions/node/extensionHostProcess.js:94:187656)
	at xe.$provideCompletionItems (/snap/code/75/usr/share/code/resources/app/out/vs/workbench/services/extensions/node/extensionHostProcess.js:94:197558)
	at i._doInvokeHandler (/snap/code/75/usr/share/code/resources/app/out/vs/workbench/services/extensions/node/extensionHostProcess.js:98:13543)
	at i._invokeHandler (/snap/code/75/usr/share/code/resources/app/out/vs/workbench/services/extensions/node/extensionHostProcess.js:98:13227)
	at i._receiveRequest (/snap/code/75/usr/share/code/resources/app/out/vs/workbench/services/extensions/node/extensionHostProcess.js:98:11838)
	at i._receiveOneMessage (/snap/code/75/usr/share/code/resources/app/out/vs/workbench/services/extensions/node/extensionHostProcess.js:98:10567)
	at /snap/code/75/usr/share/code/resources/app/out/vs/workbench/services/extensions/node/extensionHostProcess.js:98:8663
	at c.fire (/snap/code/75/usr/share/code/resources/app/out/vs/workbench/services/extensions/node/extensionHostProcess.js:66:1712)
	at l.fire (/snap/code/75/usr/share/code/resources/app/out/vs/workbench/services/extensions/node/extensionHostProcess.js:74:15781)
	at /snap/code/75/usr/share/code/resources/app/out/vs/workbench/services/extensions/node/extensionHostProcess.js:113:30187
	at c.fire (/snap/code/75/usr/share/code/resources/app/out/vs/workbench/services/extensions/node/extensionHostProcess.js:66:1712)
	at l.fire (/snap/code/75/usr/share/code/resources/app/out/vs/workbench/services/extensions/node/extensionHostProcess.js:74:15781)
	at r._receiveMessage (/snap/code/75/usr/share/code/resources/app/out/vs/workbench/services/extensions/node/extensionHostProcess.js:74:21051)
	at /snap/code/75/usr/share/code/resources/app/out/vs/workbench/services/extensions/node/extensionHostProcess.js:74:17929
	at c.fire (/snap/code/75/usr/share/code/resources/app/out/vs/workbench/services/extensions/node/extensionHostProcess.js:66:1712)
	at v.acceptChunk (/snap/code/75/usr/share/code/resources/app/out/vs/workbench/services/extensions/node/extensionHostProcess.js:74:13142)
	at /snap/code/75/usr/share/code/resources/app/out/vs/workbench/services/extensions/node/extensionHostProcess.js:74:12490
	at Socket.w (/snap/code/75/usr/share/code/resources/app/out/vs/workbench/services/extensions/node/extensionHostProcess.js:113:13350)
	at Socket.emit (events.js:315:20)
	at addChunk (internal/streams/readable.js:309:12)
	at readableAddChunk (internal/streams/readable.js:284:9)
	at Socket.Readable.push (internal/streams/readable.js:223:10)
	at Pipe.onStreamRead (internal/stream_base_commons.js:188:23)
[2021-10-07 10:27:18.058] [renderer3] [error] Error: Unable to read file '/home/cheyenne/Projects/modal/hexcolor.html' (Error: Unable to resolve non-existing file '/home/cheyenne/Projects/modal/hexcolor.html')
    at i.handleSetInputError (vscode-file://vscode-app/snap/code/75/usr/share/code/resources/app/out/vs/workbench/workbench.desktop.main.js:2385:172185)
    at i.handleSetInputError (vscode-file://vscode-app/snap/code/75/usr/share/code/resources/app/out/vs/workbench/workbench.desktop.main.js:2385:176202)
    at i.setInput (vscode-file://vscode-app/snap/code/75/usr/share/code/resources/app/out/vs/workbench/workbench.desktop.main.js:2385:171879)
    at async h.doSetInput (vscode-file://vscode-app/snap/code/75/usr/share/code/resources/app/out/vs/workbench/workbench.desktop.main.js:2385:33390)
    at async h.doOpenEditor (vscode-file://vscode-app/snap/code/75/usr/share/code/resources/app/out/vs/workbench/workbench.desktop.main.js:2385:31790)
    at async h.openEditor (vscode-file://vscode-app/snap/code/75/usr/share/code/resources/app/out/vs/workbench/workbench.desktop.main.js:2385:31438)
    at async vscode-file://vscode-app/snap/code/75/usr/share/code/resources/app/out/vs/workbench/workbench.desktop.main.js:2584:16931
