Validating found git in: git
Using git 2.30.2 from git
Opening repository for path='/home/cheyenne/Projects/hexcolor' failed; ex=Failed to execute git {
  "exitCode": 128,
  "gitErrorCode": "NotAGitRepository",
  "gitCommand": "rev-parse",
  "stdout": "",
  "stderr": "fatal: not a git repository (or any of the parent directories): .git\n"
}
Opening repository for path='/home/cheyenne/Projects/hexcolor' failed; ex=Failed to execute git {
  "exitCode": 128,
  "gitErrorCode": "NotAGitRepository",
  "gitCommand": "rev-parse",
  "stdout": "",
  "stderr": "fatal: not a git repository (or any of the parent directories): .git\n"
}
Opening repository for path='/home/cheyenne/Projects/hexcolor' failed; ex=Failed to execute git {
  "exitCode": 128,
  "gitErrorCode": "NotAGitRepository",
  "gitCommand": "rev-parse",
  "stdout": "",
  "stderr": "fatal: not a git repository (or any of the parent directories): .git\n"
}
> git rev-parse --git-dir
Open repository: /home/cheyenne/Projects/random_number
> git status -z -u
> git symbolic-ref --short HEAD
> git for-each-ref --format=%(refname)%00%(upstream:short)%00%(objectname)%00%(upstream:track) refs/heads/main refs/remotes/main
> git for-each-ref --sort -committerdate --format %(refname) %(objectname) %(*objectname)
> git remote --verbose
> git config --get commit.template
> git show --textconv :README.md
> git ls-files --stage -- /home/cheyenne/Projects/random_number/README.md
> git cat-file -s e69de29bb2d1d6434b8b29ae775ad8c2e48c5391
> git check-ignore -v -z --stdin
> git show --textconv :styles.css
> git ls-files --stage -- /home/cheyenne/Projects/random_number/styles.css
> git cat-file -s aa9c93c914d5d159aad1373e07fa179bdfadd24f
> git show --textconv :rng.html
> git ls-files --stage -- /home/cheyenne/Projects/random_number/rng.html
> git cat-file -s 312d829438288885784f61138e06f33d9f1d4ba7
> git show --textconv :styles.css
> git ls-files --stage -- /home/cheyenne/Projects/random_number/styles.css
> git cat-file -s aa9c93c914d5d159aad1373e07fa179bdfadd24f
