Validating found git in: git
Using git 2.30.2 from git
> git rev-parse --git-dir
Open repository: /home/cheyenne
> git status -z -u
> git symbolic-ref --short HEAD
> git for-each-ref --format=%(refname)%00%(upstream:short)%00%(objectname)%00%(upstream:track) refs/heads/main refs/remotes/main
> git for-each-ref --sort -committerdate --format %(refname) %(objectname) %(*objectname)
> git remote --verbose
> git config --get commit.template
> git check-ignore -v -z --stdin
> git show --textconv :Projects/date_countdown/styles.css
> git ls-files --stage -- /home/cheyenne/Projects/date_countdown/styles.css
> git show --textconv :Projects/date_countdown/styles.css
> git ls-files --stage -- /home/cheyenne/Projects/date_countdown/styles.css
> git show --textconv :Projects/date_countdown/index.html
> git ls-files --stage -- /home/cheyenne/Projects/date_countdown/index.html
> git status -z -u
> git symbolic-ref --short HEAD
> git for-each-ref --format=%(refname)%00%(upstream:short)%00%(objectname)%00%(upstream:track) refs/heads/main refs/remotes/main
> git for-each-ref --sort -committerdate --format %(refname) %(objectname) %(*objectname)
> git remote --verbose
> git config --get commit.template
> git check-ignore -v -z --stdin
> git show --textconv :Projects/date_countdown/styles.css
> git ls-files --stage -- /home/cheyenne/Projects/date_countdown/styles.css
> git status -z -u
> git symbolic-ref --short HEAD
> git for-each-ref --format=%(refname)%00%(upstream:short)%00%(objectname)%00%(upstream:track) refs/heads/main refs/remotes/main
> git for-each-ref --sort -committerdate --format %(refname) %(objectname) %(*objectname)
> git remote --verbose
> git config --get commit.template
> git check-ignore -v -z --stdin
> git show --textconv :Projects/date_countdown/styles.css
> git ls-files --stage -- /home/cheyenne/Projects/date_countdown/styles.css
> git show --textconv :Projects/date_countdown/index.html
> git ls-files --stage -- /home/cheyenne/Projects/date_countdown/index.html
> git show --textconv :Projects/date_countdown/styles.css
> git ls-files --stage -- /home/cheyenne/Projects/date_countdown/styles.css
> git status -z -u
> git symbolic-ref --short HEAD
> git for-each-ref --format=%(refname)%00%(upstream:short)%00%(objectname)%00%(upstream:track) refs/heads/main refs/remotes/main
> git for-each-ref --sort -committerdate --format %(refname) %(objectname) %(*objectname)
> git remote --verbose
> git config --get commit.template
> git show --textconv :Projects/date_countdown/hex.js
> git ls-files --stage -- /home/cheyenne/Projects/date_countdown/hex.js
> git status -z -u
> git symbolic-ref --short HEAD
> git for-each-ref --format=%(refname)%00%(upstream:short)%00%(objectname)%00%(upstream:track) refs/heads/main refs/remotes/main
> git for-each-ref --sort -committerdate --format %(refname) %(objectname) %(*objectname)
> git remote --verbose
> git config --get commit.template
> git status -z -u
> git symbolic-ref --short HEAD
> git for-each-ref --format=%(refname)%00%(upstream:short)%00%(objectname)%00%(upstream:track) refs/heads/main refs/remotes/main
> git for-each-ref --sort -committerdate --format %(refname) %(objectname) %(*objectname)
> git remote --verbose
> git config --get commit.template
> git show --textconv :Projects/date_countdown/hex.js
> git ls-files --stage -- /home/cheyenne/Projects/date_countdown/hex.js
> git show --textconv :Projects/date_countdown/index.html
> git ls-files --stage -- /home/cheyenne/Projects/date_countdown/index.html
> git show --textconv :Projects/date_countdown/hex.js
> git ls-files --stage -- /home/cheyenne/Projects/date_countdown/hex.js
> git status -z -u
> git symbolic-ref --short HEAD
> git for-each-ref --format=%(refname)%00%(upstream:short)%00%(objectname)%00%(upstream:track) refs/heads/main refs/remotes/main
> git for-each-ref --sort -committerdate --format %(refname) %(objectname) %(*objectname)
> git remote --verbose
> git config --get commit.template
> git status -z -u
> git symbolic-ref --short HEAD
> git for-each-ref --format=%(refname)%00%(upstream:short)%00%(objectname)%00%(upstream:track) refs/heads/main refs/remotes/main
> git for-each-ref --sort -committerdate --format %(refname) %(objectname) %(*objectname)
> git remote --verbose
> git config --get commit.template
> git show --textconv :Projects/date_countdown/hex.js
> git ls-files --stage -- /home/cheyenne/Projects/date_countdown/hex.js
> git show --textconv :Projects/date_countdown/index.html
> git ls-files --stage -- /home/cheyenne/Projects/date_countdown/index.html
> git show --textconv :Projects/date_countdown/hex.js
> git ls-files --stage -- /home/cheyenne/Projects/date_countdown/hex.js
> git status -z -u
> git symbolic-ref --short HEAD
> git for-each-ref --format=%(refname)%00%(upstream:short)%00%(objectname)%00%(upstream:track) refs/heads/main refs/remotes/main
> git for-each-ref --sort -committerdate --format %(refname) %(objectname) %(*objectname)
> git remote --verbose
> git config --get commit.template
> git show --textconv :Projects/date_countdown/index.html
> git ls-files --stage -- /home/cheyenne/Projects/date_countdown/index.html
> git show --textconv :Projects/date_countdown/styles.css
> git ls-files --stage -- /home/cheyenne/Projects/date_countdown/styles.css
> git status -z -u
> git symbolic-ref --short HEAD
> git for-each-ref --format=%(refname)%00%(upstream:short)%00%(objectname)%00%(upstream:track) refs/heads/main refs/remotes/main
> git for-each-ref --sort -committerdate --format %(refname) %(objectname) %(*objectname)
> git remote --verbose
> git config --get commit.template
> git status -z -u
> git symbolic-ref --short HEAD
> git for-each-ref --format=%(refname)%00%(upstream:short)%00%(objectname)%00%(upstream:track) refs/heads/main refs/remotes/main
> git for-each-ref --sort -committerdate --format %(refname) %(objectname) %(*objectname)
> git remote --verbose
> git config --get commit.template
> git status -z -u
> git ls-files --stage -- /home/cheyenne/Projects/date_countdown/styles.css
> git cat-file -s 8d50b1ee6e397788619ce84604c339c1e2169c44
> git show --textconv :Projects/date_countdown/styles.css
> git symbolic-ref --short HEAD
> git for-each-ref --format=%(refname)%00%(upstream:short)%00%(objectname)%00%(upstream:track) refs/heads/main refs/remotes/main
> git for-each-ref --sort -committerdate --format %(refname) %(objectname) %(*objectname)
> git remote --verbose
> git config --get commit.template
> git status -z -u
> git symbolic-ref --short HEAD
> git for-each-ref --format=%(refname)%00%(upstream:short)%00%(objectname)%00%(upstream:track) refs/heads/main refs/remotes/main
> git for-each-ref --sort -committerdate --format %(refname) %(objectname) %(*objectname)
> git remote --verbose
> git config --get commit.template
