Validating found git in: git
Using git 2.30.2 from git
Opening repository for path='/home/cheyenne/Projects/counterapp/.git' failed; ex=Failed to execute git {
  "exitCode": 128,
  "gitCommand": "rev-parse",
  "stdout": "",
  "stderr": "fatal: this operation must be run in a work tree\n"
}
Opening repository for path='/home/cheyenne/Projects' failed; ex=Failed to execute git {
  "exitCode": 128,
  "gitErrorCode": "NotAGitRepository",
  "gitCommand": "rev-parse",
  "stdout": "",
  "stderr": "fatal: not a git repository (or any of the parent directories): .git\n"
}
Opening repository for path='/home/cheyenne/Projects/counterapp/.git/.vscode' failed; ex=Failed to execute git {
  "exitCode": 128,
  "gitCommand": "rev-parse",
  "stdout": "",
  "stderr": "fatal: this operation must be run in a work tree\n"
}
Opening repository for path='/home/cheyenne/Projects/counterapp/.git/COMMIT_EDITMSG' failed; ex=Error: spawn ENOTDIR
Opening repository for path='/home/cheyenne/Projects/counterapp/.git/HEAD' failed; ex=Error: spawn ENOTDIR
Opening repository for path='/home/cheyenne/Projects/counterapp/.git/branches' failed; ex=Failed to execute git {
  "exitCode": 128,
  "gitCommand": "rev-parse",
  "stdout": "",
  "stderr": "fatal: this operation must be run in a work tree\n"
}
Opening repository for path='/home/cheyenne/Projects/counterapp/.git/config' failed; ex=Error: spawn ENOTDIR
Opening repository for path='/home/cheyenne/Projects/counterapp/.git/description' failed; ex=Error: spawn ENOTDIR
Opening repository for path='/home/cheyenne/Projects/counterapp/.git/hooks' failed; ex=Failed to execute git {
  "exitCode": 128,
  "gitCommand": "rev-parse",
  "stdout": "",
  "stderr": "fatal: this operation must be run in a work tree\n"
}
Opening repository for path='/home/cheyenne/Projects/counterapp/.git/index' failed; ex=Error: spawn ENOTDIR
Opening repository for path='/home/cheyenne/Projects/counterapp/.git/info' failed; ex=Failed to execute git {
  "exitCode": 128,
  "gitCommand": "rev-parse",
  "stdout": "",
  "stderr": "fatal: this operation must be run in a work tree\n"
}
Opening repository for path='/home/cheyenne/Projects/counterapp/.git/logs' failed; ex=Failed to execute git {
  "exitCode": 128,
  "gitCommand": "rev-parse",
  "stdout": "",
  "stderr": "fatal: this operation must be run in a work tree\n"
}
Opening repository for path='/home/cheyenne/Projects/counterapp/.git/objects' failed; ex=Failed to execute git {
  "exitCode": 128,
  "gitCommand": "rev-parse",
  "stdout": "",
  "stderr": "fatal: this operation must be run in a work tree\n"
}
Opening repository for path='/home/cheyenne/Projects/counterapp/.git/refs' failed; ex=Failed to execute git {
  "exitCode": 128,
  "gitCommand": "rev-parse",
  "stdout": "",
  "stderr": "fatal: this operation must be run in a work tree\n"
}
> git rev-parse --git-dir
Open repository: /home/cheyenne/Projects/counterapp
> git status -z -u
> git symbolic-ref --short HEAD
> git for-each-ref --format=%(refname)%00%(upstream:short)%00%(objectname)%00%(upstream:track) refs/heads/main refs/remotes/main
> git for-each-ref --sort -committerdate --format %(refname) %(objectname) %(*objectname)
> git remote --verbose
> git config --get commit.template
> git show --textconv :script.js
> git ls-files --stage -- /home/cheyenne/Projects/counterapp/script.js
> git cat-file -s db29cfa2ed0fcd396625d65bcce696e0c6a78f16
> git check-ignore -v -z --stdin
> git status -z -u
> git symbolic-ref --short HEAD
> git for-each-ref --format=%(refname)%00%(upstream:short)%00%(objectname)%00%(upstream:track) refs/heads/main refs/remotes/main
> git for-each-ref --sort -committerdate --format %(refname) %(objectname) %(*objectname)
> git remote --verbose
> git config --get commit.template
Opening repository for path='/home/cheyenne/Projects' failed; ex=Failed to execute git {
  "exitCode": 128,
  "gitErrorCode": "NotAGitRepository",
  "gitCommand": "rev-parse",
  "stdout": "",
  "stderr": "fatal: not a git repository (or any of the parent directories): .git\n"
}
> git show --textconv :script.js
> git ls-files --stage -- /home/cheyenne/Projects/counterapp/script.js
> git cat-file -s db29cfa2ed0fcd396625d65bcce696e0c6a78f16
Opening repository for path='/home/cheyenne/Projects' failed; ex=Failed to execute git {
  "exitCode": 128,
  "gitErrorCode": "NotAGitRepository",
  "gitCommand": "rev-parse",
  "stdout": "",
  "stderr": "fatal: not a git repository (or any of the parent directories): .git\n"
}
> git show --textconv :script.js
> git ls-files --stage -- /home/cheyenne/Projects/counterapp/script.js
> git cat-file -s db29cfa2ed0fcd396625d65bcce696e0c6a78f16
> git log --format=%H%n%aN%n%aE%n%at%n%ct%n%P%n%B -z -n21 -- /home/cheyenne/Projects/counterapp/script.js
Opening repository for path='/home/cheyenne/Projects' failed; ex=Failed to execute git {
  "exitCode": 128,
  "gitErrorCode": "NotAGitRepository",
  "gitCommand": "rev-parse",
  "stdout": "",
  "stderr": "fatal: not a git repository (or any of the parent directories): .git\n"
}
Opening repository for path='/home/cheyenne/Projects' failed; ex=Failed to execute git {
  "exitCode": 128,
  "gitErrorCode": "NotAGitRepository",
  "gitCommand": "rev-parse",
  "stdout": "",
  "stderr": "fatal: not a git repository (or any of the parent directories): .git\n"
}
Opening repository for path='/home/cheyenne/Projects' failed; ex=Failed to execute git {
  "exitCode": 128,
  "gitErrorCode": "NotAGitRepository",
  "gitCommand": "rev-parse",
  "stdout": "",
  "stderr": "fatal: not a git repository (or any of the parent directories): .git\n"
}
> git ls-tree -l HEAD -- /home/cheyenne/Projects/counterapp/index.html
> git show --textconv HEAD:index.html
> git ls-tree -l HEAD -- /home/cheyenne/Projects/counterapp/index.html
Opening repository for path='/home/cheyenne/Projects' failed; ex=Failed to execute git {
  "exitCode": 128,
  "gitErrorCode": "NotAGitRepository",
  "gitCommand": "rev-parse",
  "stdout": "",
  "stderr": "fatal: not a git repository (or any of the parent directories): .git\n"
}
> git show --textconv :script.js
> git ls-files --stage -- /home/cheyenne/Projects/counterapp/script.js
> git cat-file -s db29cfa2ed0fcd396625d65bcce696e0c6a78f16
Opening repository for path='/home/cheyenne/Projects' failed; ex=Failed to execute git {
  "exitCode": 128,
  "gitErrorCode": "NotAGitRepository",
  "gitCommand": "rev-parse",
  "stdout": "",
  "stderr": "fatal: not a git repository (or any of the parent directories): .git\n"
}
> git show --textconv :.git/.vscode/launch.json
> git ls-files --stage -- /home/cheyenne/Projects/counterapp/.git/.vscode/launch.json
> git check-ignore -v -z --stdin
