[2021-10-12 16:07:25.193] [exthost] [info] extension host started
[2021-10-12 16:07:25.218] [exthost] [info] ExtensionService#_doActivateExtension vscode.microsoft-authentication {"startup":false,"extensionId":{"value":"vscode.microsoft-authentication","_lower":"vscode.microsoft-authentication"},"activationEvent":"onAuthenticationRequest:microsoft"}
[2021-10-12 16:07:25.219] [exthost] [info] ExtensionService#loadCommonJSModule file:///snap/code/75/usr/share/code/resources/app/extensions/microsoft-authentication/dist/extension.js
[2021-10-12 16:07:25.224] [exthost] [info] ExtensionService#_doActivateExtension vscode.debug-auto-launch {"startup":true,"extensionId":{"value":"vscode.debug-auto-launch","_lower":"vscode.debug-auto-launch"},"activationEvent":"*"}
[2021-10-12 16:07:25.224] [exthost] [info] ExtensionService#loadCommonJSModule file:///snap/code/75/usr/share/code/resources/app/extensions/debug-auto-launch/dist/extension
[2021-10-12 16:07:25.225] [exthost] [info] ExtensionService#_doActivateExtension vscode.git {"startup":true,"extensionId":{"value":"vscode.github","_lower":"vscode.github"},"activationEvent":"*"}
[2021-10-12 16:07:25.225] [exthost] [info] ExtensionService#loadCommonJSModule file:///snap/code/75/usr/share/code/resources/app/extensions/git/dist/main
[2021-10-12 16:07:25.270] [exthost] [info] ExtensionService#_doActivateExtension vscode.github {"startup":true,"extensionId":{"value":"vscode.github","_lower":"vscode.github"},"activationEvent":"*"}
[2021-10-12 16:07:25.271] [exthost] [info] ExtensionService#loadCommonJSModule file:///snap/code/75/usr/share/code/resources/app/extensions/github/dist/extension.js
[2021-10-12 16:07:25.276] [exthost] [info] ExtensionService#_doActivateExtension ms-vscode.js-debug {"startup":false,"extensionId":{"value":"ms-vscode.js-debug","_lower":"ms-vscode.js-debug"},"activationEvent":"onCommand:extension.js-debug.clearAutoAttachVariables"}
[2021-10-12 16:07:25.276] [exthost] [info] ExtensionService#loadCommonJSModule file:///snap/code/75/usr/share/code/resources/app/extensions/ms-vscode.js-debug/src/extension.js
[2021-10-12 16:07:25.333] [exthost] [info] eager extensions activated
[2021-10-12 16:07:25.349] [exthost] [info] ExtensionService#_doActivateExtension vscode.github-authentication {"startup":false,"extensionId":{"value":"vscode.github-authentication","_lower":"vscode.github-authentication"},"activationEvent":"onAuthenticationRequest:github"}
[2021-10-12 16:07:25.349] [exthost] [info] ExtensionService#loadCommonJSModule file:///snap/code/75/usr/share/code/resources/app/extensions/github-authentication/dist/extension.js
[2021-10-12 16:07:25.353] [exthost] [info] ExtensionService#_doActivateExtension vscode.emmet {"startup":false,"extensionId":{"value":"vscode.emmet","_lower":"vscode.emmet"},"activationEvent":"onStartupFinished"}
[2021-10-12 16:07:25.353] [exthost] [info] ExtensionService#loadCommonJSModule file:///snap/code/75/usr/share/code/resources/app/extensions/emmet/dist/node/emmetNodeMain
[2021-10-12 16:07:25.356] [exthost] [info] ExtensionService#_doActivateExtension vscode.merge-conflict {"startup":false,"extensionId":{"value":"vscode.merge-conflict","_lower":"vscode.merge-conflict"},"activationEvent":"onStartupFinished"}
[2021-10-12 16:07:25.356] [exthost] [info] ExtensionService#loadCommonJSModule file:///snap/code/75/usr/share/code/resources/app/extensions/merge-conflict/dist/mergeConflictMain
[2021-10-12 16:07:53.068] [exthost] [info] ExtensionService#_doActivateExtension vscode.typescript-language-features {"startup":false,"extensionId":{"value":"vscode.typescript-language-features","_lower":"vscode.typescript-language-features"},"activationEvent":"onLanguage:javascript"}
[2021-10-12 16:07:53.068] [exthost] [info] ExtensionService#loadCommonJSModule file:///snap/code/75/usr/share/code/resources/app/extensions/typescript-language-features/dist/extension
[2021-10-12 16:07:55.710] [exthost] [warning] [Decorations] CAPPING events from decorations provider vscode.git 5000
[2021-10-12 16:10:25.023] [exthost] [info] ExtensionService#_doActivateExtension vscode.html-language-features {"startup":false,"extensionId":{"value":"vscode.html-language-features","_lower":"vscode.html-language-features"},"activationEvent":"onLanguage:html"}
[2021-10-12 16:10:25.023] [exthost] [info] ExtensionService#loadCommonJSModule file:///snap/code/75/usr/share/code/resources/app/extensions/html-language-features/client/dist/node/htmlClientMain
[2021-10-12 16:18:51.802] [exthost] [info] ExtensionService#_doActivateExtension vscode.debug-server-ready {"startup":false,"extensionId":{"value":"vscode.debug-server-ready","_lower":"vscode.debug-server-ready"},"activationEvent":"onDebugResolve"}
[2021-10-12 16:18:51.802] [exthost] [info] ExtensionService#loadCommonJSModule file:///snap/code/75/usr/share/code/resources/app/extensions/debug-server-ready/dist/extension
[2021-10-12 16:20:20.634] [exthost] [info] ExtensionService#_doActivateExtension vscode.css-language-features {"startup":false,"extensionId":{"value":"vscode.css-language-features","_lower":"vscode.css-language-features"},"activationEvent":"onLanguage:css"}
[2021-10-12 16:20:20.634] [exthost] [info] ExtensionService#loadCommonJSModule file:///snap/code/75/usr/share/code/resources/app/extensions/css-language-features/client/dist/node/cssClientMain
[2021-10-12 16:37:45.070] [exthost] [info] ExtensionService#_doActivateExtension vscode.extension-editing {"startup":false,"extensionId":{"value":"vscode.extension-editing","_lower":"vscode.extension-editing"},"activationEvent":"onLanguage:typescript"}
[2021-10-12 16:37:45.070] [exthost] [info] ExtensionService#loadCommonJSModule file:///snap/code/75/usr/share/code/resources/app/extensions/extension-editing/dist/extensionEditingMain
[2021-10-12 16:48:45.486] [exthost] [info] ExtensionService#_doActivateExtension vscode.configuration-editing {"startup":false,"extensionId":{"value":"vscode.configuration-editing","_lower":"vscode.configuration-editing"},"activationEvent":"onLanguage:jsonc"}
[2021-10-12 16:48:45.487] [exthost] [info] ExtensionService#loadCommonJSModule file:///snap/code/75/usr/share/code/resources/app/extensions/configuration-editing/dist/configurationEditingMain
[2021-10-12 16:48:45.492] [exthost] [info] ExtensionService#_doActivateExtension vscode.json-language-features {"startup":false,"extensionId":{"value":"vscode.json-language-features","_lower":"vscode.json-language-features"},"activationEvent":"onLanguage:jsonc"}
[2021-10-12 16:48:45.492] [exthost] [info] ExtensionService#loadCommonJSModule file:///snap/code/75/usr/share/code/resources/app/extensions/json-language-features/client/dist/node/jsonClientMain
