[2021-10-19 14:25:20.221] [exthost] [info] extension host started
[2021-10-19 14:25:20.289] [exthost] [info] ExtensionService#_doActivateExtension vscode.microsoft-authentication, startup: false, activationEvent: 'onAuthenticationRequest:microsoft'
[2021-10-19 14:25:20.289] [exthost] [info] ExtensionService#loadCommonJSModule file:///snap/code/76/usr/share/code/resources/app/extensions/microsoft-authentication/dist/extension.js
[2021-10-19 14:25:20.295] [exthost] [info] ExtensionService#_doActivateExtension vscode.typescript-language-features, startup: false, activationEvent: 'onLanguage:javascript'
[2021-10-19 14:25:20.295] [exthost] [info] ExtensionService#loadCommonJSModule file:///snap/code/76/usr/share/code/resources/app/extensions/typescript-language-features/dist/extension
[2021-10-19 14:25:20.303] [exthost] [info] ExtensionService#_doActivateExtension vscode.debug-auto-launch, startup: true, activationEvent: '*'
[2021-10-19 14:25:20.303] [exthost] [info] ExtensionService#loadCommonJSModule file:///snap/code/76/usr/share/code/resources/app/extensions/debug-auto-launch/dist/extension
[2021-10-19 14:25:20.304] [exthost] [info] ExtensionService#_doActivateExtension vscode.git, startup: true, activationEvent: '*', root cause: vscode.github
[2021-10-19 14:25:20.304] [exthost] [info] ExtensionService#loadCommonJSModule file:///snap/code/76/usr/share/code/resources/app/extensions/git/dist/main
[2021-10-19 14:25:20.461] [exthost] [info] ExtensionService#_doActivateExtension vscode.github, startup: true, activationEvent: '*'
[2021-10-19 14:25:20.461] [exthost] [info] ExtensionService#loadCommonJSModule file:///snap/code/76/usr/share/code/resources/app/extensions/github/dist/extension.js
[2021-10-19 14:25:20.494] [exthost] [info] eager extensions activated
[2021-10-19 14:25:20.502] [exthost] [info] ExtensionService#_doActivateExtension ms-vscode.js-debug, startup: false, activationEvent: 'onCommand:extension.js-debug.clearAutoAttachVariables'
[2021-10-19 14:25:20.502] [exthost] [info] ExtensionService#loadCommonJSModule file:///snap/code/76/usr/share/code/resources/app/extensions/ms-vscode.js-debug/src/extension.js
[2021-10-19 14:25:20.577] [exthost] [info] ExtensionService#_doActivateExtension vscode.emmet, startup: false, activationEvent: 'onStartupFinished'
[2021-10-19 14:25:20.577] [exthost] [info] ExtensionService#loadCommonJSModule file:///snap/code/76/usr/share/code/resources/app/extensions/emmet/dist/node/emmetNodeMain
[2021-10-19 14:25:20.583] [exthost] [info] ExtensionService#_doActivateExtension vscode.merge-conflict, startup: false, activationEvent: 'onStartupFinished'
[2021-10-19 14:25:20.583] [exthost] [info] ExtensionService#loadCommonJSModule file:///snap/code/76/usr/share/code/resources/app/extensions/merge-conflict/dist/mergeConflictMain
[2021-10-19 14:25:20.694] [exthost] [info] ExtensionService#_doActivateExtension vscode.github-authentication, startup: false, activationEvent: 'onAuthenticationRequest:github'
[2021-10-19 14:25:20.694] [exthost] [info] ExtensionService#loadCommonJSModule file:///snap/code/76/usr/share/code/resources/app/extensions/github-authentication/dist/extension.js
[2021-10-19 14:28:16.436] [exthost] [info] ExtensionService#_doActivateExtension vscode.html-language-features, startup: false, activationEvent: 'onLanguage:html'
[2021-10-19 14:28:16.436] [exthost] [info] ExtensionService#loadCommonJSModule file:///snap/code/76/usr/share/code/resources/app/extensions/html-language-features/client/dist/node/htmlClientMain
[2021-10-19 14:28:20.095] [exthost] [info] extension host terminating: renderer closed the socket
[2021-10-19 14:28:21.105] [exthost] [info] exiting with code 0
