[2021-10-21 10:42:05.690] [exthost] [info] extension host started
[2021-10-21 10:42:05.792] [exthost] [info] ExtensionService#_doActivateExtension vscode.microsoft-authentication, startup: false, activationEvent: 'onAuthenticationRequest:microsoft'
[2021-10-21 10:42:05.792] [exthost] [info] ExtensionService#loadCommonJSModule file:///snap/code/78/usr/share/code/resources/app/extensions/microsoft-authentication/dist/extension.js
[2021-10-21 10:42:05.825] [exthost] [info] ExtensionService#_doActivateExtension vscode.css-language-features, startup: false, activationEvent: 'onLanguage:css'
[2021-10-21 10:42:05.825] [exthost] [info] ExtensionService#loadCommonJSModule file:///snap/code/78/usr/share/code/resources/app/extensions/css-language-features/client/dist/node/cssClientMain
[2021-10-21 10:42:05.853] [exthost] [info] ExtensionService#_doActivateExtension vscode.emmet, startup: false, activationEvent: 'onLanguage:css'
[2021-10-21 10:42:05.854] [exthost] [info] ExtensionService#loadCommonJSModule file:///snap/code/78/usr/share/code/resources/app/extensions/emmet/dist/node/emmetNodeMain
[2021-10-21 10:42:05.866] [exthost] [info] ExtensionService#_doActivateExtension vscode.debug-auto-launch, startup: true, activationEvent: '*'
[2021-10-21 10:42:05.867] [exthost] [info] ExtensionService#loadCommonJSModule file:///snap/code/78/usr/share/code/resources/app/extensions/debug-auto-launch/dist/extension
[2021-10-21 10:42:05.869] [exthost] [info] ExtensionService#_doActivateExtension vscode.git, startup: true, activationEvent: '*', root cause: vscode.github
[2021-10-21 10:42:05.869] [exthost] [info] ExtensionService#loadCommonJSModule file:///snap/code/78/usr/share/code/resources/app/extensions/git/dist/main
[2021-10-21 10:42:06.157] [exthost] [info] ExtensionService#_doActivateExtension vscode.github, startup: true, activationEvent: '*'
[2021-10-21 10:42:06.157] [exthost] [info] ExtensionService#loadCommonJSModule file:///snap/code/78/usr/share/code/resources/app/extensions/github/dist/extension.js
[2021-10-21 10:42:06.173] [exthost] [info] eager extensions activated
[2021-10-21 10:42:06.182] [exthost] [info] ExtensionService#_doActivateExtension ms-vscode.js-debug, startup: false, activationEvent: 'onCommand:extension.js-debug.clearAutoAttachVariables'
[2021-10-21 10:42:06.183] [exthost] [info] ExtensionService#loadCommonJSModule file:///snap/code/78/usr/share/code/resources/app/extensions/ms-vscode.js-debug/src/extension.js
[2021-10-21 10:42:06.357] [exthost] [info] ExtensionService#_doActivateExtension vscode.merge-conflict, startup: false, activationEvent: 'onStartupFinished'
[2021-10-21 10:42:06.357] [exthost] [info] ExtensionService#loadCommonJSModule file:///snap/code/78/usr/share/code/resources/app/extensions/merge-conflict/dist/mergeConflictMain
[2021-10-21 10:42:06.570] [exthost] [info] ExtensionService#_doActivateExtension vscode.github-authentication, startup: false, activationEvent: 'onAuthenticationRequest:github'
[2021-10-21 10:42:06.570] [exthost] [info] ExtensionService#loadCommonJSModule file:///snap/code/78/usr/share/code/resources/app/extensions/github-authentication/dist/extension.js
[2021-10-21 10:42:19.569] [exthost] [info] extension host terminating: renderer closed the socket
[2021-10-21 10:42:20.582] [exthost] [info] exiting with code 0
