Validating found git in: git
Using git 2.30.2 from git
> git rev-parse --git-dir
Open repository: /home/cheyenne
> git status -z -u
> git symbolic-ref --short HEAD
> git for-each-ref --format=%(refname)%00%(upstream:short)%00%(objectname)%00%(upstream:track) refs/heads/main refs/remotes/main
> git for-each-ref --sort -committerdate --format %(refname) %(objectname) %(*objectname)
> git remote --verbose
Warning: Failed to watch ref '/home/cheyenne/.git/refs/remotes/origin/main', is most likely packed.
> git config --get commit.template
> git show --textconv :Downloads/--+1.+Template.zip
> git ls-files --stage -- /home/cheyenne/Downloads/--+1.+Template.zip
> git cat-file -s 5bf25daceb208337ed288cf540a8af2d08ea366f
> git check-ignore -v -z --stdin
> git show --textconv :Downloads/--+1.+Template.zip
> git ls-files --stage -- /home/cheyenne/Downloads/--+1.+Template.zip
> git cat-file -s 5bf25daceb208337ed288cf540a8af2d08ea366f
> git check-ignore -v -z --stdin
> git show --textconv :Projects/click_to_copy/index.html
> git ls-files --stage -- /home/cheyenne/Projects/click_to_copy/index.html
> git check-ignore -v -z --stdin
> git show --textconv :Projects/click_to_copy/script.js
> git ls-files --stage -- /home/cheyenne/Projects/click_to_copy/script.js
> git check-ignore -v -z --stdin
> git show --textconv :Projects/click_to_copy/index.html
> git ls-files --stage -- /home/cheyenne/Projects/click_to_copy/index.html
> git status -z -u
> git symbolic-ref --short HEAD
> git for-each-ref --format=%(refname)%00%(upstream:short)%00%(objectname)%00%(upstream:track) refs/heads/main refs/remotes/main
> git for-each-ref --sort -committerdate --format %(refname) %(objectname) %(*objectname)
> git remote --verbose
Warning: Failed to watch ref '/home/cheyenne/.git/refs/remotes/origin/main', is most likely packed.
> git config --get commit.template
> git show --textconv :Projects/click_to_copy/script.js
> git ls-files --stage -- /home/cheyenne/Projects/click_to_copy/script.js
> git show --textconv :Projects/click_to_copy/styles.css
> git ls-files --stage -- /home/cheyenne/Projects/click_to_copy/styles.css
> git check-ignore -v -z --stdin
> git show --textconv :Projects/click_to_copy/index.html
> git ls-files --stage -- /home/cheyenne/Projects/click_to_copy/index.html
> git show --textconv :Projects/click_to_copy/script.js
> git ls-files --stage -- /home/cheyenne/Projects/click_to_copy/script.js
> git status -z -u
> git symbolic-ref --short HEAD
> git for-each-ref --format=%(refname)%00%(upstream:short)%00%(objectname)%00%(upstream:track) refs/heads/main refs/remotes/main
> git for-each-ref --sort -committerdate --format %(refname) %(objectname) %(*objectname)
> git remote --verbose
Warning: Failed to watch ref '/home/cheyenne/.git/refs/remotes/origin/main', is most likely packed.
> git config --get commit.template
> git show --textconv :Projects/click_to_copy/styles.css
> git ls-files --stage -- /home/cheyenne/Projects/click_to_copy/styles.css
> git show --textconv :Projects/click_to_copy/index.html
> git ls-files --stage -- /home/cheyenne/Projects/click_to_copy/index.html
> git status -z -u
> git symbolic-ref --short HEAD
> git for-each-ref --format=%(refname)%00%(upstream:short)%00%(objectname)%00%(upstream:track) refs/heads/main refs/remotes/main
> git for-each-ref --sort -committerdate --format %(refname) %(objectname) %(*objectname)
> git remote --verbose
Warning: Failed to watch ref '/home/cheyenne/.git/refs/remotes/origin/main', is most likely packed.
> git config --get commit.template
> git status -z -u
> git symbolic-ref --short HEAD
> git for-each-ref --format=%(refname)%00%(upstream:short)%00%(objectname)%00%(upstream:track) refs/heads/main refs/remotes/main
> git for-each-ref --sort -committerdate --format %(refname) %(objectname) %(*objectname)
> git remote --verbose
Warning: Failed to watch ref '/home/cheyenne/.git/refs/remotes/origin/main', is most likely packed.
> git config --get commit.template
> git status -z -u
> git symbolic-ref --short HEAD
> git for-each-ref --format=%(refname)%00%(upstream:short)%00%(objectname)%00%(upstream:track) refs/heads/main refs/remotes/main
> git for-each-ref --sort -committerdate --format %(refname) %(objectname) %(*objectname)
> git remote --verbose
Warning: Failed to watch ref '/home/cheyenne/.git/refs/remotes/origin/main', is most likely packed.
> git config --get commit.template
> git show --textconv :Projects/click_to_copy/styles.css
> git ls-files --stage -- /home/cheyenne/Projects/click_to_copy/styles.css
> git show --textconv :Projects/click_to_copy/index.html
> git ls-files --stage -- /home/cheyenne/Projects/click_to_copy/index.html
> git show --textconv :Projects/click_to_copy/styles.css
> git ls-files --stage -- /home/cheyenne/Projects/click_to_copy/styles.css
> git status -z -u
> git symbolic-ref --short HEAD
> git for-each-ref --format=%(refname)%00%(upstream:short)%00%(objectname)%00%(upstream:track) refs/heads/main refs/remotes/main
> git for-each-ref --sort -committerdate --format %(refname) %(objectname) %(*objectname)
> git remote --verbose
Warning: Failed to watch ref '/home/cheyenne/.git/refs/remotes/origin/main', is most likely packed.
> git config --get commit.template
> git status -z -u
> git symbolic-ref --short HEAD
> git for-each-ref --format=%(refname)%00%(upstream:short)%00%(objectname)%00%(upstream:track) refs/heads/main refs/remotes/main
> git for-each-ref --sort -committerdate --format %(refname) %(objectname) %(*objectname)
> git remote --verbose
Warning: Failed to watch ref '/home/cheyenne/.git/refs/remotes/origin/main', is most likely packed.
> git config --get commit.template
> git status -z -u
> git symbolic-ref --short HEAD
> git for-each-ref --format=%(refname)%00%(upstream:short)%00%(objectname)%00%(upstream:track) refs/heads/main refs/remotes/main
> git for-each-ref --sort -committerdate --format %(refname) %(objectname) %(*objectname)
> git remote --verbose
Warning: Failed to watch ref '/home/cheyenne/.git/refs/remotes/origin/main', is most likely packed.
> git config --get commit.template
> git show --textconv :Projects/click_to_copy/index.html
> git ls-files --stage -- /home/cheyenne/Projects/click_to_copy/index.html
> git status -z -u
> git symbolic-ref --short HEAD
> git for-each-ref --format=%(refname)%00%(upstream:short)%00%(objectname)%00%(upstream:track) refs/heads/main refs/remotes/main
> git for-each-ref --sort -committerdate --format %(refname) %(objectname) %(*objectname)
> git remote --verbose
Warning: Failed to watch ref '/home/cheyenne/.git/refs/remotes/origin/main', is most likely packed.
> git config --get commit.template
> git show --textconv :Projects/click_to_copy/styles.css
> git ls-files --stage -- /home/cheyenne/Projects/click_to_copy/styles.css
> git show --textconv :Projects/click_to_copy/script.js
> git ls-files --stage -- /home/cheyenne/Projects/click_to_copy/script.js
> git status -z -u
> git symbolic-ref --short HEAD
> git for-each-ref --format=%(refname)%00%(upstream:short)%00%(objectname)%00%(upstream:track) refs/heads/main refs/remotes/main
> git for-each-ref --sort -committerdate --format %(refname) %(objectname) %(*objectname)
> git remote --verbose
Warning: Failed to watch ref '/home/cheyenne/.git/refs/remotes/origin/main', is most likely packed.
> git config --get commit.template
> git status -z -u
> git symbolic-ref --short HEAD
> git for-each-ref --format=%(refname)%00%(upstream:short)%00%(objectname)%00%(upstream:track) refs/heads/main refs/remotes/main
> git for-each-ref --sort -committerdate --format %(refname) %(objectname) %(*objectname)
> git remote --verbose
Warning: Failed to watch ref '/home/cheyenne/.git/refs/remotes/origin/main', is most likely packed.
> git config --get commit.template
> git show --textconv :Projects/click_to_copy/index.html
> git ls-files --stage -- /home/cheyenne/Projects/click_to_copy/index.html
> git status -z -u
> git symbolic-ref --short HEAD
> git for-each-ref --format=%(refname)%00%(upstream:short)%00%(objectname)%00%(upstream:track) refs/heads/main refs/remotes/main
> git for-each-ref --sort -committerdate --format %(refname) %(objectname) %(*objectname)
> git remote --verbose
Warning: Failed to watch ref '/home/cheyenne/.git/refs/remotes/origin/main', is most likely packed.
> git config --get commit.template
> git show --textconv :Projects/click_to_copy/script.js
> git ls-files --stage -- /home/cheyenne/Projects/click_to_copy/script.js
> git show --textconv :Projects/click_to_copy/index.html
> git ls-files --stage -- /home/cheyenne/Projects/click_to_copy/index.html
> git status -z -u
> git symbolic-ref --short HEAD
> git for-each-ref --format=%(refname)%00%(upstream:short)%00%(objectname)%00%(upstream:track) refs/heads/main refs/remotes/main
> git for-each-ref --sort -committerdate --format %(refname) %(objectname) %(*objectname)
> git remote --verbose
Warning: Failed to watch ref '/home/cheyenne/.git/refs/remotes/origin/main', is most likely packed.
> git config --get commit.template
> git show --textconv :Projects/click_to_copy/script.js
> git ls-files --stage -- /home/cheyenne/Projects/click_to_copy/script.js
> git status -z -u
> git symbolic-ref --short HEAD
> git for-each-ref --format=%(refname)%00%(upstream:short)%00%(objectname)%00%(upstream:track) refs/heads/main refs/remotes/main
> git for-each-ref --sort -committerdate --format %(refname) %(objectname) %(*objectname)
> git remote --verbose
Warning: Failed to watch ref '/home/cheyenne/.git/refs/remotes/origin/main', is most likely packed.
> git config --get commit.template
> git status -z -u
> git symbolic-ref --short HEAD
> git for-each-ref --format=%(refname)%00%(upstream:short)%00%(objectname)%00%(upstream:track) refs/heads/main refs/remotes/main
> git for-each-ref --sort -committerdate --format %(refname) %(objectname) %(*objectname)
> git remote --verbose
Warning: Failed to watch ref '/home/cheyenne/.git/refs/remotes/origin/main', is most likely packed.
> git config --get commit.template
> git status -z -u
> git symbolic-ref --short HEAD
> git for-each-ref --format=%(refname)%00%(upstream:short)%00%(objectname)%00%(upstream:track) refs/heads/main refs/remotes/main
> git for-each-ref --sort -committerdate --format %(refname) %(objectname) %(*objectname)
> git remote --verbose
Warning: Failed to watch ref '/home/cheyenne/.git/refs/remotes/origin/main', is most likely packed.
> git config --get commit.template
> git show --textconv :Projects/click_to_copy/index.html
> git ls-files --stage -- /home/cheyenne/Projects/click_to_copy/index.html
> git status -z -u
> git symbolic-ref --short HEAD
> git for-each-ref --format=%(refname)%00%(upstream:short)%00%(objectname)%00%(upstream:track) refs/heads/main refs/remotes/main
> git for-each-ref --sort -committerdate --format %(refname) %(objectname) %(*objectname)
> git remote --verbose
Warning: Failed to watch ref '/home/cheyenne/.git/refs/remotes/origin/main', is most likely packed.
> git config --get commit.template
> git show --textconv :Projects/click_to_copy/styles.css
> git ls-files --stage -- /home/cheyenne/Projects/click_to_copy/styles.css
> git status -z -u
> git symbolic-ref --short HEAD
> git for-each-ref --format=%(refname)%00%(upstream:short)%00%(objectname)%00%(upstream:track) refs/heads/main refs/remotes/main
> git for-each-ref --sort -committerdate --format %(refname) %(objectname) %(*objectname)
> git remote --verbose
Warning: Failed to watch ref '/home/cheyenne/.git/refs/remotes/origin/main', is most likely packed.
> git config --get commit.template
> git status -z -u
> git ls-files --stage -- /home/cheyenne/Projects/click_to_copy/styles.css
> git cat-file -s aaab8d2b9187afb5a8f3ebbe8479c981ad1038f9
> git show --textconv :Projects/click_to_copy/styles.css
> git symbolic-ref --short HEAD
> git for-each-ref --format=%(refname)%00%(upstream:short)%00%(objectname)%00%(upstream:track) refs/heads/main refs/remotes/main
> git for-each-ref --sort -committerdate --format %(refname) %(objectname) %(*objectname)
> git remote --verbose
> git config --get commit.template
