[2021-10-19 08:22:16.658] [renderer3] [info] Starting extension host with pid 27259.
[2021-10-19 08:22:16.862] [renderer3] [error] [Extension Host] (node:27259) [DEP0005] DeprecationWarning: Buffer() is deprecated due to security and usability issues. Please use the Buffer.alloc(), Buffer.allocUnsafe(), or Buffer.from() methods instead.
(Use `code --trace-deprecation ...` to show where the warning was created)
[2021-10-19 08:34:10.642] [renderer3] [error] Unable to find matching pair for < at char 527: Error: Unable to find matching pair for < at char 527
	at r.error (/snap/code/76/usr/share/code/resources/app/extensions/emmet/dist/node/emmetNodeMain.js:1:22607)
	at f (/snap/code/76/usr/share/code/resources/app/extensions/emmet/dist/node/emmetNodeMain.js:1:21837)
	at u (/snap/code/76/usr/share/code/resources/app/extensions/emmet/dist/node/emmetNodeMain.js:1:14498)
	at l (/snap/code/76/usr/share/code/resources/app/extensions/emmet/dist/node/emmetNodeMain.js:1:14611)
	at /snap/code/76/usr/share/code/resources/app/extensions/emmet/dist/node/emmetNodeMain.js:1:15226
	at h (/snap/code/76/usr/share/code/resources/app/extensions/emmet/dist/node/emmetNodeMain.js:1:15333)
	at S (/snap/code/76/usr/share/code/resources/app/extensions/emmet/dist/node/emmetNodeMain.js:1:16251)
	at j (/snap/code/76/usr/share/code/resources/app/extensions/emmet/dist/node/emmetNodeMain.js:1:16661)
	at t.getRootNode (/snap/code/76/usr/share/code/resources/app/extensions/emmet/dist/node/emmetNodeMain.js:1:192785)
	at t.DefaultCompletionItemProvider.provideCompletionItemsInternal (/snap/code/76/usr/share/code/resources/app/extensions/emmet/dist/node/emmetNodeMain.js:1:178533)
	at t.DefaultCompletionItemProvider.provideCompletionItems (/snap/code/76/usr/share/code/resources/app/extensions/emmet/dist/node/emmetNodeMain.js:1:177404)
	at U.provideCompletionItems (/snap/code/76/usr/share/code/resources/app/out/vs/workbench/services/extensions/node/extensionHostProcess.js:94:180724)
	at /snap/code/76/usr/share/code/resources/app/out/vs/workbench/services/extensions/node/extensionHostProcess.js:94:200950
	at xe._withAdapter (/snap/code/76/usr/share/code/resources/app/out/vs/workbench/services/extensions/node/extensionHostProcess.js:94:191024)
	at xe.$provideCompletionItems (/snap/code/76/usr/share/code/resources/app/out/vs/workbench/services/extensions/node/extensionHostProcess.js:94:200926)
	at i._doInvokeHandler (/snap/code/76/usr/share/code/resources/app/out/vs/workbench/services/extensions/node/extensionHostProcess.js:98:13802)
	at i._invokeHandler (/snap/code/76/usr/share/code/resources/app/out/vs/workbench/services/extensions/node/extensionHostProcess.js:98:13486)
	at i._receiveRequest (/snap/code/76/usr/share/code/resources/app/out/vs/workbench/services/extensions/node/extensionHostProcess.js:98:12097)
	at i._receiveOneMessage (/snap/code/76/usr/share/code/resources/app/out/vs/workbench/services/extensions/node/extensionHostProcess.js:98:10826)
	at /snap/code/76/usr/share/code/resources/app/out/vs/workbench/services/extensions/node/extensionHostProcess.js:98:8922
	at a.fire (/snap/code/76/usr/share/code/resources/app/out/vs/workbench/services/extensions/node/extensionHostProcess.js:66:1712)
	at l.fire (/snap/code/76/usr/share/code/resources/app/out/vs/workbench/services/extensions/node/extensionHostProcess.js:74:15990)
	at /snap/code/76/usr/share/code/resources/app/out/vs/workbench/services/extensions/node/extensionHostProcess.js:113:30514
	at a.fire (/snap/code/76/usr/share/code/resources/app/out/vs/workbench/services/extensions/node/extensionHostProcess.js:66:1712)
	at l.fire (/snap/code/76/usr/share/code/resources/app/out/vs/workbench/services/extensions/node/extensionHostProcess.js:74:15990)
	at u._receiveMessage (/snap/code/76/usr/share/code/resources/app/out/vs/workbench/services/extensions/node/extensionHostProcess.js:74:21260)
	at /snap/code/76/usr/share/code/resources/app/out/vs/workbench/services/extensions/node/extensionHostProcess.js:74:18138
	at a.fire (/snap/code/76/usr/share/code/resources/app/out/vs/workbench/services/extensions/node/extensionHostProcess.js:66:1712)
	at v.acceptChunk (/snap/code/76/usr/share/code/resources/app/out/vs/workbench/services/extensions/node/extensionHostProcess.js:74:13351)
	at /snap/code/76/usr/share/code/resources/app/out/vs/workbench/services/extensions/node/extensionHostProcess.js:74:12699
	at Socket.w (/snap/code/76/usr/share/code/resources/app/out/vs/workbench/services/extensions/node/extensionHostProcess.js:113:13465)
	at Socket.emit (events.js:315:20)
	at addChunk (internal/streams/readable.js:309:12)
	at readableAddChunk (internal/streams/readable.js:284:9)
	at Socket.Readable.push (internal/streams/readable.js:223:10)
	at Pipe.onStreamRead (internal/stream_base_commons.js:188:23)
[2021-10-19 08:34:11.681] [renderer3] [error] Unable to find matching pair for < at char 527: Error: Unable to find matching pair for < at char 527
	at r.error (/snap/code/76/usr/share/code/resources/app/extensions/emmet/dist/node/emmetNodeMain.js:1:22607)
	at f (/snap/code/76/usr/share/code/resources/app/extensions/emmet/dist/node/emmetNodeMain.js:1:21837)
	at u (/snap/code/76/usr/share/code/resources/app/extensions/emmet/dist/node/emmetNodeMain.js:1:14498)
	at l (/snap/code/76/usr/share/code/resources/app/extensions/emmet/dist/node/emmetNodeMain.js:1:14611)
	at /snap/code/76/usr/share/code/resources/app/extensions/emmet/dist/node/emmetNodeMain.js:1:15226
	at h (/snap/code/76/usr/share/code/resources/app/extensions/emmet/dist/node/emmetNodeMain.js:1:15333)
	at S (/snap/code/76/usr/share/code/resources/app/extensions/emmet/dist/node/emmetNodeMain.js:1:16251)
	at j (/snap/code/76/usr/share/code/resources/app/extensions/emmet/dist/node/emmetNodeMain.js:1:16661)
	at t.getRootNode (/snap/code/76/usr/share/code/resources/app/extensions/emmet/dist/node/emmetNodeMain.js:1:192785)
	at t.DefaultCompletionItemProvider.provideCompletionItemsInternal (/snap/code/76/usr/share/code/resources/app/extensions/emmet/dist/node/emmetNodeMain.js:1:178533)
	at t.DefaultCompletionItemProvider.provideCompletionItems (/snap/code/76/usr/share/code/resources/app/extensions/emmet/dist/node/emmetNodeMain.js:1:177404)
	at U.provideCompletionItems (/snap/code/76/usr/share/code/resources/app/out/vs/workbench/services/extensions/node/extensionHostProcess.js:94:180724)
	at /snap/code/76/usr/share/code/resources/app/out/vs/workbench/services/extensions/node/extensionHostProcess.js:94:200950
	at xe._withAdapter (/snap/code/76/usr/share/code/resources/app/out/vs/workbench/services/extensions/node/extensionHostProcess.js:94:191024)
	at xe.$provideCompletionItems (/snap/code/76/usr/share/code/resources/app/out/vs/workbench/services/extensions/node/extensionHostProcess.js:94:200926)
	at i._doInvokeHandler (/snap/code/76/usr/share/code/resources/app/out/vs/workbench/services/extensions/node/extensionHostProcess.js:98:13802)
	at i._invokeHandler (/snap/code/76/usr/share/code/resources/app/out/vs/workbench/services/extensions/node/extensionHostProcess.js:98:13486)
	at i._receiveRequest (/snap/code/76/usr/share/code/resources/app/out/vs/workbench/services/extensions/node/extensionHostProcess.js:98:12097)
	at i._receiveOneMessage (/snap/code/76/usr/share/code/resources/app/out/vs/workbench/services/extensions/node/extensionHostProcess.js:98:10826)
	at /snap/code/76/usr/share/code/resources/app/out/vs/workbench/services/extensions/node/extensionHostProcess.js:98:8922
	at a.fire (/snap/code/76/usr/share/code/resources/app/out/vs/workbench/services/extensions/node/extensionHostProcess.js:66:1712)
	at l.fire (/snap/code/76/usr/share/code/resources/app/out/vs/workbench/services/extensions/node/extensionHostProcess.js:74:15990)
	at /snap/code/76/usr/share/code/resources/app/out/vs/workbench/services/extensions/node/extensionHostProcess.js:113:30514
	at a.fire (/snap/code/76/usr/share/code/resources/app/out/vs/workbench/services/extensions/node/extensionHostProcess.js:66:1712)
	at l.fire (/snap/code/76/usr/share/code/resources/app/out/vs/workbench/services/extensions/node/extensionHostProcess.js:74:15990)
	at u._receiveMessage (/snap/code/76/usr/share/code/resources/app/out/vs/workbench/services/extensions/node/extensionHostProcess.js:74:21260)
	at /snap/code/76/usr/share/code/resources/app/out/vs/workbench/services/extensions/node/extensionHostProcess.js:74:18138
	at a.fire (/snap/code/76/usr/share/code/resources/app/out/vs/workbench/services/extensions/node/extensionHostProcess.js:66:1712)
	at v.acceptChunk (/snap/code/76/usr/share/code/resources/app/out/vs/workbench/services/extensions/node/extensionHostProcess.js:74:13351)
	at /snap/code/76/usr/share/code/resources/app/out/vs/workbench/services/extensions/node/extensionHostProcess.js:74:12699
	at Socket.w (/snap/code/76/usr/share/code/resources/app/out/vs/workbench/services/extensions/node/extensionHostProcess.js:113:13465)
	at Socket.emit (events.js:315:20)
	at addChunk (internal/streams/readable.js:309:12)
	at readableAddChunk (internal/streams/readable.js:284:9)
	at Socket.Readable.push (internal/streams/readable.js:223:10)
	at Pipe.onStreamRead (internal/stream_base_commons.js:188:23)
[2021-10-19 08:34:31.804] [renderer3] [error] Unable to find matching pair for < at char 534: Error: Unable to find matching pair for < at char 534
	at r.error (/snap/code/76/usr/share/code/resources/app/extensions/emmet/dist/node/emmetNodeMain.js:1:22607)
	at f (/snap/code/76/usr/share/code/resources/app/extensions/emmet/dist/node/emmetNodeMain.js:1:21837)
	at u (/snap/code/76/usr/share/code/resources/app/extensions/emmet/dist/node/emmetNodeMain.js:1:14498)
	at l (/snap/code/76/usr/share/code/resources/app/extensions/emmet/dist/node/emmetNodeMain.js:1:14611)
	at /snap/code/76/usr/share/code/resources/app/extensions/emmet/dist/node/emmetNodeMain.js:1:15226
	at h (/snap/code/76/usr/share/code/resources/app/extensions/emmet/dist/node/emmetNodeMain.js:1:15333)
	at S (/snap/code/76/usr/share/code/resources/app/extensions/emmet/dist/node/emmetNodeMain.js:1:16251)
	at j (/snap/code/76/usr/share/code/resources/app/extensions/emmet/dist/node/emmetNodeMain.js:1:16661)
	at t.getRootNode (/snap/code/76/usr/share/code/resources/app/extensions/emmet/dist/node/emmetNodeMain.js:1:192785)
	at t.DefaultCompletionItemProvider.provideCompletionItemsInternal (/snap/code/76/usr/share/code/resources/app/extensions/emmet/dist/node/emmetNodeMain.js:1:178533)
	at t.DefaultCompletionItemProvider.provideCompletionItems (/snap/code/76/usr/share/code/resources/app/extensions/emmet/dist/node/emmetNodeMain.js:1:177404)
	at U.provideCompletionItems (/snap/code/76/usr/share/code/resources/app/out/vs/workbench/services/extensions/node/extensionHostProcess.js:94:180724)
	at /snap/code/76/usr/share/code/resources/app/out/vs/workbench/services/extensions/node/extensionHostProcess.js:94:200950
	at xe._withAdapter (/snap/code/76/usr/share/code/resources/app/out/vs/workbench/services/extensions/node/extensionHostProcess.js:94:191024)
	at xe.$provideCompletionItems (/snap/code/76/usr/share/code/resources/app/out/vs/workbench/services/extensions/node/extensionHostProcess.js:94:200926)
	at i._doInvokeHandler (/snap/code/76/usr/share/code/resources/app/out/vs/workbench/services/extensions/node/extensionHostProcess.js:98:13802)
	at i._invokeHandler (/snap/code/76/usr/share/code/resources/app/out/vs/workbench/services/extensions/node/extensionHostProcess.js:98:13486)
	at i._receiveRequest (/snap/code/76/usr/share/code/resources/app/out/vs/workbench/services/extensions/node/extensionHostProcess.js:98:12097)
	at i._receiveOneMessage (/snap/code/76/usr/share/code/resources/app/out/vs/workbench/services/extensions/node/extensionHostProcess.js:98:10826)
	at /snap/code/76/usr/share/code/resources/app/out/vs/workbench/services/extensions/node/extensionHostProcess.js:98:8922
	at a.fire (/snap/code/76/usr/share/code/resources/app/out/vs/workbench/services/extensions/node/extensionHostProcess.js:66:1712)
	at l.fire (/snap/code/76/usr/share/code/resources/app/out/vs/workbench/services/extensions/node/extensionHostProcess.js:74:15990)
	at /snap/code/76/usr/share/code/resources/app/out/vs/workbench/services/extensions/node/extensionHostProcess.js:113:30514
	at a.fire (/snap/code/76/usr/share/code/resources/app/out/vs/workbench/services/extensions/node/extensionHostProcess.js:66:1712)
	at l.fire (/snap/code/76/usr/share/code/resources/app/out/vs/workbench/services/extensions/node/extensionHostProcess.js:74:15990)
	at u._receiveMessage (/snap/code/76/usr/share/code/resources/app/out/vs/workbench/services/extensions/node/extensionHostProcess.js:74:21260)
	at /snap/code/76/usr/share/code/resources/app/out/vs/workbench/services/extensions/node/extensionHostProcess.js:74:18138
	at a.fire (/snap/code/76/usr/share/code/resources/app/out/vs/workbench/services/extensions/node/extensionHostProcess.js:66:1712)
	at v.acceptChunk (/snap/code/76/usr/share/code/resources/app/out/vs/workbench/services/extensions/node/extensionHostProcess.js:74:13351)
	at /snap/code/76/usr/share/code/resources/app/out/vs/workbench/services/extensions/node/extensionHostProcess.js:74:12699
	at Socket.w (/snap/code/76/usr/share/code/resources/app/out/vs/workbench/services/extensions/node/extensionHostProcess.js:113:13465)
	at Socket.emit (events.js:315:20)
	at addChunk (internal/streams/readable.js:309:12)
	at readableAddChunk (internal/streams/readable.js:284:9)
	at Socket.Readable.push (internal/streams/readable.js:223:10)
	at Pipe.onStreamRead (internal/stream_base_commons.js:188:23)
