Validating found git in: git
Using git 2.30.2 from git
> git rev-parse --git-dir
Open repository: /home/cheyenne
> git status -z -u
> git symbolic-ref --short HEAD
> git for-each-ref --format=%(refname)%00%(upstream:short)%00%(objectname)%00%(upstream:track) refs/heads/main refs/remotes/main
> git for-each-ref --sort -committerdate --format %(refname) %(objectname) %(*objectname)
> git remote --verbose
> git config --get commit.template
> git check-ignore -v -z --stdin
> git show --textconv :Projects/list_search/style.css
> git ls-files --stage -- /home/cheyenne/Projects/list_search/style.css
> git show --textconv :Projects/list_search/script.js
> git ls-files --stage -- /home/cheyenne/Projects/list_search/script.js
> git show --textconv :Projects/list_search/index.html
> git ls-files --stage -- /home/cheyenne/Projects/list_search/index.html
> git show --textconv :Projects/list_search/embed.html
> git ls-files --stage -- /home/cheyenne/Projects/list_search/embed.html
> git show --textconv :Projects/list_search/index.html
> git ls-files --stage -- /home/cheyenne/Projects/list_search/index.html
> git show --textconv :Projects/list_search/script.js
> git ls-files --stage -- /home/cheyenne/Projects/list_search/script.js
> git check-ignore -v -z --stdin
> git show --textconv :Projects/list_search/script.js
> git ls-files --stage -- /home/cheyenne/Projects/list_search/script.js
> git status -z -u
> git symbolic-ref --short HEAD
> git for-each-ref --format=%(refname)%00%(upstream:short)%00%(objectname)%00%(upstream:track) refs/heads/main refs/remotes/main
> git for-each-ref --sort -committerdate --format %(refname) %(objectname) %(*objectname)
> git remote --verbose
> git config --get commit.template
> git show --textconv :Projects/list_search/style.css
> git ls-files --stage -- /home/cheyenne/Projects/list_search/style.css
> git show --textconv :Projects/list_search/index.html
> git ls-files --stage -- /home/cheyenne/Projects/list_search/index.html
> git status -z -u
> git symbolic-ref --short HEAD
> git for-each-ref --format=%(refname)%00%(upstream:short)%00%(objectname)%00%(upstream:track) refs/heads/main refs/remotes/main
> git for-each-ref --sort -committerdate --format %(refname) %(objectname) %(*objectname)
> git remote --verbose
> git config --get commit.template
> git show --textconv :Projects/list_search/embed.html
> git ls-files --stage -- /home/cheyenne/Projects/list_search/embed.html
> git status -z -u
> git symbolic-ref --short HEAD
> git for-each-ref --format=%(refname)%00%(upstream:short)%00%(objectname)%00%(upstream:track) refs/heads/main refs/remotes/main
> git for-each-ref --sort -committerdate --format %(refname) %(objectname) %(*objectname)
> git remote --verbose
> git config --get commit.template
> git status -z -u
> git ls-files --stage -- /home/cheyenne/Projects/list_search/embed.html
> git cat-file -s 397f6e8d1e7e0782a5d6f9f37330d7d333cea0d0
> git show --textconv :Projects/list_search/embed.html
> git symbolic-ref --short HEAD
> git for-each-ref --format=%(refname)%00%(upstream:short)%00%(objectname)%00%(upstream:track) refs/heads/main refs/remotes/main
> git for-each-ref --sort -committerdate --format %(refname) %(objectname) %(*objectname)
> git remote --verbose
> git config --get commit.template
