[2021-10-06 14:04:38.099] [renderer1] [error] TreeError [CallStackView] Data tree node not found: [object Object]: Error: TreeError [CallStackView] Data tree node not found: [object Object]
    at Z.getDataNode (vscode-file://vscode-app/snap/code/75/usr/share/code/resources/app/out/vs/workbench/workbench.desktop.main.js:185:19819)
    at Z.rerender (vscode-file://vscode-app/snap/code/75/usr/share/code/resources/app/out/vs/workbench/workbench.desktop.main.js:185:17321)
    at vscode-file://vscode-app/snap/code/75/usr/share/code/resources/app/out/vs/workbench/workbench.desktop.main.js:1981:23173
    at l.fire (vscode-file://vscode-app/snap/code/75/usr/share/code/resources/app/out/vs/workbench/workbench.desktop.main.js:69:1712)
    at O.setName (vscode-file://vscode-app/snap/code/75/usr/share/code/resources/app/out/vs/workbench/workbench.desktop.main.js:1943:37389)
    at g.$setDebugSessionName (vscode-file://vscode-app/snap/code/75/usr/share/code/resources/app/out/vs/workbench/workbench.desktop.main.js:1493:7362)
    at u._doInvokeHandler (vscode-file://vscode-app/snap/code/75/usr/share/code/resources/app/out/vs/workbench/workbench.desktop.main.js:1502:12737)
    at u._invokeHandler (vscode-file://vscode-app/snap/code/75/usr/share/code/resources/app/out/vs/workbench/workbench.desktop.main.js:1502:12421)
    at u._receiveRequest (vscode-file://vscode-app/snap/code/75/usr/share/code/resources/app/out/vs/workbench/workbench.desktop.main.js:1502:11083)
    at u._receiveOneMessage (vscode-file://vscode-app/snap/code/75/usr/share/code/resources/app/out/vs/workbench/workbench.desktop.main.js:1502:9761)
    at vscode-file://vscode-app/snap/code/75/usr/share/code/resources/app/out/vs/workbench/workbench.desktop.main.js:1502:7857
    at l.fire (vscode-file://vscode-app/snap/code/75/usr/share/code/resources/app/out/vs/workbench/workbench.desktop.main.js:69:1712)
    at r.fire (vscode-file://vscode-app/snap/code/75/usr/share/code/resources/app/out/vs/workbench/workbench.desktop.main.js:85:16477)
    at f._receiveMessage (vscode-file://vscode-app/snap/code/75/usr/share/code/resources/app/out/vs/workbench/workbench.desktop.main.js:85:21747)
    at vscode-file://vscode-app/snap/code/75/usr/share/code/resources/app/out/vs/workbench/workbench.desktop.main.js:85:18625
    at l.fire (vscode-file://vscode-app/snap/code/75/usr/share/code/resources/app/out/vs/workbench/workbench.desktop.main.js:69:1712)
    at b.acceptChunk (vscode-file://vscode-app/snap/code/75/usr/share/code/resources/app/out/vs/workbench/workbench.desktop.main.js:85:13838)
    at vscode-file://vscode-app/snap/code/75/usr/share/code/resources/app/out/vs/workbench/workbench.desktop.main.js:85:13186
    at Socket.k (vscode-file://vscode-app/snap/code/75/usr/share/code/resources/app/out/vs/workbench/workbench.desktop.main.js:2872:164165)
    at Socket.emit (events.js:315:20)
    at addChunk (internal/streams/readable.js:309:12)
    at readableAddChunk (internal/streams/readable.js:284:9)
    at Socket.Readable.push (internal/streams/readable.js:223:10)
    at Pipe.onStreamRead (internal/stream_base_commons.js:188:23)
[2021-10-06 14:04:39.116] [renderer1] [error] TreeError [CallStackView] Data tree node not found: [object Object]: Error: TreeError [CallStackView] Data tree node not found: [object Object]
    at Z.getDataNode (vscode-file://vscode-app/snap/code/75/usr/share/code/resources/app/out/vs/workbench/workbench.desktop.main.js:185:19819)
    at Z.rerender (vscode-file://vscode-app/snap/code/75/usr/share/code/resources/app/out/vs/workbench/workbench.desktop.main.js:185:17321)
    at vscode-file://vscode-app/snap/code/75/usr/share/code/resources/app/out/vs/workbench/workbench.desktop.main.js:1981:23173
    at l.fire (vscode-file://vscode-app/snap/code/75/usr/share/code/resources/app/out/vs/workbench/workbench.desktop.main.js:69:1712)
    at O.setName (vscode-file://vscode-app/snap/code/75/usr/share/code/resources/app/out/vs/workbench/workbench.desktop.main.js:1943:37389)
    at g.$setDebugSessionName (vscode-file://vscode-app/snap/code/75/usr/share/code/resources/app/out/vs/workbench/workbench.desktop.main.js:1493:7362)
    at u._doInvokeHandler (vscode-file://vscode-app/snap/code/75/usr/share/code/resources/app/out/vs/workbench/workbench.desktop.main.js:1502:12737)
    at u._invokeHandler (vscode-file://vscode-app/snap/code/75/usr/share/code/resources/app/out/vs/workbench/workbench.desktop.main.js:1502:12421)
    at u._receiveRequest (vscode-file://vscode-app/snap/code/75/usr/share/code/resources/app/out/vs/workbench/workbench.desktop.main.js:1502:11083)
    at u._receiveOneMessage (vscode-file://vscode-app/snap/code/75/usr/share/code/resources/app/out/vs/workbench/workbench.desktop.main.js:1502:9761)
    at vscode-file://vscode-app/snap/code/75/usr/share/code/resources/app/out/vs/workbench/workbench.desktop.main.js:1502:7857
    at l.fire (vscode-file://vscode-app/snap/code/75/usr/share/code/resources/app/out/vs/workbench/workbench.desktop.main.js:69:1712)
    at r.fire (vscode-file://vscode-app/snap/code/75/usr/share/code/resources/app/out/vs/workbench/workbench.desktop.main.js:85:16477)
    at f._receiveMessage (vscode-file://vscode-app/snap/code/75/usr/share/code/resources/app/out/vs/workbench/workbench.desktop.main.js:85:21747)
    at vscode-file://vscode-app/snap/code/75/usr/share/code/resources/app/out/vs/workbench/workbench.desktop.main.js:85:18625
    at l.fire (vscode-file://vscode-app/snap/code/75/usr/share/code/resources/app/out/vs/workbench/workbench.desktop.main.js:69:1712)
    at b.acceptChunk (vscode-file://vscode-app/snap/code/75/usr/share/code/resources/app/out/vs/workbench/workbench.desktop.main.js:85:13838)
    at vscode-file://vscode-app/snap/code/75/usr/share/code/resources/app/out/vs/workbench/workbench.desktop.main.js:85:13186
    at Socket.k (vscode-file://vscode-app/snap/code/75/usr/share/code/resources/app/out/vs/workbench/workbench.desktop.main.js:2872:164165)
    at Socket.emit (events.js:315:20)
    at addChunk (internal/streams/readable.js:309:12)
    at readableAddChunk (internal/streams/readable.js:284:9)
    at Socket.Readable.push (internal/streams/readable.js:223:10)
    at Pipe.onStreamRead (internal/stream_base_commons.js:188:23)
