Validating found git in: git
Using git 2.30.2 from git
Opening repository for path='/home/cheyenne/Projects/counterapp/.git' failed; ex=Failed to execute git {
  "exitCode": 128,
  "gitCommand": "rev-parse",
  "stdout": "",
  "stderr": "fatal: this operation must be run in a work tree\n"
}
> git rev-parse --git-dir
Open repository: /home/cheyenne/Projects/counterapp
> git status -z -u
> git symbolic-ref --short HEAD
> git for-each-ref --format=%(refname)%00%(upstream:short)%00%(objectname)%00%(upstream:track) refs/heads/main refs/remotes/main
> git for-each-ref --sort -committerdate --format %(refname) %(objectname) %(*objectname)
> git remote --verbose
> git config --get commit.template
> git show --textconv :index.html
> git ls-files --stage -- /home/cheyenne/Projects/counterapp/index.html
> git cat-file -s 86684255146cbbbf51055426b5828dfaaa6cd87e
> git check-ignore -v -z --stdin
> git show --textconv :script.js
> git ls-files --stage -- /home/cheyenne/Projects/counterapp/script.js
> git cat-file -s db29cfa2ed0fcd396625d65bcce696e0c6a78f16
> git show --textconv :index.html
> git ls-files --stage -- /home/cheyenne/Projects/counterapp/index.html
> git cat-file -s 86684255146cbbbf51055426b5828dfaaa6cd87e
> git show --textconv :script.js
> git ls-files --stage -- /home/cheyenne/Projects/counterapp/script.js
> git cat-file -s db29cfa2ed0fcd396625d65bcce696e0c6a78f16
> git show --textconv HEAD:index.html
> git ls-tree -l HEAD -- /home/cheyenne/Projects/counterapp/index.html
> git ls-tree -l HEAD -- /home/cheyenne/Projects/counterapp/index.html
> git ls-tree -l HEAD -- /home/cheyenne/Projects/counterapp/index.html
> git status -z -u
> git symbolic-ref --short HEAD
> git for-each-ref --format=%(refname)%00%(upstream:short)%00%(objectname)%00%(upstream:track) refs/heads/main refs/remotes/main
> git for-each-ref --sort -committerdate --format %(refname) %(objectname) %(*objectname)
> git remote --verbose
> git config --get commit.template
> git ls-tree -l HEAD -- /home/cheyenne/Projects/counterapp/index.html
> git show --textconv :index.html
> git ls-files --stage -- /home/cheyenne/Projects/counterapp/index.html
> git cat-file -s 86684255146cbbbf51055426b5828dfaaa6cd87e
> git show --textconv :script.js
> git ls-files --stage -- /home/cheyenne/Projects/counterapp/script.js
> git cat-file -s db29cfa2ed0fcd396625d65bcce696e0c6a78f16
> git show --textconv :index.html
> git ls-files --stage -- /home/cheyenne/Projects/counterapp/index.html
> git cat-file -s 86684255146cbbbf51055426b5828dfaaa6cd87e
> git check-ignore -v -z --stdin
> git log --format=%H%n%aN%n%aE%n%at%n%ct%n%P%n%B -z -n21 -- /home/cheyenne/Projects/counterapp/index.html
Opening repository for path='/home/cheyenne/Projects' failed; ex=Failed to execute git {
  "exitCode": 128,
  "gitErrorCode": "NotAGitRepository",
  "gitCommand": "rev-parse",
  "stdout": "",
  "stderr": "fatal: not a git repository (or any of the parent directories): .git\n"
}
